Using pre-set license
Built from '2022.3/staging' branch; Version is '2022.3.45f1 (a13dfa44d684) revision 10567162'; Using compiler version '192829333'; Build Type 'Release'
OS: 'Windows 10  (10.0.19045) 64bit Professional' Language: 'ca' Physical Memory: 32505 MB
BatchMode: 1, IsHumanControllingUs: 0, StartBugReporterOnCrash: 0, Is64bit: 1, IsPro: 1

COMMAND LINE ARGUMENTS:
C:\Program Files\Unity\Hub\Editor\2022.3.45f1\Editor\Unity.exe
-adb2
-batchMode
-noUpm
-name
AssetImportWorker5
-projectPath
D:/digitalitzacion/Projecte MegaMan
-logFile
Logs/AssetImportWorker5.log
-srvPort
52002
Successfully changed project path to: D:/digitalitzacion/Projecte MegaMan
D:/digitalitzacion/Projecte MegaMan
[UnityMemory] Configuration Parameters - Can be set up in boot.config
    "memorysetup-bucket-allocator-granularity=16"
    "memorysetup-bucket-allocator-bucket-count=8"
    "memorysetup-bucket-allocator-block-size=33554432"
    "memorysetup-bucket-allocator-block-count=8"
    "memorysetup-main-allocator-block-size=16777216"
    "memorysetup-thread-allocator-block-size=16777216"
    "memorysetup-gfx-main-allocator-block-size=16777216"
    "memorysetup-gfx-thread-allocator-block-size=16777216"
    "memorysetup-cache-allocator-block-size=4194304"
    "memorysetup-typetree-allocator-block-size=2097152"
    "memorysetup-profiler-bucket-allocator-granularity=16"
    "memorysetup-profiler-bucket-allocator-bucket-count=8"
    "memorysetup-profiler-bucket-allocator-block-size=33554432"
    "memorysetup-profiler-bucket-allocator-block-count=8"
    "memorysetup-profiler-allocator-block-size=16777216"
    "memorysetup-profiler-editor-allocator-block-size=1048576"
    "memorysetup-temp-allocator-size-main=16777216"
    "memorysetup-job-temp-allocator-block-size=2097152"
    "memorysetup-job-temp-allocator-block-size-background=1048576"
    "memorysetup-job-temp-allocator-reduction-small-platforms=262144"
    "memorysetup-allocator-temp-initial-block-size-main=262144"
    "memorysetup-allocator-temp-initial-block-size-worker=262144"
    "memorysetup-temp-allocator-size-background-worker=32768"
    "memorysetup-temp-allocator-size-job-worker=262144"
    "memorysetup-temp-allocator-size-preload-manager=33554432"
    "memorysetup-temp-allocator-size-nav-mesh-worker=65536"
    "memorysetup-temp-allocator-size-audio-worker=65536"
    "memorysetup-temp-allocator-size-cloud-worker=32768"
    "memorysetup-temp-allocator-size-gi-baking-worker=262144"
    "memorysetup-temp-allocator-size-gfx=262144"
Player connection [18648]  Target information:

Player connection [18648]  * "[IP] 192.168.56.1 [Port] 0 [Flags] 2 [Guid] 513837835 [EditorId] 513837835 [Version] 1048832 [Id] WindowsEditor(7,DEPT-A1) [Debug] 1 [PackageName] WindowsEditor [ProjectName] Editor" 

Player connection [18648]  * "[IP] 192.168.202.113 [Port] 0 [Flags] 2 [Guid] 513837835 [EditorId] 513837835 [Version] 1048832 [Id] WindowsEditor(7,DEPT-A1) [Debug] 1 [PackageName] WindowsEditor [ProjectName] Editor" 

Player connection [18648] Host joined multi-casting on [225.0.0.222:54997]...
Player connection [18648] Host joined alternative multi-casting on [225.0.0.222:34997]...
[PhysX] Initialized MultithreadedTaskDispatcher with 16 workers.
Refreshing native plugins compatible for Editor in 19.19 ms, found 5 plugins.
Preloading 0 native plugins for Editor in 0.00 ms.
Initialize engine version: 2022.3.45f1 (a13dfa44d684)
[Subsystems] Discovering subsystems at path C:/Program Files/Unity/Hub/Editor/2022.3.45f1/Editor/Data/Resources/UnitySubsystems
[Subsystems] Discovering subsystems at path D:/digitalitzacion/Projecte MegaMan/Assets
GfxDevice: creating device client; threaded=0; jobified=0
Direct3D:
    Version:  Direct3D 11.0 [level 11.1]
    Renderer: AMD Radeon Pro W5500 (ID=0x7341)
    Vendor:   ATI
    VRAM:     8151 MB
    Driver:   32.0.21010.10
Initialize mono
Mono path[0] = 'C:/Program Files/Unity/Hub/Editor/2022.3.45f1/Editor/Data/Managed'
Mono path[1] = 'C:/Program Files/Unity/Hub/Editor/2022.3.45f1/Editor/Data/MonoBleedingEdge/lib/mono/unityjit-win32'
Mono config path = 'C:/Program Files/Unity/Hub/Editor/2022.3.45f1/Editor/Data/MonoBleedingEdge/etc'
Using monoOptions --debugger-agent=transport=dt_socket,embedding=1,server=y,suspend=n,address=127.0.0.1:56428
Begin MonoManager ReloadAssembly
Registering precompiled unity dll's ...
Register platform support module: C:/Program Files/Unity/Hub/Editor/2022.3.45f1/Editor/Data/PlaybackEngines/WebGLSupport/UnityEditor.WebGL.Extensions.dll
Register platform support module: C:/Program Files/Unity/Hub/Editor/2022.3.45f1/Editor/Data/PlaybackEngines/AndroidPlayer/UnityEditor.Android.Extensions.dll
Register platform support module: C:/Program Files/Unity/Hub/Editor/2022.3.45f1/Editor/Data/PlaybackEngines/iOSSupport/UnityEditor.iOS.Extensions.dll
Register platform support module: C:/Program Files/Unity/Hub/Editor/2022.3.45f1/Editor/Data/PlaybackEngines/WindowsStandaloneSupport/UnityEditor.WindowsStandalone.Extensions.dll
Register platform support module: C:/Program Files/Unity/Hub/Editor/2022.3.45f1/Editor/Data/PlaybackEngines/MetroSupport/UnityEditor.UWP.Extensions.dll
Registered in 0.014182 seconds.
- Loaded All Assemblies, in  0.380 seconds
Native extension for UWP target not found
Native extension for WindowsStandalone target not found
[usbmuxd] Start listen thread
[usbmuxd] Listen thread started
Native extension for iOS target not found
Native extension for Android target not found
Android Extension - Scanning For ADB Devices 260 ms
Native extension for WebGL target not found
Mono: successfully reloaded assembly
- Finished resetting the current domain, in  0.571 seconds
Domain Reload Profiling: 949ms
	BeginReloadAssembly (110ms)
		ExecutionOrderSort (0ms)
		DisableScriptedObjects (0ms)
		BackupInstance (0ms)
		ReleaseScriptingObjects (0ms)
		CreateAndSetChildDomain (1ms)
	RebuildCommonClasses (35ms)
	RebuildNativeTypeToScriptingClass (10ms)
	initialDomainReloadingComplete (64ms)
	LoadAllAssembliesAndSetupDomain (159ms)
		LoadAssemblies (109ms)
		RebuildTransferFunctionScriptingTraits (0ms)
		AnalyzeDomain (156ms)
			TypeCache.Refresh (155ms)
				TypeCache.ScanAssembly (140ms)
			ScanForSourceGeneratedMonoScriptInfo (0ms)
			ResolveRequiredComponents (0ms)
	FinalizeReload (571ms)
		ReleaseScriptCaches (0ms)
		RebuildScriptCaches (0ms)
		SetupLoadedEditorAssemblies (525ms)
			LogAssemblyErrors (0ms)
			InitializePlatformSupportModulesInManaged (362ms)
			SetLoadedEditorAssemblies (4ms)
			RefreshPlugins (0ms)
			BeforeProcessingInitializeOnLoad (2ms)
			ProcessInitializeOnLoadAttributes (114ms)
			ProcessInitializeOnLoadMethodAttributes (43ms)
			AfterProcessingInitializeOnLoad (0ms)
			EditorAssembliesLoaded (0ms)
		ExecutionOrderSort2 (0ms)
		AwakeInstancesAfterBackupRestoration (0ms)
========================================================================
Worker process is ready to serve import requests
Caller must complete domain reload
Begin MonoManager ReloadAssembly
- Loaded All Assemblies, in  0.724 seconds
Native extension for UWP target not found
Native extension for WindowsStandalone target not found
Native extension for iOS target not found
Native extension for Android target not found
Native extension for WebGL target not found
Mono: successfully reloaded assembly
- Finished resetting the current domain, in  0.700 seconds
Domain Reload Profiling: 1422ms
	BeginReloadAssembly (142ms)
		ExecutionOrderSort (0ms)
		DisableScriptedObjects (6ms)
		BackupInstance (0ms)
		ReleaseScriptingObjects (0ms)
		CreateAndSetChildDomain (22ms)
	RebuildCommonClasses (35ms)
	RebuildNativeTypeToScriptingClass (12ms)
	initialDomainReloadingComplete (42ms)
	LoadAllAssembliesAndSetupDomain (491ms)
		LoadAssemblies (327ms)
		RebuildTransferFunctionScriptingTraits (0ms)
		AnalyzeDomain (245ms)
			TypeCache.Refresh (205ms)
				TypeCache.ScanAssembly (186ms)
			ScanForSourceGeneratedMonoScriptInfo (29ms)
			ResolveRequiredComponents (10ms)
	FinalizeReload (701ms)
		ReleaseScriptCaches (0ms)
		RebuildScriptCaches (0ms)
		SetupLoadedEditorAssemblies (513ms)
			LogAssemblyErrors (0ms)
			InitializePlatformSupportModulesInManaged (32ms)
			SetLoadedEditorAssemblies (5ms)
			RefreshPlugins (0ms)
			BeforeProcessingInitializeOnLoad (84ms)
			ProcessInitializeOnLoadAttributes (306ms)
			ProcessInitializeOnLoadMethodAttributes (79ms)
			AfterProcessingInitializeOnLoad (7ms)
			EditorAssembliesLoaded (0ms)
		ExecutionOrderSort2 (0ms)
		AwakeInstancesAfterBackupRestoration (6ms)
Launched and connected shader compiler UnityShaderCompiler.exe after 0.04 seconds
Refreshing native plugins compatible for Editor in 4.09 ms, found 5 plugins.
Preloading 0 native plugins for Editor in 0.00 ms.
Unloading 6100 Unused Serialized files (Serialized files now loaded: 0)
Unloading 36 unused Assets / (349.7 KB). Loaded Objects now: 6568.
Memory consumption went from 224.1 MB to 223.7 MB.
Total: 3.741600 ms (FindLiveObjects: 0.483600 ms CreateObjectMapping: 0.516800 ms MarkObjects: 2.586300 ms  DeleteObjects: 0.153800 ms)

AssetImportParameters requested are different than current active one (requested -> active):
  custom:container-demuxer-ogg: 62fdf1f143b41e24485cea50d1cbac27 -> 
  custom:video-decoder-ogg-theora: a1e56fd34408186e4bbccfd4996cb3dc -> 
  custom:framework-win-MediaFoundation: 216162199b28c13a410421893ffa2e32 -> 
  custom:CustomObjectIndexerAttribute: 72b91833f83ae208fae7752999fa3104 -> 
  custom:container-demuxer-webm: 4f35f7cbe854078d1ac9338744f61a02 -> 
  custom:container-muxer-webm: aa71ff27fc2769a1b78a27578f13a17b -> 
  custom:video-decoder-webm-vp8: 9c59270c3fd7afecdb556c50c9e8de78 -> 
  custom:SearchIndexIgnoredProperties: e643bd26f0fe6173181afceb89e7c659 -> 
  custom:AudioImporter_EditorPlatform: d09bf68614088b80899f8185d706f6e7 -> 
  custom:video-encoder-webm-vp8: eb34c28f22e8b96e1ab97ce403110664 -> 
  custom:audio-decoder-ogg-vorbis: bf7c407c2cedff20999df2af8eb42d56 -> 
  custom:audio-encoder-webm-vorbis: bf7c407c2cedff20999df2af8eb42d56 -> 
========================================================================
Received Prepare
Caller must complete domain reload
Begin MonoManager ReloadAssembly
- Loaded All Assemblies, in  0.840 seconds
Native extension for UWP target not found
Native extension for WindowsStandalone target not found
Native extension for iOS target not found
Native extension for Android target not found
Native extension for WebGL target not found
Mono: successfully reloaded assembly
- Finished resetting the current domain, in  0.723 seconds
Domain Reload Profiling: 1563ms
	BeginReloadAssembly (544ms)
		ExecutionOrderSort (0ms)
		DisableScriptedObjects (402ms)
		BackupInstance (0ms)
		ReleaseScriptingObjects (0ms)
		CreateAndSetChildDomain (39ms)
	RebuildCommonClasses (29ms)
	RebuildNativeTypeToScriptingClass (10ms)
	initialDomainReloadingComplete (27ms)
	LoadAllAssembliesAndSetupDomain (230ms)
		LoadAssemblies (280ms)
		RebuildTransferFunctionScriptingTraits (0ms)
		AnalyzeDomain (20ms)
			TypeCache.Refresh (8ms)
				TypeCache.ScanAssembly (0ms)
			ScanForSourceGeneratedMonoScriptInfo (0ms)
			ResolveRequiredComponents (11ms)
	FinalizeReload (723ms)
		ReleaseScriptCaches (0ms)
		RebuildScriptCaches (0ms)
		SetupLoadedEditorAssemblies (492ms)
			LogAssemblyErrors (0ms)
			InitializePlatformSupportModulesInManaged (33ms)
			SetLoadedEditorAssemblies (4ms)
			RefreshPlugins (0ms)
			BeforeProcessingInitializeOnLoad (83ms)
			ProcessInitializeOnLoadAttributes (289ms)
			ProcessInitializeOnLoadMethodAttributes (73ms)
			AfterProcessingInitializeOnLoad (8ms)
			EditorAssembliesLoaded (0ms)
		ExecutionOrderSort2 (0ms)
		AwakeInstancesAfterBackupRestoration (15ms)
Refreshing native plugins compatible for Editor in 3.86 ms, found 5 plugins.
Preloading 0 native plugins for Editor in 0.00 ms.
Unloading 5947 Unused Serialized files (Serialized files now loaded: 0)
Unloading 23 unused Assets / (318.0 KB). Loaded Objects now: 6575.
Memory consumption went from 198.2 MB to 197.9 MB.
Total: 3.663600 ms (FindLiveObjects: 0.527700 ms CreateObjectMapping: 0.523100 ms MarkObjects: 2.522400 ms  DeleteObjects: 0.089800 ms)

Prepare: number of updated asset objects reloaded= 0
AssetImportParameters requested are different than current active one (requested -> active):
  custom:container-demuxer-ogg: 62fdf1f143b41e24485cea50d1cbac27 -> 
  custom:video-decoder-ogg-theora: a1e56fd34408186e4bbccfd4996cb3dc -> 
  custom:framework-win-MediaFoundation: 216162199b28c13a410421893ffa2e32 -> 
  custom:CustomObjectIndexerAttribute: 72b91833f83ae208fae7752999fa3104 -> 
  custom:container-demuxer-webm: 4f35f7cbe854078d1ac9338744f61a02 -> 
  custom:container-muxer-webm: aa71ff27fc2769a1b78a27578f13a17b -> 
  custom:video-decoder-webm-vp8: 9c59270c3fd7afecdb556c50c9e8de78 -> 
  custom:SearchIndexIgnoredProperties: e643bd26f0fe6173181afceb89e7c659 -> 
  custom:AudioImporter_EditorPlatform: d09bf68614088b80899f8185d706f6e7 -> 
  custom:video-encoder-webm-vp8: eb34c28f22e8b96e1ab97ce403110664 -> 
  custom:audio-decoder-ogg-vorbis: bf7c407c2cedff20999df2af8eb42d56 -> 
  custom:audio-encoder-webm-vorbis: bf7c407c2cedff20999df2af8eb42d56 -> 
========================================================================
Received Import Request.
  Time since last request: 6237.002660 seconds.
  path: Assets/Textures/TileMap/Captura de pantalla 2026-04-15 194756_0.asset
  artifactKey: Guid(b95f4093058f5dd44871be473f9cb685) Importer(815301076,1909f56bfc062723c751e8b465ee728b)
Start importing Assets/Textures/TileMap/Captura de pantalla 2026-04-15 194756_0.asset using Guid(b95f4093058f5dd44871be473f9cb685) Importer(815301076,1909f56bfc062723c751e8b465ee728b) [PhysX] Initialized MultithreadedTaskDispatcher with 16 workers.
 -> (artifact id: '6be3939dbce8014e0190b4c1f91d9eaf') in 0.089200 seconds
Number of updated asset objects reloaded before import = 0
Number of asset objects unloaded after import = 3
========================================================================
Received Import Request.
  Time since last request: 0.000019 seconds.
  path: Assets/Textures/TileMap/Captura de pantalla 2026-04-15 194756_14.asset
  artifactKey: Guid(34b4b8e3a1905804db7458b9eeb090ae) Importer(815301076,1909f56bfc062723c751e8b465ee728b)
Start importing Assets/Textures/TileMap/Captura de pantalla 2026-04-15 194756_14.asset using Guid(34b4b8e3a1905804db7458b9eeb090ae) Importer(815301076,1909f56bfc062723c751e8b465ee728b) [PhysX] Initialized MultithreadedTaskDispatcher with 16 workers.
 -> (artifact id: 'de2b0901882fa1b4c85dcab7e5e9cb30') in 0.013837 seconds
Number of updated asset objects reloaded before import = 0
Number of asset objects unloaded after import = 3
========================================================================
Received Import Request.
  Time since last request: 0.000023 seconds.
  path: Assets/Textures/TileMap/Captura de pantalla 2026-04-15 194756_40.asset
  artifactKey: Guid(0aa05aa6b580abd49931801a82c04d14) Importer(815301076,1909f56bfc062723c751e8b465ee728b)
Start importing Assets/Textures/TileMap/Captura de pantalla 2026-04-15 194756_40.asset using Guid(0aa05aa6b580abd49931801a82c04d14) Importer(815301076,1909f56bfc062723c751e8b465ee728b) [PhysX] Initialized MultithreadedTaskDispatcher with 16 workers.
 -> (artifact id: '2d7cef01caea93a83c92343c56c51527') in 0.006979 seconds
Number of updated asset objects reloaded before import = 0
Number of asset objects unloaded after import = 3
========================================================================
Received Import Request.
  Time since last request: 0.000013 seconds.
  path: Assets/Textures/TileMap/Captura de pantalla 2026-04-15 194756_4.asset
  artifactKey: Guid(b61fe051ecdb45845b4b8a44ab843644) Importer(815301076,1909f56bfc062723c751e8b465ee728b)
Start importing Assets/Textures/TileMap/Captura de pantalla 2026-04-15 194756_4.asset using Guid(b61fe051ecdb45845b4b8a44ab843644) Importer(815301076,1909f56bfc062723c751e8b465ee728b) [PhysX] Initialized MultithreadedTaskDispatcher with 16 workers.
 -> (artifact id: 'd4b2e0d138aff7040ad6d4f2797d45b3') in 0.036617 seconds
Number of updated asset objects reloaded before import = 0
Number of asset objects unloaded after import = 3
========================================================================
Received Import Request.
  Time since last request: 0.000017 seconds.
  path: Assets/Textures/TileMap/Captura de pantalla 2026-04-15 194756_27.asset
  artifactKey: Guid(01c19a070eed63547810593bba00ed12) Importer(815301076,1909f56bfc062723c751e8b465ee728b)
Start importing Assets/Textures/TileMap/Captura de pantalla 2026-04-15 194756_27.asset using Guid(01c19a070eed63547810593bba00ed12) Importer(815301076,1909f56bfc062723c751e8b465ee728b) [PhysX] Initialized MultithreadedTaskDispatcher with 16 workers.
 -> (artifact id: '3a1cdc6fbd15cb383384cd9c6c67a5cf') in 0.013571 seconds
Number of updated asset objects reloaded before import = 0
Number of asset objects unloaded after import = 3
========================================================================
Received Import Request.
  Time since last request: 0.000015 seconds.
  path: Assets/Textures/TileMap/Captura de pantalla 2026-04-15 194756_9.asset
  artifactKey: Guid(aa43a490d00df014b827661d91333c6e) Importer(815301076,1909f56bfc062723c751e8b465ee728b)
Start importing Assets/Textures/TileMap/Captura de pantalla 2026-04-15 194756_9.asset using Guid(aa43a490d00df014b827661d91333c6e) Importer(815301076,1909f56bfc062723c751e8b465ee728b) [PhysX] Initialized MultithreadedTaskDispatcher with 16 workers.
 -> (artifact id: '43c08d87217f7f58bae238dd6ae32b19') in 0.011961 seconds
Number of updated asset objects reloaded before import = 0
Number of asset objects unloaded after import = 3
========================================================================
Received Import Request.
  Time since last request: 0.000015 seconds.
  path: Assets/Textures/TileMap/Captura de pantalla 2026-04-15 194756_15.asset
  artifactKey: Guid(9da384ba3c452574ea1063db6782e44b) Importer(815301076,1909f56bfc062723c751e8b465ee728b)
Start importing Assets/Textures/TileMap/Captura de pantalla 2026-04-15 194756_15.asset using Guid(9da384ba3c452574ea1063db6782e44b) Importer(815301076,1909f56bfc062723c751e8b465ee728b) [PhysX] Initialized MultithreadedTaskDispatcher with 16 workers.
 -> (artifact id: '0333472f03b2b62f1e3f92f01361fccd') in 0.014075 seconds
Number of updated asset objects reloaded before import = 0
Number of asset objects unloaded after import = 3
========================================================================
Received Import Request.
  Time since last request: 0.000017 seconds.
  path: Assets/Textures/TileMap/Captura de pantalla 2026-04-15 194756_39.asset
  artifactKey: Guid(9a7c2e17b81ba2d42b9b5eb1df8a1567) Importer(815301076,1909f56bfc062723c751e8b465ee728b)
Start importing Assets/Textures/TileMap/Captura de pantalla 2026-04-15 194756_39.asset using Guid(9a7c2e17b81ba2d42b9b5eb1df8a1567) Importer(815301076,1909f56bfc062723c751e8b465ee728b) [PhysX] Initialized MultithreadedTaskDispatcher with 16 workers.
 -> (artifact id: 'b387bc36a2f43f33c18daedd7db79fbc') in 0.007807 seconds
Number of updated asset objects reloaded before import = 0
Number of asset objects unloaded after import = 3
========================================================================
Received Import Request.
  Time since last request: 0.000016 seconds.
  path: Assets/Textures/TileMap/Captura de pantalla 2026-04-15 194756_19.asset
  artifactKey: Guid(d6559c79c91d72742b10cec24fa1c126) Importer(815301076,1909f56bfc062723c751e8b465ee728b)
Start importing Assets/Textures/TileMap/Captura de pantalla 2026-04-15 194756_19.asset using Guid(d6559c79c91d72742b10cec24fa1c126) Importer(815301076,1909f56bfc062723c751e8b465ee728b) [PhysX] Initialized MultithreadedTaskDispatcher with 16 workers.
 -> (artifact id: '276366ca49f1946b59ca38f0271de21d') in 0.014014 seconds
Number of updated asset objects reloaded before import = 0
Number of asset objects unloaded after import = 3
========================================================================
Received Import Request.
  Time since last request: 0.000015 seconds.
  path: Assets/Textures/TileMap/Captura de pantalla 2026-04-15 194756_18.asset
  artifactKey: Guid(75a4ff264ed76754c8061788e8b2a1bf) Importer(815301076,1909f56bfc062723c751e8b465ee728b)
Start importing Assets/Textures/TileMap/Captura de pantalla 2026-04-15 194756_18.asset using Guid(75a4ff264ed76754c8061788e8b2a1bf) Importer(815301076,1909f56bfc062723c751e8b465ee728b) [PhysX] Initialized MultithreadedTaskDispatcher with 16 workers.
 -> (artifact id: 'd87fb771995f377faef2f63383a86e20') in 0.012754 seconds
Number of updated asset objects reloaded before import = 0
Number of asset objects unloaded after import = 3
========================================================================
Received Import Request.
  Time since last request: 0.000019 seconds.
  path: Assets/Textures/TileMap/Captura de pantalla 2026-04-15 194756_35.asset
  artifactKey: Guid(9b1b0d0efcbe00c4f925515c39eadc2c) Importer(815301076,1909f56bfc062723c751e8b465ee728b)
Start importing Assets/Textures/TileMap/Captura de pantalla 2026-04-15 194756_35.asset using Guid(9b1b0d0efcbe00c4f925515c39eadc2c) Importer(815301076,1909f56bfc062723c751e8b465ee728b) [PhysX] Initialized MultithreadedTaskDispatcher with 16 workers.
 -> (artifact id: '5d03ba41725dc62b48201ebe11ebda58') in 0.013481 seconds
Number of updated asset objects reloaded before import = 0
Number of asset objects unloaded after import = 3
========================================================================
Received Import Request.
  Time since last request: 0.000018 seconds.
  path: Assets/Textures/TileMap/Captura de pantalla 2026-04-15 194756_10.asset
  artifactKey: Guid(2b04bff735f99084195df4039b8b35ca) Importer(815301076,1909f56bfc062723c751e8b465ee728b)
Start importing Assets/Textures/TileMap/Captura de pantalla 2026-04-15 194756_10.asset using Guid(2b04bff735f99084195df4039b8b35ca) Importer(815301076,1909f56bfc062723c751e8b465ee728b) [PhysX] Initialized MultithreadedTaskDispatcher with 16 workers.
 -> (artifact id: '4c9820ff80760699e9eb7de8d89e0e02') in 0.013097 seconds
Number of updated asset objects reloaded before import = 0
Number of asset objects unloaded after import = 3
========================================================================
Received Import Request.
  Time since last request: 0.000023 seconds.
  path: Assets/Textures/TileMap/Captura de pantalla 2026-04-15 194756_13.asset
  artifactKey: Guid(98ff041abe58c8447914aaf0304ff020) Importer(815301076,1909f56bfc062723c751e8b465ee728b)
Start importing Assets/Textures/TileMap/Captura de pantalla 2026-04-15 194756_13.asset using Guid(98ff041abe58c8447914aaf0304ff020) Importer(815301076,1909f56bfc062723c751e8b465ee728b) [PhysX] Initialized MultithreadedTaskDispatcher with 16 workers.
 -> (artifact id: 'b8b1a395ddd2411fbc3c3d632dd08a5c') in 0.013269 seconds
Number of updated asset objects reloaded before import = 0
Number of asset objects unloaded after import = 3
========================================================================
Received Import Request.
  Time since last request: 0.000016 seconds.
  path: Assets/Textures/TileMap/Captura de pantalla 2026-04-15 194756_26.asset
  artifactKey: Guid(a4575ec5085291243bd67659482f0c30) Importer(815301076,1909f56bfc062723c751e8b465ee728b)
Start importing Assets/Textures/TileMap/Captura de pantalla 2026-04-15 194756_26.asset using Guid(a4575ec5085291243bd67659482f0c30) Importer(815301076,1909f56bfc062723c751e8b465ee728b) [PhysX] Initialized MultithreadedTaskDispatcher with 16 workers.
 -> (artifact id: '46e710d086c0be658482b3607a1f225e') in 0.014001 seconds
Number of updated asset objects reloaded before import = 0
Number of asset objects unloaded after import = 3
========================================================================
Received Import Request.
  Time since last request: 0.000020 seconds.
  path: Assets/Textures/TileMap/Captura de pantalla 2026-04-15 194756_37.asset
  artifactKey: Guid(3d145fe49ba9aa347b4c6043d8d00f36) Importer(815301076,1909f56bfc062723c751e8b465ee728b)
Start importing Assets/Textures/TileMap/Captura de pantalla 2026-04-15 194756_37.asset using Guid(3d145fe49ba9aa347b4c6043d8d00f36) Importer(815301076,1909f56bfc062723c751e8b465ee728b) [PhysX] Initialized MultithreadedTaskDispatcher with 16 workers.
 -> (artifact id: 'c3da07c2e54b4c2e16e785eb4429c1d6') in 0.012787 seconds
Number of updated asset objects reloaded before import = 0
Number of asset objects unloaded after import = 3
========================================================================
Received Import Request.
  Time since last request: 0.000022 seconds.
  path: Assets/Textures/TileMap/Captura de pantalla 2026-04-15 194756_29.asset
  artifactKey: Guid(e4a78a8aa0d8a7b44b2ff9fdfcdca395) Importer(815301076,1909f56bfc062723c751e8b465ee728b)
Start importing Assets/Textures/TileMap/Captura de pantalla 2026-04-15 194756_29.asset using Guid(e4a78a8aa0d8a7b44b2ff9fdfcdca395) Importer(815301076,1909f56bfc062723c751e8b465ee728b) [PhysX] Initialized MultithreadedTaskDispatcher with 16 workers.
 -> (artifact id: 'aff16e88ffcf1e400374792fb8bee622') in 0.013670 seconds
Number of updated asset objects reloaded before import = 0
Number of asset objects unloaded after import = 3
========================================================================
Received Import Request.
  Time since last request: 0.000017 seconds.
  path: Assets/Textures/TileMap/Captura de pantalla 2026-04-15 194756_36.asset
  artifactKey: Guid(49b12a74d98d117469e70578866eefd3) Importer(815301076,1909f56bfc062723c751e8b465ee728b)
Start importing Assets/Textures/TileMap/Captura de pantalla 2026-04-15 194756_36.asset using Guid(49b12a74d98d117469e70578866eefd3) Importer(815301076,1909f56bfc062723c751e8b465ee728b) [PhysX] Initialized MultithreadedTaskDispatcher with 16 workers.
 -> (artifact id: '435dec1daf3b93f8f4ebc5f97b17df19') in 0.014311 seconds
Number of updated asset objects reloaded before import = 0
Number of asset objects unloaded after import = 3
========================================================================
Received Import Request.
  Time since last request: 0.000019 seconds.
  path: Assets/Textures/TileMap/Captura de pantalla 2026-04-15 194756_1.asset
  artifactKey: Guid(481f13ec509bb0d4680a47eb43f8be9e) Importer(815301076,1909f56bfc062723c751e8b465ee728b)
Start importing Assets/Textures/TileMap/Captura de pantalla 2026-04-15 194756_1.asset using Guid(481f13ec509bb0d4680a47eb43f8be9e) Importer(815301076,1909f56bfc062723c751e8b465ee728b) [PhysX] Initialized MultithreadedTaskDispatcher with 16 workers.
 -> (artifact id: '741116aac4a6e0d1ac8ed2c161c27a40') in 0.011907 seconds
Number of updated asset objects reloaded before import = 0
Number of asset objects unloaded after import = 3
========================================================================
Received Import Request.
  Time since last request: 0.000015 seconds.
  path: Assets/Textures/TileMap/Captura de pantalla 2026-04-15 194756_22.asset
  artifactKey: Guid(02d5b450f9447c14db78da59e827516f) Importer(815301076,1909f56bfc062723c751e8b465ee728b)
Start importing Assets/Textures/TileMap/Captura de pantalla 2026-04-15 194756_22.asset using Guid(02d5b450f9447c14db78da59e827516f) Importer(815301076,1909f56bfc062723c751e8b465ee728b) [PhysX] Initialized MultithreadedTaskDispatcher with 16 workers.
 -> (artifact id: 'cd615897c4ccdeed716e8d90bf7aa404') in 0.013833 seconds
Number of updated asset objects reloaded before import = 0
Number of asset objects unloaded after import = 3
========================================================================
Received Import Request.
  Time since last request: 0.000017 seconds.
  path: Assets/Textures/TileMap/NivelDeHielo.prefab
  artifactKey: Guid(8854d9043af0ea64bacff86f5ab3068b) Importer(815301076,1909f56bfc062723c751e8b465ee728b)
Start importing Assets/Textures/TileMap/NivelDeHielo.prefab using Guid(8854d9043af0ea64bacff86f5ab3068b) Importer(815301076,1909f56bfc062723c751e8b465ee728b) [PhysX] Initialized MultithreadedTaskDispatcher with 16 workers.
[PhysX] Initialized MultithreadedTaskDispatcher with 16 workers.
In order to call GetTransformInfoExpectUpToDate, RendererUpdateManager.UpdateAll must be called first.
UnityEngine.StackTraceUtility:ExtractStackTrace ()
UnityEngine.Rendering.ScriptableRenderContext:Internal_Cull (UnityEngine.Rendering.ScriptableCullingParameters&,UnityEngine.Rendering.ScriptableRenderContext,intptr)
UnityEngine.Rendering.ScriptableRenderContext:Cull (UnityEngine.Rendering.ScriptableCullingParameters&)
UnityEngine.Rendering.Universal.UniversalRenderPipeline:RenderSingleCamera (UnityEngine.Rendering.ScriptableRenderContext,UnityEngine.Rendering.Universal.CameraData&) (at ./Library/PackageCache/com.unity.render-pipelines.universal@14.0.11/Runtime/UniversalRenderPipeline.cs:670)
UnityEngine.Rendering.Universal.UniversalRenderPipeline:RenderSingleCameraInternal (UnityEngine.Rendering.ScriptableRenderContext,UnityEngine.Camera,UnityEngine.Rendering.Universal.UniversalAdditionalCameraData&) (at ./Library/PackageCache/com.unity.render-pipelines.universal@14.0.11/Runtime/UniversalRenderPipeline.cs:575)
UnityEngine.Rendering.Universal.UniversalRenderPipeline:RenderSingleCameraInternal (UnityEngine.Rendering.ScriptableRenderContext,UnityEngine.Camera) (at ./Library/PackageCache/com.unity.render-pipelines.universal@14.0.11/Runtime/UniversalRenderPipeline.cs:558)
UnityEngine.Rendering.Universal.UniversalRenderPipeline:Render (UnityEngine.Rendering.ScriptableRenderContext,System.Collections.Generic.List`1<UnityEngine.Camera>) (at ./Library/PackageCache/com.unity.render-pipelines.universal@14.0.11/Runtime/UniversalRenderPipeline.cs:384)
UnityEngine.Rendering.RenderPipeline:InternalRender (UnityEngine.Rendering.ScriptableRenderContext,System.Collections.Generic.List`1<UnityEngine.Camera>)
UnityEngine.Rendering.RenderPipelineManager:DoRenderLoop_Internal (UnityEngine.Rendering.RenderPipelineAsset,intptr,UnityEngine.Object,Unity.Collections.LowLevel.Unsafe.AtomicSafetyHandle)
UnityEditor.PreviewRenderUtility:Render (bool,bool)
UnityEditor.GameObjectInspector:DoRenderPreview (UnityEditor.GameObjectInspector/PreviewData)
UnityEditor.GameObjectInspector:RenderStaticPreview (string,UnityEngine.Object[],int,int)
UnityEditor.AssetPreviewUpdater:CreatePreview (UnityEngine.Object,UnityEngine.Object[],string,int,int)
UnityEditor.AssetPreviewUpdater:CreatePreviewForAsset (UnityEngine.Object,UnityEngine.Object[],string)

[./Library/PackageCache/com.unity.render-pipelines.universal@14.0.11/Runtime/UniversalRenderPipeline.cs line 670]

 -> (artifact id: '50058e110a532654fd3ecc8cafb1bd48') in 0.209226 seconds
Number of updated asset objects reloaded before import = 0
Number of asset objects unloaded after import = 114
========================================================================
Received Prepare
Caller must complete domain reload
Begin MonoManager ReloadAssembly
- Loaded All Assemblies, in  0.464 seconds
Native extension for UWP target not found
Native extension for WindowsStandalone target not found
Native extension for iOS target not found
Native extension for Android target not found
Native extension for WebGL target not found
Mono: successfully reloaded assembly
- Finished resetting the current domain, in  1.186 seconds
Domain Reload Profiling: 1647ms
	BeginReloadAssembly (165ms)
		ExecutionOrderSort (0ms)
		DisableScriptedObjects (20ms)
		BackupInstance (0ms)
		ReleaseScriptingObjects (0ms)
		CreateAndSetChildDomain (38ms)
	RebuildCommonClasses (30ms)
	RebuildNativeTypeToScriptingClass (11ms)
	initialDomainReloadingComplete (27ms)
	LoadAllAssembliesAndSetupDomain (228ms)
		LoadAssemblies (283ms)
		RebuildTransferFunctionScriptingTraits (0ms)
		AnalyzeDomain (20ms)
			TypeCache.Refresh (8ms)
				TypeCache.ScanAssembly (0ms)
			ScanForSourceGeneratedMonoScriptInfo (0ms)
			ResolveRequiredComponents (11ms)
	FinalizeReload (1186ms)
		ReleaseScriptCaches (0ms)
		RebuildScriptCaches (0ms)
		SetupLoadedEditorAssemblies (521ms)
			LogAssemblyErrors (0ms)
			InitializePlatformSupportModulesInManaged (34ms)
			SetLoadedEditorAssemblies (6ms)
			RefreshPlugins (0ms)
			BeforeProcessingInitializeOnLoad (89ms)
			ProcessInitializeOnLoadAttributes (303ms)
			ProcessInitializeOnLoadMethodAttributes (79ms)
			AfterProcessingInitializeOnLoad (9ms)
			EditorAssembliesLoaded (0ms)
		ExecutionOrderSort2 (0ms)
		AwakeInstancesAfterBackupRestoration (18ms)
Refreshing native plugins compatible for Editor in 3.96 ms, found 5 plugins.
Preloading 0 native plugins for Editor in 0.00 ms.
Unloading 5947 Unused Serialized files (Serialized files now loaded: 0)
Unloading 23 unused Assets / (318.1 KB). Loaded Objects now: 6659.
Memory consumption went from 203.0 MB to 202.7 MB.
Total: 3.718500 ms (FindLiveObjects: 0.456000 ms CreateObjectMapping: 0.531300 ms MarkObjects: 2.624100 ms  DeleteObjects: 0.106400 ms)

Prepare: number of updated asset objects reloaded= 0
AssetImportParameters requested are different than current active one (requested -> active):
  custom:container-demuxer-ogg: 62fdf1f143b41e24485cea50d1cbac27 -> 
  custom:video-decoder-ogg-theora: a1e56fd34408186e4bbccfd4996cb3dc -> 
  custom:framework-win-MediaFoundation: 216162199b28c13a410421893ffa2e32 -> 
  custom:CustomObjectIndexerAttribute: 72b91833f83ae208fae7752999fa3104 -> 
  custom:container-demuxer-webm: 4f35f7cbe854078d1ac9338744f61a02 -> 
  custom:container-muxer-webm: aa71ff27fc2769a1b78a27578f13a17b -> 
  custom:video-decoder-webm-vp8: 9c59270c3fd7afecdb556c50c9e8de78 -> 
  custom:SearchIndexIgnoredProperties: e643bd26f0fe6173181afceb89e7c659 -> 
  custom:AudioImporter_EditorPlatform: d09bf68614088b80899f8185d706f6e7 -> 
  custom:video-encoder-webm-vp8: eb34c28f22e8b96e1ab97ce403110664 -> 
  custom:audio-decoder-ogg-vorbis: bf7c407c2cedff20999df2af8eb42d56 -> 
  custom:audio-encoder-webm-vorbis: bf7c407c2cedff20999df2af8eb42d56 -> 
========================================================================
Received Import Request.
  Time since last request: 35.980354 seconds.
  path: Assets/Textures/TileMap/Captura de pantalla 2026-04-15 194756_1.asset
  artifactKey: Guid(481f13ec509bb0d4680a47eb43f8be9e) Importer(815301076,1909f56bfc062723c751e8b465ee728b)
Start importing Assets/Textures/TileMap/Captura de pantalla 2026-04-15 194756_1.asset using Guid(481f13ec509bb0d4680a47eb43f8be9e) Importer(815301076,1909f56bfc062723c751e8b465ee728b) [PhysX] Initialized MultithreadedTaskDispatcher with 16 workers.
 -> (artifact id: 'c9becc0d682fbbcad1e88d3015c6c13e') in 0.067924 seconds
Number of updated asset objects reloaded before import = 0
Number of asset objects unloaded after import = 3
========================================================================
Received Import Request.
  Time since last request: 0.000014 seconds.
  path: Assets/Textures/TileMap/Captura de pantalla 2026-04-15 194756_14.asset
  artifactKey: Guid(34b4b8e3a1905804db7458b9eeb090ae) Importer(815301076,1909f56bfc062723c751e8b465ee728b)
Start importing Assets/Textures/TileMap/Captura de pantalla 2026-04-15 194756_14.asset using Guid(34b4b8e3a1905804db7458b9eeb090ae) Importer(815301076,1909f56bfc062723c751e8b465ee728b) [PhysX] Initialized MultithreadedTaskDispatcher with 16 workers.
 -> (artifact id: 'a780b5642e79220237700b32a1636746') in 0.013941 seconds
Number of updated asset objects reloaded before import = 0
Number of asset objects unloaded after import = 3
========================================================================
Received Import Request.
  Time since last request: 0.000017 seconds.
  path: Assets/Textures/TileMap/Captura de pantalla 2026-04-15 194756_27.asset
  artifactKey: Guid(01c19a070eed63547810593bba00ed12) Importer(815301076,1909f56bfc062723c751e8b465ee728b)
Start importing Assets/Textures/TileMap/Captura de pantalla 2026-04-15 194756_27.asset using Guid(01c19a070eed63547810593bba00ed12) Importer(815301076,1909f56bfc062723c751e8b465ee728b) [PhysX] Initialized MultithreadedTaskDispatcher with 16 workers.
 -> (artifact id: '1e5c6c8bc2a24be85e913d03f0315837') in 0.034743 seconds
Number of updated asset objects reloaded before import = 0
Number of asset objects unloaded after import = 3
========================================================================
Received Import Request.
  Time since last request: 0.000018 seconds.
  path: Assets/Textures/TileMap/Captura de pantalla 2026-04-15 194756_21.asset
  artifactKey: Guid(496ff75bf7ba30443b4aa027c798cbfc) Importer(815301076,1909f56bfc062723c751e8b465ee728b)
Start importing Assets/Textures/TileMap/Captura de pantalla 2026-04-15 194756_21.asset using Guid(496ff75bf7ba30443b4aa027c798cbfc) Importer(815301076,1909f56bfc062723c751e8b465ee728b) [PhysX] Initialized MultithreadedTaskDispatcher with 16 workers.
 -> (artifact id: '51d6c5c67d169bbb6a5f3cf88433d268') in 0.013608 seconds
Number of updated asset objects reloaded before import = 0
Number of asset objects unloaded after import = 3
========================================================================
Received Import Request.
  Time since last request: 0.000023 seconds.
  path: Assets/Textures/TileMap/Captura de pantalla 2026-04-15 194756_19.asset
  artifactKey: Guid(d6559c79c91d72742b10cec24fa1c126) Importer(815301076,1909f56bfc062723c751e8b465ee728b)
Start importing Assets/Textures/TileMap/Captura de pantalla 2026-04-15 194756_19.asset using Guid(d6559c79c91d72742b10cec24fa1c126) Importer(815301076,1909f56bfc062723c751e8b465ee728b) [PhysX] Initialized MultithreadedTaskDispatcher with 16 workers.
 -> (artifact id: '7b713fbd6f282219b24ee47d36f44788') in 0.013776 seconds
Number of updated asset objects reloaded before import = 0
Number of asset objects unloaded after import = 3
========================================================================
Received Import Request.
  Time since last request: 0.000016 seconds.
  path: Assets/Textures/TileMap/Captura de pantalla 2026-04-15 194756_35.asset
  artifactKey: Guid(9b1b0d0efcbe00c4f925515c39eadc2c) Importer(815301076,1909f56bfc062723c751e8b465ee728b)
Start importing Assets/Textures/TileMap/Captura de pantalla 2026-04-15 194756_35.asset using Guid(9b1b0d0efcbe00c4f925515c39eadc2c) Importer(815301076,1909f56bfc062723c751e8b465ee728b) [PhysX] Initialized MultithreadedTaskDispatcher with 16 workers.
 -> (artifact id: '3a789a415d33eca767712e987eadd5f5') in 0.012354 seconds
Number of updated asset objects reloaded before import = 0
Number of asset objects unloaded after import = 3
========================================================================
Received Import Request.
  Time since last request: 0.000015 seconds.
  path: Assets/Textures/TileMap/Captura de pantalla 2026-04-15 194756_13.asset
  artifactKey: Guid(98ff041abe58c8447914aaf0304ff020) Importer(815301076,1909f56bfc062723c751e8b465ee728b)
Start importing Assets/Textures/TileMap/Captura de pantalla 2026-04-15 194756_13.asset using Guid(98ff041abe58c8447914aaf0304ff020) Importer(815301076,1909f56bfc062723c751e8b465ee728b) [PhysX] Initialized MultithreadedTaskDispatcher with 16 workers.
 -> (artifact id: 'ead63c580124b7e73b8ef28e709723c5') in 0.015792 seconds
Number of updated asset objects reloaded before import = 0
Number of asset objects unloaded after import = 3
========================================================================
Received Import Request.
  Time since last request: 0.000016 seconds.
  path: Assets/Textures/TileMap/Captura de pantalla 2026-04-15 194756_37.asset
  artifactKey: Guid(3d145fe49ba9aa347b4c6043d8d00f36) Importer(815301076,1909f56bfc062723c751e8b465ee728b)
Start importing Assets/Textures/TileMap/Captura de pantalla 2026-04-15 194756_37.asset using Guid(3d145fe49ba9aa347b4c6043d8d00f36) Importer(815301076,1909f56bfc062723c751e8b465ee728b) [PhysX] Initialized MultithreadedTaskDispatcher with 16 workers.
 -> (artifact id: 'bca002f32c10c5cfd9e6216692576b4d') in 0.014623 seconds
Number of updated asset objects reloaded before import = 0
Number of asset objects unloaded after import = 3
========================================================================
Received Import Request.
  Time since last request: 0.000018 seconds.
  path: Assets/Textures/TileMap/Captura de pantalla 2026-04-15 194756_36.asset
  artifactKey: Guid(49b12a74d98d117469e70578866eefd3) Importer(815301076,1909f56bfc062723c751e8b465ee728b)
Start importing Assets/Textures/TileMap/Captura de pantalla 2026-04-15 194756_36.asset using Guid(49b12a74d98d117469e70578866eefd3) Importer(815301076,1909f56bfc062723c751e8b465ee728b) [PhysX] Initialized MultithreadedTaskDispatcher with 16 workers.
 -> (artifact id: '9fa2650d2e7c296e68d4a96f662eba6e') in 0.012681 seconds
Number of updated asset objects reloaded before import = 0
Number of asset objects unloaded after import = 3
========================================================================
Received Import Request.
  Time since last request: 0.000017 seconds.
  path: Assets/Textures/TileMap/Captura de pantalla 2026-04-15 194756_33.asset
  artifactKey: Guid(6a7dcd1cff5c37c49b7b01ea6ba7955e) Importer(815301076,1909f56bfc062723c751e8b465ee728b)
Start importing Assets/Textures/TileMap/Captura de pantalla 2026-04-15 194756_33.asset using Guid(6a7dcd1cff5c37c49b7b01ea6ba7955e) Importer(815301076,1909f56bfc062723c751e8b465ee728b) [PhysX] Initialized MultithreadedTaskDispatcher with 16 workers.
 -> (artifact id: '7ae6617455b3017d9e387fdec1ba0bee') in 0.013450 seconds
Number of updated asset objects reloaded before import = 0
Number of asset objects unloaded after import = 3
========================================================================
Received Import Request.
  Time since last request: 0.000019 seconds.
  path: Assets/Textures/TileMap/Captura de pantalla 2026-04-15 194756_8.asset
  artifactKey: Guid(5083e7e1bf9760c4385d61e0447ab906) Importer(815301076,1909f56bfc062723c751e8b465ee728b)
Start importing Assets/Textures/TileMap/Captura de pantalla 2026-04-15 194756_8.asset using Guid(5083e7e1bf9760c4385d61e0447ab906) Importer(815301076,1909f56bfc062723c751e8b465ee728b) [PhysX] Initialized MultithreadedTaskDispatcher with 16 workers.
 -> (artifact id: 'd175fd56c93959a12923607c4a55bf34') in 0.012652 seconds
Number of updated asset objects reloaded before import = 0
Number of asset objects unloaded after import = 3
========================================================================
Received Import Request.
  Time since last request: 0.000017 seconds.
  path: Assets/Textures/TileMap/Captura de pantalla 2026-04-15 194756_28.asset
  artifactKey: Guid(49f1f9ac574e7a54f9d0c5c254a551d6) Importer(815301076,1909f56bfc062723c751e8b465ee728b)
Start importing Assets/Textures/TileMap/Captura de pantalla 2026-04-15 194756_28.asset using Guid(49f1f9ac574e7a54f9d0c5c254a551d6) Importer(815301076,1909f56bfc062723c751e8b465ee728b) [PhysX] Initialized MultithreadedTaskDispatcher with 16 workers.
 -> (artifact id: '4eb2051a784af4cc5dd29f65cd9b91ae') in 0.014931 seconds
Number of updated asset objects reloaded before import = 0
Number of asset objects unloaded after import = 3
========================================================================
Received Import Request.
  Time since last request: 7.554244 seconds.
  path: Assets/Textures/TileMap/Captura de pantalla 2026-04-15 194756_1.asset
  artifactKey: Guid(481f13ec509bb0d4680a47eb43f8be9e) Importer(815301076,1909f56bfc062723c751e8b465ee728b)
Start importing Assets/Textures/TileMap/Captura de pantalla 2026-04-15 194756_1.asset using Guid(481f13ec509bb0d4680a47eb43f8be9e) Importer(815301076,1909f56bfc062723c751e8b465ee728b) [PhysX] Initialized MultithreadedTaskDispatcher with 16 workers.
 -> (artifact id: '38b5c4d366706b9f2ded90e255938701') in 0.014274 seconds
Number of updated asset objects reloaded before import = 0
Number of asset objects unloaded after import = 3
========================================================================
Received Import Request.
  Time since last request: 0.000014 seconds.
  path: Assets/Textures/TileMap/Captura de pantalla 2026-04-15 194756_4.asset
  artifactKey: Guid(b61fe051ecdb45845b4b8a44ab843644) Importer(815301076,1909f56bfc062723c751e8b465ee728b)
Start importing Assets/Textures/TileMap/Captura de pantalla 2026-04-15 194756_4.asset using Guid(b61fe051ecdb45845b4b8a44ab843644) Importer(815301076,1909f56bfc062723c751e8b465ee728b) [PhysX] Initialized MultithreadedTaskDispatcher with 16 workers.
 -> (artifact id: '59726adfda489a1f4e81395594d5865e') in 0.012776 seconds
Number of updated asset objects reloaded before import = 0
Number of asset objects unloaded after import = 3
========================================================================
Received Import Request.
  Time since last request: 0.000015 seconds.
  path: Assets/Textures/TileMap/Captura de pantalla 2026-04-15 194756_9.asset
  artifactKey: Guid(aa43a490d00df014b827661d91333c6e) Importer(815301076,1909f56bfc062723c751e8b465ee728b)
Start importing Assets/Textures/TileMap/Captura de pantalla 2026-04-15 194756_9.asset using Guid(aa43a490d00df014b827661d91333c6e) Importer(815301076,1909f56bfc062723c751e8b465ee728b) [PhysX] Initialized MultithreadedTaskDispatcher with 16 workers.
 -> (artifact id: '95f6009053b152511ecf9e1472754521') in 0.011541 seconds
Number of updated asset objects reloaded before import = 0
Number of asset objects unloaded after import = 3
========================================================================
Received Import Request.
  Time since last request: 0.000018 seconds.
  path: Assets/Textures/TileMap/Captura de pantalla 2026-04-15 194756_21.asset
  artifactKey: Guid(496ff75bf7ba30443b4aa027c798cbfc) Importer(815301076,1909f56bfc062723c751e8b465ee728b)
Start importing Assets/Textures/TileMap/Captura de pantalla 2026-04-15 194756_21.asset using Guid(496ff75bf7ba30443b4aa027c798cbfc) Importer(815301076,1909f56bfc062723c751e8b465ee728b) [PhysX] Initialized MultithreadedTaskDispatcher with 16 workers.
 -> (artifact id: 'ec81f4fd9accf9053a48e03a0323066e') in 0.036762 seconds
Number of updated asset objects reloaded before import = 0
Number of asset objects unloaded after import = 3
========================================================================
Received Import Request.
  Time since last request: 0.000018 seconds.
  path: Assets/Textures/TileMap/Captura de pantalla 2026-04-15 194756_19.asset
  artifactKey: Guid(d6559c79c91d72742b10cec24fa1c126) Importer(815301076,1909f56bfc062723c751e8b465ee728b)
Start importing Assets/Textures/TileMap/Captura de pantalla 2026-04-15 194756_19.asset using Guid(d6559c79c91d72742b10cec24fa1c126) Importer(815301076,1909f56bfc062723c751e8b465ee728b) [PhysX] Initialized MultithreadedTaskDispatcher with 16 workers.
 -> (artifact id: '0fe185e97b18ac6f864d19c4048d721f') in 0.012918 seconds
Number of updated asset objects reloaded before import = 0
Number of asset objects unloaded after import = 3
========================================================================
Received Import Request.
  Time since last request: 0.000020 seconds.
  path: Assets/Textures/TileMap/Captura de pantalla 2026-04-15 194756_35.asset
  artifactKey: Guid(9b1b0d0efcbe00c4f925515c39eadc2c) Importer(815301076,1909f56bfc062723c751e8b465ee728b)
Start importing Assets/Textures/TileMap/Captura de pantalla 2026-04-15 194756_35.asset using Guid(9b1b0d0efcbe00c4f925515c39eadc2c) Importer(815301076,1909f56bfc062723c751e8b465ee728b) [PhysX] Initialized MultithreadedTaskDispatcher with 16 workers.
 -> (artifact id: '76c0558ebd8cacbaa59f983d9df37e31') in 0.014253 seconds
Number of updated asset objects reloaded before import = 0
Number of asset objects unloaded after import = 3
========================================================================
Received Import Request.
  Time since last request: 0.000017 seconds.
  path: Assets/Textures/TileMap/Captura de pantalla 2026-04-15 194756_12.asset
  artifactKey: Guid(761f8ae3f9a4c3247aceb52105d8d384) Importer(815301076,1909f56bfc062723c751e8b465ee728b)
Start importing Assets/Textures/TileMap/Captura de pantalla 2026-04-15 194756_12.asset using Guid(761f8ae3f9a4c3247aceb52105d8d384) Importer(815301076,1909f56bfc062723c751e8b465ee728b) [PhysX] Initialized MultithreadedTaskDispatcher with 16 workers.
 -> (artifact id: '1bc9365cb9549b6ade6f69a23f884a7c') in 0.100989 seconds
Number of updated asset objects reloaded before import = 0
Number of asset objects unloaded after import = 3
========================================================================
Received Import Request.
  Time since last request: 0.000014 seconds.
  path: Assets/Textures/TileMap/Captura de pantalla 2026-04-15 194756_5.asset
  artifactKey: Guid(d1737aa8b703170498178d814e8ab4cb) Importer(815301076,1909f56bfc062723c751e8b465ee728b)
Start importing Assets/Textures/TileMap/Captura de pantalla 2026-04-15 194756_5.asset using Guid(d1737aa8b703170498178d814e8ab4cb) Importer(815301076,1909f56bfc062723c751e8b465ee728b) [PhysX] Initialized MultithreadedTaskDispatcher with 16 workers.
 -> (artifact id: '6c7c0304072c93c6ab22a10f45180d59') in 0.013118 seconds
Number of updated asset objects reloaded before import = 0
Number of asset objects unloaded after import = 3
========================================================================
Received Import Request.
  Time since last request: 0.000018 seconds.
  path: Assets/Textures/TileMap/Captura de pantalla 2026-04-15 194756_36.asset
  artifactKey: Guid(49b12a74d98d117469e70578866eefd3) Importer(815301076,1909f56bfc062723c751e8b465ee728b)
Start importing Assets/Textures/TileMap/Captura de pantalla 2026-04-15 194756_36.asset using Guid(49b12a74d98d117469e70578866eefd3) Importer(815301076,1909f56bfc062723c751e8b465ee728b) [PhysX] Initialized MultithreadedTaskDispatcher with 16 workers.
 -> (artifact id: '8f2bb389362dee3f7572da77bf415967') in 0.012719 seconds
Number of updated asset objects reloaded before import = 0
Number of asset objects unloaded after import = 3
========================================================================
Received Import Request.
  Time since last request: 0.000016 seconds.
  path: Assets/Textures/TileMap/Captura de pantalla 2026-04-15 194756_33.asset
  artifactKey: Guid(6a7dcd1cff5c37c49b7b01ea6ba7955e) Importer(815301076,1909f56bfc062723c751e8b465ee728b)
Start importing Assets/Textures/TileMap/Captura de pantalla 2026-04-15 194756_33.asset using Guid(6a7dcd1cff5c37c49b7b01ea6ba7955e) Importer(815301076,1909f56bfc062723c751e8b465ee728b) [PhysX] Initialized MultithreadedTaskDispatcher with 16 workers.
 -> (artifact id: '9b3c01f34b80c676aef6e34664f852c2') in 0.015728 seconds
Number of updated asset objects reloaded before import = 0
Number of asset objects unloaded after import = 3
========================================================================
Received Import Request.
  Time since last request: 0.000014 seconds.
  path: Assets/Textures/TileMap/Captura de pantalla 2026-04-15 194756_20.asset
  artifactKey: Guid(73b37e6ba3703294db2575fa25a9c7c3) Importer(815301076,1909f56bfc062723c751e8b465ee728b)
Start importing Assets/Textures/TileMap/Captura de pantalla 2026-04-15 194756_20.asset using Guid(73b37e6ba3703294db2575fa25a9c7c3) Importer(815301076,1909f56bfc062723c751e8b465ee728b) [PhysX] Initialized MultithreadedTaskDispatcher with 16 workers.
 -> (artifact id: '2bdae2b59546211eeb2efe1e2f6205ad') in 0.013549 seconds
Number of updated asset objects reloaded before import = 0
Number of asset objects unloaded after import = 3
========================================================================
Received Import Request.
  Time since last request: 0.000018 seconds.
  path: Assets/Textures/TileMap/Captura de pantalla 2026-04-15 194756_30.asset
  artifactKey: Guid(afb916e1bb7d5324882de7beb66b85c8) Importer(815301076,1909f56bfc062723c751e8b465ee728b)
Start importing Assets/Textures/TileMap/Captura de pantalla 2026-04-15 194756_30.asset using Guid(afb916e1bb7d5324882de7beb66b85c8) Importer(815301076,1909f56bfc062723c751e8b465ee728b) [PhysX] Initialized MultithreadedTaskDispatcher with 16 workers.
 -> (artifact id: 'e3550857dcad181c590871a2cda934a8') in 0.015258 seconds
Number of updated asset objects reloaded before import = 0
Number of asset objects unloaded after import = 3
========================================================================
Received Import Request.
  Time since last request: 6.860715 seconds.
  path: Assets/Textures/TileMap/Captura de pantalla 2026-04-15 194756_1.asset
  artifactKey: Guid(481f13ec509bb0d4680a47eb43f8be9e) Importer(815301076,1909f56bfc062723c751e8b465ee728b)
Start importing Assets/Textures/TileMap/Captura de pantalla 2026-04-15 194756_1.asset using Guid(481f13ec509bb0d4680a47eb43f8be9e) Importer(815301076,1909f56bfc062723c751e8b465ee728b) [PhysX] Initialized MultithreadedTaskDispatcher with 16 workers.
 -> (artifact id: '375d2515b602b0477507961a2e937551') in 0.013523 seconds
Number of updated asset objects reloaded before import = 0
Number of asset objects unloaded after import = 3
========================================================================
Received Import Request.
  Time since last request: 0.000017 seconds.
  path: Assets/Textures/TileMap/Captura de pantalla 2026-04-15 194756_40.asset
  artifactKey: Guid(0aa05aa6b580abd49931801a82c04d14) Importer(815301076,1909f56bfc062723c751e8b465ee728b)
Start importing Assets/Textures/TileMap/Captura de pantalla 2026-04-15 194756_40.asset using Guid(0aa05aa6b580abd49931801a82c04d14) Importer(815301076,1909f56bfc062723c751e8b465ee728b) [PhysX] Initialized MultithreadedTaskDispatcher with 16 workers.
 -> (artifact id: 'debc4f756c5a0e30fd87cd3318c98c9c') in 0.012781 seconds
Number of updated asset objects reloaded before import = 0
Number of asset objects unloaded after import = 3
========================================================================
Received Import Request.
  Time since last request: 0.000015 seconds.
  path: Assets/Textures/TileMap/Captura de pantalla 2026-04-15 194756_41.asset
  artifactKey: Guid(1fa09625ec637a04db22828475c26cdf) Importer(815301076,1909f56bfc062723c751e8b465ee728b)
Start importing Assets/Textures/TileMap/Captura de pantalla 2026-04-15 194756_41.asset using Guid(1fa09625ec637a04db22828475c26cdf) Importer(815301076,1909f56bfc062723c751e8b465ee728b) [PhysX] Initialized MultithreadedTaskDispatcher with 16 workers.
 -> (artifact id: '6656206a5a79a797a9ec19a1ae4080c4') in 0.007665 seconds
Number of updated asset objects reloaded before import = 0
Number of asset objects unloaded after import = 3
========================================================================
Received Import Request.
  Time since last request: 0.000015 seconds.
  path: Assets/Textures/TileMap/Captura de pantalla 2026-04-15 194756_24.asset
  artifactKey: Guid(d503853edbeae924296768b60ec58bad) Importer(815301076,1909f56bfc062723c751e8b465ee728b)
Start importing Assets/Textures/TileMap/Captura de pantalla 2026-04-15 194756_24.asset using Guid(d503853edbeae924296768b60ec58bad) Importer(815301076,1909f56bfc062723c751e8b465ee728b) [PhysX] Initialized MultithreadedTaskDispatcher with 16 workers.
 -> (artifact id: '9954e583a87d0654b6371a48bbc1d6a2') in 0.006376 seconds
Number of updated asset objects reloaded before import = 0
Number of asset objects unloaded after import = 3
========================================================================
Received Import Request.
  Time since last request: 0.000015 seconds.
  path: Assets/Textures/TileMap/Captura de pantalla 2026-04-15 194756_39.asset
  artifactKey: Guid(9a7c2e17b81ba2d42b9b5eb1df8a1567) Importer(815301076,1909f56bfc062723c751e8b465ee728b)
Start importing Assets/Textures/TileMap/Captura de pantalla 2026-04-15 194756_39.asset using Guid(9a7c2e17b81ba2d42b9b5eb1df8a1567) Importer(815301076,1909f56bfc062723c751e8b465ee728b) [PhysX] Initialized MultithreadedTaskDispatcher with 16 workers.
 -> (artifact id: '224f583e357b1945e679a714e5f7f369') in 0.031181 seconds
Number of updated asset objects reloaded before import = 0
Number of asset objects unloaded after import = 3
========================================================================
Received Import Request.
  Time since last request: 0.000017 seconds.
  path: Assets/Textures/TileMap/Captura de pantalla 2026-04-15 194756_32.asset
  artifactKey: Guid(800356bdf0c43d24a985160f1a62aef2) Importer(815301076,1909f56bfc062723c751e8b465ee728b)
Start importing Assets/Textures/TileMap/Captura de pantalla 2026-04-15 194756_32.asset using Guid(800356bdf0c43d24a985160f1a62aef2) Importer(815301076,1909f56bfc062723c751e8b465ee728b) [PhysX] Initialized MultithreadedTaskDispatcher with 16 workers.
 -> (artifact id: '7da9abaf0a9617d6d3bb220020180432') in 0.014442 seconds
Number of updated asset objects reloaded before import = 0
Number of asset objects unloaded after import = 3
========================================================================
Received Import Request.
  Time since last request: 0.000016 seconds.
  path: Assets/Textures/TileMap/Captura de pantalla 2026-04-15 194756_34.asset
  artifactKey: Guid(c37dcae13bedf2e41a2b4ebac963d0a0) Importer(815301076,1909f56bfc062723c751e8b465ee728b)
Start importing Assets/Textures/TileMap/Captura de pantalla 2026-04-15 194756_34.asset using Guid(c37dcae13bedf2e41a2b4ebac963d0a0) Importer(815301076,1909f56bfc062723c751e8b465ee728b) [PhysX] Initialized MultithreadedTaskDispatcher with 16 workers.
 -> (artifact id: '1f1599931f09d33830d0a4c92bbc5ec3') in 0.013175 seconds
Number of updated asset objects reloaded before import = 0
Number of asset objects unloaded after import = 3
========================================================================
Received Import Request.
  Time since last request: 0.000019 seconds.
  path: Assets/Textures/TileMap/Captura de pantalla 2026-04-15 194756_16.asset
  artifactKey: Guid(1fd6551e1457c204ba9ff0d111327fd7) Importer(815301076,1909f56bfc062723c751e8b465ee728b)
Start importing Assets/Textures/TileMap/Captura de pantalla 2026-04-15 194756_16.asset using Guid(1fd6551e1457c204ba9ff0d111327fd7) Importer(815301076,1909f56bfc062723c751e8b465ee728b) [PhysX] Initialized MultithreadedTaskDispatcher with 16 workers.
 -> (artifact id: '060f5735738729710b3e9750ae942455') in 0.012788 seconds
Number of updated asset objects reloaded before import = 0
Number of asset objects unloaded after import = 3
========================================================================
Received Import Request.
  Time since last request: 0.000022 seconds.
  path: Assets/Textures/TileMap/Captura de pantalla 2026-04-15 194756_5.asset
  artifactKey: Guid(d1737aa8b703170498178d814e8ab4cb) Importer(815301076,1909f56bfc062723c751e8b465ee728b)
Start importing Assets/Textures/TileMap/Captura de pantalla 2026-04-15 194756_5.asset using Guid(d1737aa8b703170498178d814e8ab4cb) Importer(815301076,1909f56bfc062723c751e8b465ee728b) [PhysX] Initialized MultithreadedTaskDispatcher with 16 workers.
 -> (artifact id: 'ec69a758e469a812f99ad59bed4b3f60') in 0.013851 seconds
Number of updated asset objects reloaded before import = 0
Number of asset objects unloaded after import = 3
========================================================================
Received Import Request.
  Time since last request: 0.000014 seconds.
  path: Assets/Textures/TileMap/Captura de pantalla 2026-04-15 194756_3.asset
  artifactKey: Guid(2cf098a9993098b41aec1e8795f9f255) Importer(815301076,1909f56bfc062723c751e8b465ee728b)
Start importing Assets/Textures/TileMap/Captura de pantalla 2026-04-15 194756_3.asset using Guid(2cf098a9993098b41aec1e8795f9f255) Importer(815301076,1909f56bfc062723c751e8b465ee728b) [PhysX] Initialized MultithreadedTaskDispatcher with 16 workers.
 -> (artifact id: '03d8d14c18f0372290329265a5d3ff3b') in 0.013526 seconds
Number of updated asset objects reloaded before import = 0
Number of asset objects unloaded after import = 3
========================================================================
Received Import Request.
  Time since last request: 0.000015 seconds.
  path: Assets/Textures/TileMap/Captura de pantalla 2026-04-15 194756_6.asset
  artifactKey: Guid(50a2786d9e115144a925ef7f1449aed8) Importer(815301076,1909f56bfc062723c751e8b465ee728b)
Start importing Assets/Textures/TileMap/Captura de pantalla 2026-04-15 194756_6.asset using Guid(50a2786d9e115144a925ef7f1449aed8) Importer(815301076,1909f56bfc062723c751e8b465ee728b) [PhysX] Initialized MultithreadedTaskDispatcher with 16 workers.
 -> (artifact id: 'fe9a2ef476529c9cc67984b23b7baae8') in 0.015189 seconds
Number of updated asset objects reloaded before import = 0
Number of asset objects unloaded after import = 3
========================================================================
Received Import Request.
  Time since last request: 0.000014 seconds.
  path: Assets/Textures/TileMap/Captura de pantalla 2026-04-15 194756_20.asset
  artifactKey: Guid(73b37e6ba3703294db2575fa25a9c7c3) Importer(815301076,1909f56bfc062723c751e8b465ee728b)
Start importing Assets/Textures/TileMap/Captura de pantalla 2026-04-15 194756_20.asset using Guid(73b37e6ba3703294db2575fa25a9c7c3) Importer(815301076,1909f56bfc062723c751e8b465ee728b) [PhysX] Initialized MultithreadedTaskDispatcher with 16 workers.
 -> (artifact id: '5ad94aef67f7141444c8f0f81a4cef72') in 0.012740 seconds
Number of updated asset objects reloaded before import = 0
Number of asset objects unloaded after import = 3
========================================================================
Received Import Request.
  Time since last request: 0.000015 seconds.
  path: Assets/Textures/TileMap/Captura de pantalla 2026-04-15 194756_17.asset
  artifactKey: Guid(c5110cf8afca5ec4db60209fc055aab0) Importer(815301076,1909f56bfc062723c751e8b465ee728b)
Start importing Assets/Textures/TileMap/Captura de pantalla 2026-04-15 194756_17.asset using Guid(c5110cf8afca5ec4db60209fc055aab0) Importer(815301076,1909f56bfc062723c751e8b465ee728b) [PhysX] Initialized MultithreadedTaskDispatcher with 16 workers.
 -> (artifact id: '18ac57e943b8745e00e84a0b172338b8') in 0.013313 seconds
Number of updated asset objects reloaded before import = 0
Number of asset objects unloaded after import = 3
========================================================================
Received Prepare
Caller must complete domain reload
Begin MonoManager ReloadAssembly
- Loaded All Assemblies, in  0.475 seconds
Native extension for UWP target not found
Native extension for WindowsStandalone target not found
Native extension for iOS target not found
Native extension for Android target not found
Native extension for WebGL target not found
Mono: successfully reloaded assembly
- Finished resetting the current domain, in  1.193 seconds
Domain Reload Profiling: 1666ms
	BeginReloadAssembly (152ms)
		ExecutionOrderSort (0ms)
		DisableScriptedObjects (10ms)
		BackupInstance (0ms)
		ReleaseScriptingObjects (0ms)
		CreateAndSetChildDomain (35ms)
	RebuildCommonClasses (30ms)
	RebuildNativeTypeToScriptingClass (11ms)
	initialDomainReloadingComplete (27ms)
	LoadAllAssembliesAndSetupDomain (253ms)
		LoadAssemblies (307ms)
		RebuildTransferFunctionScriptingTraits (0ms)
		AnalyzeDomain (24ms)
			TypeCache.Refresh (10ms)
				TypeCache.ScanAssembly (0ms)
			ScanForSourceGeneratedMonoScriptInfo (0ms)
			ResolveRequiredComponents (12ms)
	FinalizeReload (1194ms)
		ReleaseScriptCaches (0ms)
		RebuildScriptCaches (0ms)
		SetupLoadedEditorAssemblies (524ms)
			LogAssemblyErrors (0ms)
			InitializePlatformSupportModulesInManaged (33ms)
			SetLoadedEditorAssemblies (5ms)
			RefreshPlugins (0ms)
			BeforeProcessingInitializeOnLoad (90ms)
			ProcessInitializeOnLoadAttributes (306ms)
			ProcessInitializeOnLoadMethodAttributes (81ms)
			AfterProcessingInitializeOnLoad (9ms)
			EditorAssembliesLoaded (0ms)
		ExecutionOrderSort2 (0ms)
		AwakeInstancesAfterBackupRestoration (18ms)
Refreshing native plugins compatible for Editor in 4.09 ms, found 5 plugins.
Preloading 0 native plugins for Editor in 0.00 ms.
Unloading 5947 Unused Serialized files (Serialized files now loaded: 0)
Unloading 23 unused Assets / (318.2 KB). Loaded Objects now: 6674.
Memory consumption went from 202.9 MB to 202.6 MB.
Total: 3.960300 ms (FindLiveObjects: 0.515300 ms CreateObjectMapping: 0.525100 ms MarkObjects: 2.823200 ms  DeleteObjects: 0.095900 ms)

Prepare: number of updated asset objects reloaded= 0
AssetImportParameters requested are different than current active one (requested -> active):
  custom:container-demuxer-ogg: 62fdf1f143b41e24485cea50d1cbac27 -> 
  custom:video-decoder-ogg-theora: a1e56fd34408186e4bbccfd4996cb3dc -> 
  custom:framework-win-MediaFoundation: 216162199b28c13a410421893ffa2e32 -> 
  custom:CustomObjectIndexerAttribute: 72b91833f83ae208fae7752999fa3104 -> 
  custom:container-demuxer-webm: 4f35f7cbe854078d1ac9338744f61a02 -> 
  custom:container-muxer-webm: aa71ff27fc2769a1b78a27578f13a17b -> 
  custom:video-decoder-webm-vp8: 9c59270c3fd7afecdb556c50c9e8de78 -> 
  custom:SearchIndexIgnoredProperties: e643bd26f0fe6173181afceb89e7c659 -> 
  custom:AudioImporter_EditorPlatform: d09bf68614088b80899f8185d706f6e7 -> 
  custom:video-encoder-webm-vp8: eb34c28f22e8b96e1ab97ce403110664 -> 
  custom:audio-decoder-ogg-vorbis: bf7c407c2cedff20999df2af8eb42d56 -> 
  custom:audio-encoder-webm-vorbis: bf7c407c2cedff20999df2af8eb42d56 -> 
Editor requested this worker to shutdown with reason: Scaling down because of idle timeout
TcpMessagingSession - receive error: operation aborted. errorcode: 995, details: La operación de E/S se anuló por una salida de subproceso o por una solicitud de aplicación.
AssetImportWorker is now disconnected from the server
Process exiting
Exiting without the bug reporter. Application will terminate with return code 0