Using pre-set license
Built from '2022.3/staging' branch; Version is '2022.3.45f1 (a13dfa44d684) revision 10567162'; Using compiler version '192829333'; Build Type 'Release'
OS: 'Windows 10  (10.0.19045) 64bit Professional' Language: 'ca' Physical Memory: 32505 MB
BatchMode: 1, IsHumanControllingUs: 0, StartBugReporterOnCrash: 0, Is64bit: 1, IsPro: 1

COMMAND LINE ARGUMENTS:
C:\Program Files\Unity\Hub\Editor\2022.3.45f1\Editor\Unity.exe
-adb2
-batchMode
-noUpm
-name
AssetImportWorker8
-projectPath
D:/digitalitzacion/Projecte MegaMan
-logFile
Logs/AssetImportWorker8.log
-srvPort
52002
Successfully changed project path to: D:/digitalitzacion/Projecte MegaMan
D:/digitalitzacion/Projecte MegaMan
[UnityMemory] Configuration Parameters - Can be set up in boot.config
    "memorysetup-bucket-allocator-granularity=16"
    "memorysetup-bucket-allocator-bucket-count=8"
    "memorysetup-bucket-allocator-block-size=33554432"
    "memorysetup-bucket-allocator-block-count=8"
    "memorysetup-main-allocator-block-size=16777216"
    "memorysetup-thread-allocator-block-size=16777216"
    "memorysetup-gfx-main-allocator-block-size=16777216"
    "memorysetup-gfx-thread-allocator-block-size=16777216"
    "memorysetup-cache-allocator-block-size=4194304"
    "memorysetup-typetree-allocator-block-size=2097152"
    "memorysetup-profiler-bucket-allocator-granularity=16"
    "memorysetup-profiler-bucket-allocator-bucket-count=8"
    "memorysetup-profiler-bucket-allocator-block-size=33554432"
    "memorysetup-profiler-bucket-allocator-block-count=8"
    "memorysetup-profiler-allocator-block-size=16777216"
    "memorysetup-profiler-editor-allocator-block-size=1048576"
    "memorysetup-temp-allocator-size-main=16777216"
    "memorysetup-job-temp-allocator-block-size=2097152"
    "memorysetup-job-temp-allocator-block-size-background=1048576"
    "memorysetup-job-temp-allocator-reduction-small-platforms=262144"
    "memorysetup-allocator-temp-initial-block-size-main=262144"
    "memorysetup-allocator-temp-initial-block-size-worker=262144"
    "memorysetup-temp-allocator-size-background-worker=32768"
    "memorysetup-temp-allocator-size-job-worker=262144"
    "memorysetup-temp-allocator-size-preload-manager=33554432"
    "memorysetup-temp-allocator-size-nav-mesh-worker=65536"
    "memorysetup-temp-allocator-size-audio-worker=65536"
    "memorysetup-temp-allocator-size-cloud-worker=32768"
    "memorysetup-temp-allocator-size-gi-baking-worker=262144"
    "memorysetup-temp-allocator-size-gfx=262144"
Player connection [16872]  Target information:

Player connection [16872]  * "[IP] 192.168.56.1 [Port] 0 [Flags] 2 [Guid] 3182353987 [EditorId] 3182353987 [Version] 1048832 [Id] WindowsEditor(7,DEPT-A1) [Debug] 1 [PackageName] WindowsEditor [ProjectName] Editor" 

Player connection [16872]  * "[IP] 192.168.202.113 [Port] 0 [Flags] 2 [Guid] 3182353987 [EditorId] 3182353987 [Version] 1048832 [Id] WindowsEditor(7,DEPT-A1) [Debug] 1 [PackageName] WindowsEditor [ProjectName] Editor" 

Player connection [16872] Host joined multi-casting on [225.0.0.222:54997]...
Player connection [16872] Host joined alternative multi-casting on [225.0.0.222:34997]...
[PhysX] Initialized MultithreadedTaskDispatcher with 16 workers.
Refreshing native plugins compatible for Editor in 15.23 ms, found 5 plugins.
Preloading 0 native plugins for Editor in 0.00 ms.
Initialize engine version: 2022.3.45f1 (a13dfa44d684)
[Subsystems] Discovering subsystems at path C:/Program Files/Unity/Hub/Editor/2022.3.45f1/Editor/Data/Resources/UnitySubsystems
[Subsystems] Discovering subsystems at path D:/digitalitzacion/Projecte MegaMan/Assets
GfxDevice: creating device client; threaded=0; jobified=0
Direct3D:
    Version:  Direct3D 11.0 [level 11.1]
    Renderer: AMD Radeon Pro W5500 (ID=0x7341)
    Vendor:   ATI
    VRAM:     8151 MB
    Driver:   32.0.21010.10
Initialize mono
Mono path[0] = 'C:/Program Files/Unity/Hub/Editor/2022.3.45f1/Editor/Data/Managed'
Mono path[1] = 'C:/Program Files/Unity/Hub/Editor/2022.3.45f1/Editor/Data/MonoBleedingEdge/lib/mono/unityjit-win32'
Mono config path = 'C:/Program Files/Unity/Hub/Editor/2022.3.45f1/Editor/Data/MonoBleedingEdge/etc'
Using monoOptions --debugger-agent=transport=dt_socket,embedding=1,server=y,suspend=n,address=127.0.0.1:56996
Begin MonoManager ReloadAssembly
Registering precompiled unity dll's ...
Register platform support module: C:/Program Files/Unity/Hub/Editor/2022.3.45f1/Editor/Data/PlaybackEngines/WebGLSupport/UnityEditor.WebGL.Extensions.dll
Register platform support module: C:/Program Files/Unity/Hub/Editor/2022.3.45f1/Editor/Data/PlaybackEngines/AndroidPlayer/UnityEditor.Android.Extensions.dll
Register platform support module: C:/Program Files/Unity/Hub/Editor/2022.3.45f1/Editor/Data/PlaybackEngines/iOSSupport/UnityEditor.iOS.Extensions.dll
Register platform support module: C:/Program Files/Unity/Hub/Editor/2022.3.45f1/Editor/Data/PlaybackEngines/WindowsStandaloneSupport/UnityEditor.WindowsStandalone.Extensions.dll
Register platform support module: C:/Program Files/Unity/Hub/Editor/2022.3.45f1/Editor/Data/PlaybackEngines/MetroSupport/UnityEditor.UWP.Extensions.dll
Registered in 0.014749 seconds.
- Loaded All Assemblies, in  0.379 seconds
Native extension for UWP target not found
Native extension for WindowsStandalone target not found
[usbmuxd] Start listen thread
[usbmuxd] Listen thread started
Native extension for iOS target not found
Native extension for Android target not found
Android Extension - Scanning For ADB Devices 269 ms
Native extension for WebGL target not found
Mono: successfully reloaded assembly
- Finished resetting the current domain, in  0.588 seconds
Domain Reload Profiling: 966ms
	BeginReloadAssembly (109ms)
		ExecutionOrderSort (0ms)
		DisableScriptedObjects (0ms)
		BackupInstance (0ms)
		ReleaseScriptingObjects (0ms)
		CreateAndSetChildDomain (1ms)
	RebuildCommonClasses (34ms)
	RebuildNativeTypeToScriptingClass (11ms)
	initialDomainReloadingComplete (64ms)
	LoadAllAssembliesAndSetupDomain (158ms)
		LoadAssemblies (109ms)
		RebuildTransferFunctionScriptingTraits (0ms)
		AnalyzeDomain (155ms)
			TypeCache.Refresh (154ms)
				TypeCache.ScanAssembly (140ms)
			ScanForSourceGeneratedMonoScriptInfo (0ms)
			ResolveRequiredComponents (0ms)
	FinalizeReload (589ms)
		ReleaseScriptCaches (0ms)
		RebuildScriptCaches (0ms)
		SetupLoadedEditorAssemblies (544ms)
			LogAssemblyErrors (0ms)
			InitializePlatformSupportModulesInManaged (374ms)
			SetLoadedEditorAssemblies (4ms)
			RefreshPlugins (0ms)
			BeforeProcessingInitializeOnLoad (2ms)
			ProcessInitializeOnLoadAttributes (120ms)
			ProcessInitializeOnLoadMethodAttributes (43ms)
			AfterProcessingInitializeOnLoad (0ms)
			EditorAssembliesLoaded (0ms)
		ExecutionOrderSort2 (0ms)
		AwakeInstancesAfterBackupRestoration (0ms)
========================================================================
Worker process is ready to serve import requests
Caller must complete domain reload
Begin MonoManager ReloadAssembly
- Loaded All Assemblies, in  0.706 seconds
Native extension for UWP target not found
Native extension for WindowsStandalone target not found
Native extension for iOS target not found
Native extension for Android target not found
Native extension for WebGL target not found
Mono: successfully reloaded assembly
- Finished resetting the current domain, in  0.644 seconds
Domain Reload Profiling: 1348ms
	BeginReloadAssembly (149ms)
		ExecutionOrderSort (0ms)
		DisableScriptedObjects (6ms)
		BackupInstance (0ms)
		ReleaseScriptingObjects (0ms)
		CreateAndSetChildDomain (22ms)
	RebuildCommonClasses (35ms)
	RebuildNativeTypeToScriptingClass (10ms)
	initialDomainReloadingComplete (44ms)
	LoadAllAssembliesAndSetupDomain (465ms)
		LoadAssemblies (329ms)
		RebuildTransferFunctionScriptingTraits (0ms)
		AnalyzeDomain (221ms)
			TypeCache.Refresh (184ms)
				TypeCache.ScanAssembly (167ms)
			ScanForSourceGeneratedMonoScriptInfo (26ms)
			ResolveRequiredComponents (9ms)
	FinalizeReload (645ms)
		ReleaseScriptCaches (0ms)
		RebuildScriptCaches (0ms)
		SetupLoadedEditorAssemblies (481ms)
			LogAssemblyErrors (0ms)
			InitializePlatformSupportModulesInManaged (27ms)
			SetLoadedEditorAssemblies (5ms)
			RefreshPlugins (0ms)
			BeforeProcessingInitializeOnLoad (76ms)
			ProcessInitializeOnLoadAttributes (289ms)
			ProcessInitializeOnLoadMethodAttributes (76ms)
			AfterProcessingInitializeOnLoad (7ms)
			EditorAssembliesLoaded (0ms)
		ExecutionOrderSort2 (0ms)
		AwakeInstancesAfterBackupRestoration (7ms)
Launched and connected shader compiler UnityShaderCompiler.exe after 0.04 seconds
Refreshing native plugins compatible for Editor in 4.33 ms, found 5 plugins.
Preloading 0 native plugins for Editor in 0.00 ms.
Unloading 6100 Unused Serialized files (Serialized files now loaded: 0)
Unloading 36 unused Assets / (348.6 KB). Loaded Objects now: 6568.
Memory consumption went from 224.1 MB to 223.8 MB.
Total: 3.565900 ms (FindLiveObjects: 0.451200 ms CreateObjectMapping: 0.482200 ms MarkObjects: 2.484200 ms  DeleteObjects: 0.146700 ms)

AssetImportParameters requested are different than current active one (requested -> active):
  custom:container-demuxer-ogg: 62fdf1f143b41e24485cea50d1cbac27 -> 
  custom:video-decoder-ogg-theora: a1e56fd34408186e4bbccfd4996cb3dc -> 
  custom:framework-win-MediaFoundation: 216162199b28c13a410421893ffa2e32 -> 
  custom:CustomObjectIndexerAttribute: 72b91833f83ae208fae7752999fa3104 -> 
  custom:container-demuxer-webm: 4f35f7cbe854078d1ac9338744f61a02 -> 
  custom:container-muxer-webm: aa71ff27fc2769a1b78a27578f13a17b -> 
  custom:video-decoder-webm-vp8: 9c59270c3fd7afecdb556c50c9e8de78 -> 
  custom:SearchIndexIgnoredProperties: e643bd26f0fe6173181afceb89e7c659 -> 
  custom:AudioImporter_EditorPlatform: d09bf68614088b80899f8185d706f6e7 -> 
  custom:video-encoder-webm-vp8: eb34c28f22e8b96e1ab97ce403110664 -> 
  custom:audio-decoder-ogg-vorbis: bf7c407c2cedff20999df2af8eb42d56 -> 
  custom:audio-encoder-webm-vorbis: bf7c407c2cedff20999df2af8eb42d56 -> 
========================================================================
Received Import Request.
  Time since last request: 6570.723854 seconds.
  path: Assets/Textures/TileMap/Captura de pantalla 2026-04-15 194756.jpg
  artifactKey: Guid(3ab82bae521079745a82e2f49a56e261) Importer(815301076,1909f56bfc062723c751e8b465ee728b)
Start importing Assets/Textures/TileMap/Captura de pantalla 2026-04-15 194756.jpg using Guid(3ab82bae521079745a82e2f49a56e261) Importer(815301076,1909f56bfc062723c751e8b465ee728b) [PhysX] Initialized MultithreadedTaskDispatcher with 16 workers.
[PhysX] Initialized MultithreadedTaskDispatcher with 16 workers.
 -> (artifact id: 'b73e9a5a304e11b1af9325e5b34d4c30') in 0.248216 seconds
Number of updated asset objects reloaded before import = 0
Number of asset objects unloaded after import = 44
========================================================================
Received Import Request.
  Time since last request: 0.000022 seconds.
  path: Assets/Textures/TileMap/Captura de pantalla 2026-04-15 194756_41.asset
  artifactKey: Guid(1fa09625ec637a04db22828475c26cdf) Importer(815301076,1909f56bfc062723c751e8b465ee728b)
Start importing Assets/Textures/TileMap/Captura de pantalla 2026-04-15 194756_41.asset using Guid(1fa09625ec637a04db22828475c26cdf) Importer(815301076,1909f56bfc062723c751e8b465ee728b) [PhysX] Initialized MultithreadedTaskDispatcher with 16 workers.
 -> (artifact id: 'd065a0e47dd949ebcb74bebe077e1523') in 0.012940 seconds
Number of updated asset objects reloaded before import = 0
Number of asset objects unloaded after import = 3
========================================================================
Received Import Request.
  Time since last request: 0.000019 seconds.
  path: Assets/Textures/TileMap/Captura de pantalla 2026-04-15 194756_24.asset
  artifactKey: Guid(d503853edbeae924296768b60ec58bad) Importer(815301076,1909f56bfc062723c751e8b465ee728b)
Start importing Assets/Textures/TileMap/Captura de pantalla 2026-04-15 194756_24.asset using Guid(d503853edbeae924296768b60ec58bad) Importer(815301076,1909f56bfc062723c751e8b465ee728b) [PhysX] Initialized MultithreadedTaskDispatcher with 16 workers.
 -> (artifact id: '647313fc4e6cba665df6bdd2560ab048') in 0.013437 seconds
Number of updated asset objects reloaded before import = 0
Number of asset objects unloaded after import = 3
========================================================================
Received Import Request.
  Time since last request: 0.000017 seconds.
  path: Assets/Textures/TileMap/Captura de pantalla 2026-04-15 194756_21.asset
  artifactKey: Guid(496ff75bf7ba30443b4aa027c798cbfc) Importer(815301076,1909f56bfc062723c751e8b465ee728b)
Start importing Assets/Textures/TileMap/Captura de pantalla 2026-04-15 194756_21.asset using Guid(496ff75bf7ba30443b4aa027c798cbfc) Importer(815301076,1909f56bfc062723c751e8b465ee728b) [PhysX] Initialized MultithreadedTaskDispatcher with 16 workers.
 -> (artifact id: '4e5f75b310951fa76a574d06715824cd') in 0.012802 seconds
Number of updated asset objects reloaded before import = 0
Number of asset objects unloaded after import = 3
========================================================================
Received Import Request.
  Time since last request: 0.000017 seconds.
  path: Assets/Textures/TileMap/Captura de pantalla 2026-04-15 194756_39.asset
  artifactKey: Guid(9a7c2e17b81ba2d42b9b5eb1df8a1567) Importer(815301076,1909f56bfc062723c751e8b465ee728b)
Start importing Assets/Textures/TileMap/Captura de pantalla 2026-04-15 194756_39.asset using Guid(9a7c2e17b81ba2d42b9b5eb1df8a1567) Importer(815301076,1909f56bfc062723c751e8b465ee728b) [PhysX] Initialized MultithreadedTaskDispatcher with 16 workers.
 -> (artifact id: '9709b1816144c38f3e82d77749fa6647') in 0.007759 seconds
Number of updated asset objects reloaded before import = 0
Number of asset objects unloaded after import = 3
========================================================================
Received Import Request.
  Time since last request: 0.000020 seconds.
  path: Assets/Textures/TileMap/Captura de pantalla 2026-04-15 194756_19.asset
  artifactKey: Guid(d6559c79c91d72742b10cec24fa1c126) Importer(815301076,1909f56bfc062723c751e8b465ee728b)
Start importing Assets/Textures/TileMap/Captura de pantalla 2026-04-15 194756_19.asset using Guid(d6559c79c91d72742b10cec24fa1c126) Importer(815301076,1909f56bfc062723c751e8b465ee728b) [PhysX] Initialized MultithreadedTaskDispatcher with 16 workers.
 -> (artifact id: '28b99aa0cbc77a8037ff1a5d44f73aa2') in 0.012952 seconds
Number of updated asset objects reloaded before import = 0
Number of asset objects unloaded after import = 3
========================================================================
Received Import Request.
  Time since last request: 0.000017 seconds.
  path: Assets/Textures/TileMap/Captura de pantalla 2026-04-15 194756_18.asset
  artifactKey: Guid(75a4ff264ed76754c8061788e8b2a1bf) Importer(815301076,1909f56bfc062723c751e8b465ee728b)
Start importing Assets/Textures/TileMap/Captura de pantalla 2026-04-15 194756_18.asset using Guid(75a4ff264ed76754c8061788e8b2a1bf) Importer(815301076,1909f56bfc062723c751e8b465ee728b) [PhysX] Initialized MultithreadedTaskDispatcher with 16 workers.
 -> (artifact id: 'cff7644aa5ad355aec4dbaa472bd9bd8') in 0.013930 seconds
Number of updated asset objects reloaded before import = 0
Number of asset objects unloaded after import = 3
========================================================================
Received Import Request.
  Time since last request: 0.000015 seconds.
  path: Assets/Textures/TileMap/Captura de pantalla 2026-04-15 194756_35.asset
  artifactKey: Guid(9b1b0d0efcbe00c4f925515c39eadc2c) Importer(815301076,1909f56bfc062723c751e8b465ee728b)
Start importing Assets/Textures/TileMap/Captura de pantalla 2026-04-15 194756_35.asset using Guid(9b1b0d0efcbe00c4f925515c39eadc2c) Importer(815301076,1909f56bfc062723c751e8b465ee728b) [PhysX] Initialized MultithreadedTaskDispatcher with 16 workers.
 -> (artifact id: 'de0653d1e3c6acba3c6c53bda25ffde0') in 0.013550 seconds
Number of updated asset objects reloaded before import = 0
Number of asset objects unloaded after import = 3
========================================================================
Received Import Request.
  Time since last request: 0.000017 seconds.
  path: Assets/Textures/TileMap/Captura de pantalla 2026-04-15 194756_10.asset
  artifactKey: Guid(2b04bff735f99084195df4039b8b35ca) Importer(815301076,1909f56bfc062723c751e8b465ee728b)
Start importing Assets/Textures/TileMap/Captura de pantalla 2026-04-15 194756_10.asset using Guid(2b04bff735f99084195df4039b8b35ca) Importer(815301076,1909f56bfc062723c751e8b465ee728b) [PhysX] Initialized MultithreadedTaskDispatcher with 16 workers.
 -> (artifact id: '32bbeba5573725dc2c895303340f0669') in 0.013128 seconds
Number of updated asset objects reloaded before import = 0
Number of asset objects unloaded after import = 3
========================================================================
Received Import Request.
  Time since last request: 0.000016 seconds.
  path: Assets/Textures/TileMap/Captura de pantalla 2026-04-15 194756_13.asset
  artifactKey: Guid(98ff041abe58c8447914aaf0304ff020) Importer(815301076,1909f56bfc062723c751e8b465ee728b)
Start importing Assets/Textures/TileMap/Captura de pantalla 2026-04-15 194756_13.asset using Guid(98ff041abe58c8447914aaf0304ff020) Importer(815301076,1909f56bfc062723c751e8b465ee728b) [PhysX] Initialized MultithreadedTaskDispatcher with 16 workers.
 -> (artifact id: '51c047a8cadde9e2ba22153b279d4749') in 0.018084 seconds
Number of updated asset objects reloaded before import = 0
Number of asset objects unloaded after import = 3
========================================================================
Received Import Request.
  Time since last request: 0.000015 seconds.
  path: Assets/Textures/TileMap/Captura de pantalla 2026-04-15 194756_26.asset
  artifactKey: Guid(a4575ec5085291243bd67659482f0c30) Importer(815301076,1909f56bfc062723c751e8b465ee728b)
Start importing Assets/Textures/TileMap/Captura de pantalla 2026-04-15 194756_26.asset using Guid(a4575ec5085291243bd67659482f0c30) Importer(815301076,1909f56bfc062723c751e8b465ee728b) [PhysX] Initialized MultithreadedTaskDispatcher with 16 workers.
 -> (artifact id: '63b1555bf6a6c383ab92cb3863060531') in 0.012438 seconds
Number of updated asset objects reloaded before import = 0
Number of asset objects unloaded after import = 3
========================================================================
Received Import Request.
  Time since last request: 0.000016 seconds.
  path: Assets/Textures/TileMap/Captura de pantalla 2026-04-15 194756_37.asset
  artifactKey: Guid(3d145fe49ba9aa347b4c6043d8d00f36) Importer(815301076,1909f56bfc062723c751e8b465ee728b)
Start importing Assets/Textures/TileMap/Captura de pantalla 2026-04-15 194756_37.asset using Guid(3d145fe49ba9aa347b4c6043d8d00f36) Importer(815301076,1909f56bfc062723c751e8b465ee728b) [PhysX] Initialized MultithreadedTaskDispatcher with 16 workers.
 -> (artifact id: '378da14160a27ab1bbec3a3a7c909aaa') in 0.012628 seconds
Number of updated asset objects reloaded before import = 0
Number of asset objects unloaded after import = 3
========================================================================
Received Import Request.
  Time since last request: 0.000015 seconds.
  path: Assets/Textures/TileMap/Captura de pantalla 2026-04-15 194756_29.asset
  artifactKey: Guid(e4a78a8aa0d8a7b44b2ff9fdfcdca395) Importer(815301076,1909f56bfc062723c751e8b465ee728b)
Start importing Assets/Textures/TileMap/Captura de pantalla 2026-04-15 194756_29.asset using Guid(e4a78a8aa0d8a7b44b2ff9fdfcdca395) Importer(815301076,1909f56bfc062723c751e8b465ee728b) [PhysX] Initialized MultithreadedTaskDispatcher with 16 workers.
 -> (artifact id: '1d2f6d37c0f2ac261989ef74686d791c') in 0.014578 seconds
Number of updated asset objects reloaded before import = 0
Number of asset objects unloaded after import = 3
========================================================================
Received Import Request.
  Time since last request: 0.000019 seconds.
  path: Assets/Textures/TileMap/Captura de pantalla 2026-04-15 194756_36.asset
  artifactKey: Guid(49b12a74d98d117469e70578866eefd3) Importer(815301076,1909f56bfc062723c751e8b465ee728b)
Start importing Assets/Textures/TileMap/Captura de pantalla 2026-04-15 194756_36.asset using Guid(49b12a74d98d117469e70578866eefd3) Importer(815301076,1909f56bfc062723c751e8b465ee728b) [PhysX] Initialized MultithreadedTaskDispatcher with 16 workers.
 -> (artifact id: '805ee66f1e0b0cf43f8253e670b9efdf') in 0.014576 seconds
Number of updated asset objects reloaded before import = 0
Number of asset objects unloaded after import = 3
========================================================================
Received Import Request.
  Time since last request: 0.000022 seconds.
  path: Assets/Textures/TileMap/Captura de pantalla 2026-04-15 194756_1.asset
  artifactKey: Guid(481f13ec509bb0d4680a47eb43f8be9e) Importer(815301076,1909f56bfc062723c751e8b465ee728b)
Start importing Assets/Textures/TileMap/Captura de pantalla 2026-04-15 194756_1.asset using Guid(481f13ec509bb0d4680a47eb43f8be9e) Importer(815301076,1909f56bfc062723c751e8b465ee728b) [PhysX] Initialized MultithreadedTaskDispatcher with 16 workers.
 -> (artifact id: '1a7036f46067c836064fddf9c333da75') in 0.013230 seconds
Number of updated asset objects reloaded before import = 0
Number of asset objects unloaded after import = 3
========================================================================
Received Import Request.
  Time since last request: 0.000016 seconds.
  path: Assets/Textures/TileMap/Captura de pantalla 2026-04-15 194756_22.asset
  artifactKey: Guid(02d5b450f9447c14db78da59e827516f) Importer(815301076,1909f56bfc062723c751e8b465ee728b)
Start importing Assets/Textures/TileMap/Captura de pantalla 2026-04-15 194756_22.asset using Guid(02d5b450f9447c14db78da59e827516f) Importer(815301076,1909f56bfc062723c751e8b465ee728b) [PhysX] Initialized MultithreadedTaskDispatcher with 16 workers.
 -> (artifact id: '0fc5033ca743d0c9876431194ccb352a') in 0.014801 seconds
Number of updated asset objects reloaded before import = 0
Number of asset objects unloaded after import = 3
========================================================================
Received Import Request.
  Time since last request: 0.000015 seconds.
  path: Assets/Textures/TileMap/NivelDeHielo.prefab
  artifactKey: Guid(8854d9043af0ea64bacff86f5ab3068b) Importer(815301076,1909f56bfc062723c751e8b465ee728b)
Start importing Assets/Textures/TileMap/NivelDeHielo.prefab using Guid(8854d9043af0ea64bacff86f5ab3068b) Importer(815301076,1909f56bfc062723c751e8b465ee728b) [PhysX] Initialized MultithreadedTaskDispatcher with 16 workers.
[PhysX] Initialized MultithreadedTaskDispatcher with 16 workers.
In order to call GetTransformInfoExpectUpToDate, RendererUpdateManager.UpdateAll must be called first.
UnityEngine.StackTraceUtility:ExtractStackTrace ()
UnityEngine.Rendering.ScriptableRenderContext:Internal_Cull (UnityEngine.Rendering.ScriptableCullingParameters&,UnityEngine.Rendering.ScriptableRenderContext,intptr)
UnityEngine.Rendering.ScriptableRenderContext:Cull (UnityEngine.Rendering.ScriptableCullingParameters&)
UnityEngine.Rendering.Universal.UniversalRenderPipeline:RenderSingleCamera (UnityEngine.Rendering.ScriptableRenderContext,UnityEngine.Rendering.Universal.CameraData&) (at ./Library/PackageCache/com.unity.render-pipelines.universal@14.0.11/Runtime/UniversalRenderPipeline.cs:670)
UnityEngine.Rendering.Universal.UniversalRenderPipeline:RenderSingleCameraInternal (UnityEngine.Rendering.ScriptableRenderContext,UnityEngine.Camera,UnityEngine.Rendering.Universal.UniversalAdditionalCameraData&) (at ./Library/PackageCache/com.unity.render-pipelines.universal@14.0.11/Runtime/UniversalRenderPipeline.cs:575)
UnityEngine.Rendering.Universal.UniversalRenderPipeline:RenderSingleCameraInternal (UnityEngine.Rendering.ScriptableRenderContext,UnityEngine.Camera) (at ./Library/PackageCache/com.unity.render-pipelines.universal@14.0.11/Runtime/UniversalRenderPipeline.cs:558)
UnityEngine.Rendering.Universal.UniversalRenderPipeline:Render (UnityEngine.Rendering.ScriptableRenderContext,System.Collections.Generic.List`1<UnityEngine.Camera>) (at ./Library/PackageCache/com.unity.render-pipelines.universal@14.0.11/Runtime/UniversalRenderPipeline.cs:384)
UnityEngine.Rendering.RenderPipeline:InternalRender (UnityEngine.Rendering.ScriptableRenderContext,System.Collections.Generic.List`1<UnityEngine.Camera>)
UnityEngine.Rendering.RenderPipelineManager:DoRenderLoop_Internal (UnityEngine.Rendering.RenderPipelineAsset,intptr,UnityEngine.Object,Unity.Collections.LowLevel.Unsafe.AtomicSafetyHandle)
UnityEditor.PreviewRenderUtility:Render (bool,bool)
UnityEditor.GameObjectInspector:DoRenderPreview (UnityEditor.GameObjectInspector/PreviewData)
UnityEditor.GameObjectInspector:RenderStaticPreview (string,UnityEngine.Object[],int,int)
UnityEditor.AssetPreviewUpdater:CreatePreview (UnityEngine.Object,UnityEngine.Object[],string,int,int)
UnityEditor.AssetPreviewUpdater:CreatePreviewForAsset (UnityEngine.Object,UnityEngine.Object[],string)

[./Library/PackageCache/com.unity.render-pipelines.universal@14.0.11/Runtime/UniversalRenderPipeline.cs line 670]

 -> (artifact id: 'be7cf836bd966aa4a06b2acd80ef2b9d') in 0.193816 seconds
Number of updated asset objects reloaded before import = 0
Number of asset objects unloaded after import = 114
Editor requested this worker to shutdown with reason: Scaling down because of idle timeout
TcpMessagingSession - receive error: operation aborted. errorcode: 995, details: La operación de E/S se anuló por una salida de subproceso o por una solicitud de aplicación.
AssetImportWorker is now disconnected from the server
Process exiting
Exiting without the bug reporter. Application will terminate with return code 0