Using pre-set license
Built from '2022.3/staging' branch; Version is '2022.3.45f1 (a13dfa44d684) revision 10567162'; Using compiler version '192829333'; Build Type 'Release'
OS: 'Windows 10  (10.0.19045) 64bit Professional' Language: 'ca' Physical Memory: 32505 MB
BatchMode: 1, IsHumanControllingUs: 0, StartBugReporterOnCrash: 0, Is64bit: 1, IsPro: 1

COMMAND LINE ARGUMENTS:
C:\Program Files\Unity\Hub\Editor\2022.3.45f1\Editor\Unity.exe
-adb2
-batchMode
-noUpm
-name
AssetImportWorker6
-projectPath
D:/digitalitzacion/Projecte MegaMan
-logFile
Logs/AssetImportWorker6.log
-srvPort
52002
Successfully changed project path to: D:/digitalitzacion/Projecte MegaMan
D:/digitalitzacion/Projecte MegaMan
[UnityMemory] Configuration Parameters - Can be set up in boot.config
    "memorysetup-bucket-allocator-granularity=16"
    "memorysetup-bucket-allocator-bucket-count=8"
    "memorysetup-bucket-allocator-block-size=33554432"
    "memorysetup-bucket-allocator-block-count=8"
    "memorysetup-main-allocator-block-size=16777216"
    "memorysetup-thread-allocator-block-size=16777216"
    "memorysetup-gfx-main-allocator-block-size=16777216"
    "memorysetup-gfx-thread-allocator-block-size=16777216"
    "memorysetup-cache-allocator-block-size=4194304"
    "memorysetup-typetree-allocator-block-size=2097152"
    "memorysetup-profiler-bucket-allocator-granularity=16"
    "memorysetup-profiler-bucket-allocator-bucket-count=8"
    "memorysetup-profiler-bucket-allocator-block-size=33554432"
    "memorysetup-profiler-bucket-allocator-block-count=8"
    "memorysetup-profiler-allocator-block-size=16777216"
    "memorysetup-profiler-editor-allocator-block-size=1048576"
    "memorysetup-temp-allocator-size-main=16777216"
    "memorysetup-job-temp-allocator-block-size=2097152"
    "memorysetup-job-temp-allocator-block-size-background=1048576"
    "memorysetup-job-temp-allocator-reduction-small-platforms=262144"
    "memorysetup-allocator-temp-initial-block-size-main=262144"
    "memorysetup-allocator-temp-initial-block-size-worker=262144"
    "memorysetup-temp-allocator-size-background-worker=32768"
    "memorysetup-temp-allocator-size-job-worker=262144"
    "memorysetup-temp-allocator-size-preload-manager=33554432"
    "memorysetup-temp-allocator-size-nav-mesh-worker=65536"
    "memorysetup-temp-allocator-size-audio-worker=65536"
    "memorysetup-temp-allocator-size-cloud-worker=32768"
    "memorysetup-temp-allocator-size-gi-baking-worker=262144"
    "memorysetup-temp-allocator-size-gfx=262144"
Player connection [14508]  Target information:

Player connection [14508]  * "[IP] 192.168.56.1 [Port] 0 [Flags] 2 [Guid] 2792928574 [EditorId] 2792928574 [Version] 1048832 [Id] WindowsEditor(7,DEPT-A1) [Debug] 1 [PackageName] WindowsEditor [ProjectName] Editor" 

Player connection [14508]  * "[IP] 192.168.202.113 [Port] 0 [Flags] 2 [Guid] 2792928574 [EditorId] 2792928574 [Version] 1048832 [Id] WindowsEditor(7,DEPT-A1) [Debug] 1 [PackageName] WindowsEditor [ProjectName] Editor" 

Player connection [14508] Host joined multi-casting on [225.0.0.222:54997]...
Player connection [14508] Host joined alternative multi-casting on [225.0.0.222:34997]...
[PhysX] Initialized MultithreadedTaskDispatcher with 16 workers.
Refreshing native plugins compatible for Editor in 15.95 ms, found 5 plugins.
Preloading 0 native plugins for Editor in 0.00 ms.
Initialize engine version: 2022.3.45f1 (a13dfa44d684)
[Subsystems] Discovering subsystems at path C:/Program Files/Unity/Hub/Editor/2022.3.45f1/Editor/Data/Resources/UnitySubsystems
[Subsystems] Discovering subsystems at path D:/digitalitzacion/Projecte MegaMan/Assets
GfxDevice: creating device client; threaded=0; jobified=0
Direct3D:
    Version:  Direct3D 11.0 [level 11.1]
    Renderer: AMD Radeon Pro W5500 (ID=0x7341)
    Vendor:   ATI
    VRAM:     8151 MB
    Driver:   32.0.21010.10
Initialize mono
Mono path[0] = 'C:/Program Files/Unity/Hub/Editor/2022.3.45f1/Editor/Data/Managed'
Mono path[1] = 'C:/Program Files/Unity/Hub/Editor/2022.3.45f1/Editor/Data/MonoBleedingEdge/lib/mono/unityjit-win32'
Mono config path = 'C:/Program Files/Unity/Hub/Editor/2022.3.45f1/Editor/Data/MonoBleedingEdge/etc'
Using monoOptions --debugger-agent=transport=dt_socket,embedding=1,server=y,suspend=n,address=127.0.0.1:56284
Begin MonoManager ReloadAssembly
Registering precompiled unity dll's ...
Register platform support module: C:/Program Files/Unity/Hub/Editor/2022.3.45f1/Editor/Data/PlaybackEngines/WebGLSupport/UnityEditor.WebGL.Extensions.dll
Register platform support module: C:/Program Files/Unity/Hub/Editor/2022.3.45f1/Editor/Data/PlaybackEngines/AndroidPlayer/UnityEditor.Android.Extensions.dll
Register platform support module: C:/Program Files/Unity/Hub/Editor/2022.3.45f1/Editor/Data/PlaybackEngines/iOSSupport/UnityEditor.iOS.Extensions.dll
Register platform support module: C:/Program Files/Unity/Hub/Editor/2022.3.45f1/Editor/Data/PlaybackEngines/WindowsStandaloneSupport/UnityEditor.WindowsStandalone.Extensions.dll
Register platform support module: C:/Program Files/Unity/Hub/Editor/2022.3.45f1/Editor/Data/PlaybackEngines/MetroSupport/UnityEditor.UWP.Extensions.dll
Registered in 0.014692 seconds.
- Loaded All Assemblies, in  0.374 seconds
Native extension for UWP target not found
Native extension for WindowsStandalone target not found
[usbmuxd] Start listen thread
[usbmuxd] Listen thread started
Native extension for iOS target not found
Native extension for Android target not found
Android Extension - Scanning For ADB Devices 232 ms
Native extension for WebGL target not found
Mono: successfully reloaded assembly
- Finished resetting the current domain, in  0.516 seconds
Domain Reload Profiling: 889ms
	BeginReloadAssembly (105ms)
		ExecutionOrderSort (0ms)
		DisableScriptedObjects (0ms)
		BackupInstance (0ms)
		ReleaseScriptingObjects (0ms)
		CreateAndSetChildDomain (1ms)
	RebuildCommonClasses (33ms)
	RebuildNativeTypeToScriptingClass (11ms)
	initialDomainReloadingComplete (67ms)
	LoadAllAssembliesAndSetupDomain (156ms)
		LoadAssemblies (104ms)
		RebuildTransferFunctionScriptingTraits (0ms)
		AnalyzeDomain (153ms)
			TypeCache.Refresh (152ms)
				TypeCache.ScanAssembly (138ms)
			ScanForSourceGeneratedMonoScriptInfo (0ms)
			ResolveRequiredComponents (0ms)
	FinalizeReload (517ms)
		ReleaseScriptCaches (0ms)
		RebuildScriptCaches (0ms)
		SetupLoadedEditorAssemblies (476ms)
			LogAssemblyErrors (0ms)
			InitializePlatformSupportModulesInManaged (326ms)
			SetLoadedEditorAssemblies (4ms)
			RefreshPlugins (0ms)
			BeforeProcessingInitializeOnLoad (2ms)
			ProcessInitializeOnLoadAttributes (106ms)
			ProcessInitializeOnLoadMethodAttributes (39ms)
			AfterProcessingInitializeOnLoad (0ms)
			EditorAssembliesLoaded (0ms)
		ExecutionOrderSort2 (0ms)
		AwakeInstancesAfterBackupRestoration (0ms)
========================================================================
Worker process is ready to serve import requests
Caller must complete domain reload
Begin MonoManager ReloadAssembly
- Loaded All Assemblies, in  0.706 seconds
Native extension for UWP target not found
Native extension for WindowsStandalone target not found
Native extension for iOS target not found
Native extension for Android target not found
Native extension for WebGL target not found
Mono: successfully reloaded assembly
- Finished resetting the current domain, in  0.679 seconds
Domain Reload Profiling: 1383ms
	BeginReloadAssembly (147ms)
		ExecutionOrderSort (0ms)
		DisableScriptedObjects (5ms)
		BackupInstance (0ms)
		ReleaseScriptingObjects (0ms)
		CreateAndSetChildDomain (22ms)
	RebuildCommonClasses (35ms)
	RebuildNativeTypeToScriptingClass (11ms)
	initialDomainReloadingComplete (46ms)
	LoadAllAssembliesAndSetupDomain (465ms)
		LoadAssemblies (316ms)
		RebuildTransferFunctionScriptingTraits (0ms)
		AnalyzeDomain (233ms)
			TypeCache.Refresh (194ms)
				TypeCache.ScanAssembly (176ms)
			ScanForSourceGeneratedMonoScriptInfo (28ms)
			ResolveRequiredComponents (10ms)
	FinalizeReload (680ms)
		ReleaseScriptCaches (0ms)
		RebuildScriptCaches (0ms)
		SetupLoadedEditorAssemblies (507ms)
			LogAssemblyErrors (0ms)
			InitializePlatformSupportModulesInManaged (29ms)
			SetLoadedEditorAssemblies (5ms)
			RefreshPlugins (0ms)
			BeforeProcessingInitializeOnLoad (79ms)
			ProcessInitializeOnLoadAttributes (308ms)
			ProcessInitializeOnLoadMethodAttributes (78ms)
			AfterProcessingInitializeOnLoad (7ms)
			EditorAssembliesLoaded (0ms)
		ExecutionOrderSort2 (0ms)
		AwakeInstancesAfterBackupRestoration (7ms)
Launched and connected shader compiler UnityShaderCompiler.exe after 0.03 seconds
Refreshing native plugins compatible for Editor in 3.35 ms, found 5 plugins.
Preloading 0 native plugins for Editor in 0.00 ms.
Unloading 6100 Unused Serialized files (Serialized files now loaded: 0)
Unloading 36 unused Assets / (347.1 KB). Loaded Objects now: 6568.
Memory consumption went from 224.3 MB to 223.9 MB.
Total: 3.729700 ms (FindLiveObjects: 0.422200 ms CreateObjectMapping: 0.435100 ms MarkObjects: 2.696800 ms  DeleteObjects: 0.174600 ms)

AssetImportParameters requested are different than current active one (requested -> active):
  custom:container-demuxer-ogg: 62fdf1f143b41e24485cea50d1cbac27 -> 
  custom:video-decoder-ogg-theora: a1e56fd34408186e4bbccfd4996cb3dc -> 
  custom:framework-win-MediaFoundation: 216162199b28c13a410421893ffa2e32 -> 
  custom:CustomObjectIndexerAttribute: 72b91833f83ae208fae7752999fa3104 -> 
  custom:container-demuxer-webm: 4f35f7cbe854078d1ac9338744f61a02 -> 
  custom:container-muxer-webm: aa71ff27fc2769a1b78a27578f13a17b -> 
  custom:video-decoder-webm-vp8: 9c59270c3fd7afecdb556c50c9e8de78 -> 
  custom:SearchIndexIgnoredProperties: e643bd26f0fe6173181afceb89e7c659 -> 
  custom:AudioImporter_EditorPlatform: d09bf68614088b80899f8185d706f6e7 -> 
  custom:video-encoder-webm-vp8: eb34c28f22e8b96e1ab97ce403110664 -> 
  custom:audio-decoder-ogg-vorbis: bf7c407c2cedff20999df2af8eb42d56 -> 
  custom:audio-encoder-webm-vorbis: bf7c407c2cedff20999df2af8eb42d56 -> 
========================================================================
Received Prepare
Caller must complete domain reload
Begin MonoManager ReloadAssembly
- Loaded All Assemblies, in  0.870 seconds
Native extension for UWP target not found
Native extension for WindowsStandalone target not found
Native extension for iOS target not found
Native extension for Android target not found
Native extension for WebGL target not found
Mono: successfully reloaded assembly
- Finished resetting the current domain, in  0.775 seconds
Domain Reload Profiling: 1646ms
	BeginReloadAssembly (564ms)
		ExecutionOrderSort (0ms)
		DisableScriptedObjects (412ms)
		BackupInstance (0ms)
		ReleaseScriptingObjects (0ms)
		CreateAndSetChildDomain (38ms)
	RebuildCommonClasses (30ms)
	RebuildNativeTypeToScriptingClass (14ms)
	initialDomainReloadingComplete (29ms)
	LoadAllAssembliesAndSetupDomain (234ms)
		LoadAssemblies (291ms)
		RebuildTransferFunctionScriptingTraits (0ms)
		AnalyzeDomain (23ms)
			TypeCache.Refresh (7ms)
				TypeCache.ScanAssembly (0ms)
			ScanForSourceGeneratedMonoScriptInfo (0ms)
			ResolveRequiredComponents (14ms)
	FinalizeReload (776ms)
		ReleaseScriptCaches (0ms)
		RebuildScriptCaches (0ms)
		SetupLoadedEditorAssemblies (526ms)
			LogAssemblyErrors (0ms)
			InitializePlatformSupportModulesInManaged (34ms)
			SetLoadedEditorAssemblies (5ms)
			RefreshPlugins (0ms)
			BeforeProcessingInitializeOnLoad (90ms)
			ProcessInitializeOnLoadAttributes (307ms)
			ProcessInitializeOnLoadMethodAttributes (83ms)
			AfterProcessingInitializeOnLoad (8ms)
			EditorAssembliesLoaded (0ms)
		ExecutionOrderSort2 (0ms)
		AwakeInstancesAfterBackupRestoration (16ms)
Refreshing native plugins compatible for Editor in 3.83 ms, found 5 plugins.
Preloading 0 native plugins for Editor in 0.00 ms.
Unloading 5947 Unused Serialized files (Serialized files now loaded: 0)
Unloading 23 unused Assets / (318.0 KB). Loaded Objects now: 6575.
Memory consumption went from 198.4 MB to 198.1 MB.
Total: 3.425500 ms (FindLiveObjects: 0.498400 ms CreateObjectMapping: 0.458300 ms MarkObjects: 2.379800 ms  DeleteObjects: 0.088100 ms)

Prepare: number of updated asset objects reloaded= 0
AssetImportParameters requested are different than current active one (requested -> active):
  custom:container-demuxer-ogg: 62fdf1f143b41e24485cea50d1cbac27 -> 
  custom:video-decoder-ogg-theora: a1e56fd34408186e4bbccfd4996cb3dc -> 
  custom:framework-win-MediaFoundation: 216162199b28c13a410421893ffa2e32 -> 
  custom:CustomObjectIndexerAttribute: 72b91833f83ae208fae7752999fa3104 -> 
  custom:container-demuxer-webm: 4f35f7cbe854078d1ac9338744f61a02 -> 
  custom:container-muxer-webm: aa71ff27fc2769a1b78a27578f13a17b -> 
  custom:video-decoder-webm-vp8: 9c59270c3fd7afecdb556c50c9e8de78 -> 
  custom:SearchIndexIgnoredProperties: e643bd26f0fe6173181afceb89e7c659 -> 
  custom:AudioImporter_EditorPlatform: d09bf68614088b80899f8185d706f6e7 -> 
  custom:video-encoder-webm-vp8: eb34c28f22e8b96e1ab97ce403110664 -> 
  custom:audio-decoder-ogg-vorbis: bf7c407c2cedff20999df2af8eb42d56 -> 
  custom:audio-encoder-webm-vorbis: bf7c407c2cedff20999df2af8eb42d56 -> 
========================================================================
Received Import Request.
  Time since last request: 6273.702153 seconds.
  path: Assets/Textures/TileMap/Captura de pantalla 2026-04-15 194756_0.asset
  artifactKey: Guid(b95f4093058f5dd44871be473f9cb685) Importer(815301076,1909f56bfc062723c751e8b465ee728b)
Start importing Assets/Textures/TileMap/Captura de pantalla 2026-04-15 194756_0.asset using Guid(b95f4093058f5dd44871be473f9cb685) Importer(815301076,1909f56bfc062723c751e8b465ee728b) [PhysX] Initialized MultithreadedTaskDispatcher with 16 workers.
 -> (artifact id: '003aefb76035b7662e7645e27fe8e019') in 0.078854 seconds
Number of updated asset objects reloaded before import = 0
Number of asset objects unloaded after import = 3
========================================================================
Received Import Request.
  Time since last request: 0.000016 seconds.
  path: Assets/Textures/TileMap/Captura de pantalla 2026-04-15 194756_40.asset
  artifactKey: Guid(0aa05aa6b580abd49931801a82c04d14) Importer(815301076,1909f56bfc062723c751e8b465ee728b)
Start importing Assets/Textures/TileMap/Captura de pantalla 2026-04-15 194756_40.asset using Guid(0aa05aa6b580abd49931801a82c04d14) Importer(815301076,1909f56bfc062723c751e8b465ee728b) [PhysX] Initialized MultithreadedTaskDispatcher with 16 workers.
 -> (artifact id: '2825f56f400c58d7b89d43a927acb6f4') in 0.007984 seconds
Number of updated asset objects reloaded before import = 0
Number of asset objects unloaded after import = 3
========================================================================
Received Import Request.
  Time since last request: 0.000016 seconds.
  path: Assets/Textures/TileMap/Captura de pantalla 2026-04-15 194756_41.asset
  artifactKey: Guid(1fa09625ec637a04db22828475c26cdf) Importer(815301076,1909f56bfc062723c751e8b465ee728b)
Start importing Assets/Textures/TileMap/Captura de pantalla 2026-04-15 194756_41.asset using Guid(1fa09625ec637a04db22828475c26cdf) Importer(815301076,1909f56bfc062723c751e8b465ee728b) [PhysX] Initialized MultithreadedTaskDispatcher with 16 workers.
 -> (artifact id: 'fbf393d3e54f70d36de2db276b8023db') in 0.025186 seconds
Number of updated asset objects reloaded before import = 0
Number of asset objects unloaded after import = 3
========================================================================
Received Import Request.
  Time since last request: 0.000015 seconds.
  path: Assets/Textures/TileMap/Captura de pantalla 2026-04-15 194756_24.asset
  artifactKey: Guid(d503853edbeae924296768b60ec58bad) Importer(815301076,1909f56bfc062723c751e8b465ee728b)
Start importing Assets/Textures/TileMap/Captura de pantalla 2026-04-15 194756_24.asset using Guid(d503853edbeae924296768b60ec58bad) Importer(815301076,1909f56bfc062723c751e8b465ee728b) [PhysX] Initialized MultithreadedTaskDispatcher with 16 workers.
 -> (artifact id: 'eba1e9df52038d728feafdbc91fe55eb') in 0.007262 seconds
Number of updated asset objects reloaded before import = 0
Number of asset objects unloaded after import = 3
========================================================================
Received Import Request.
  Time since last request: 0.000017 seconds.
  path: Assets/Textures/TileMap/Captura de pantalla 2026-04-15 194756_39.asset
  artifactKey: Guid(9a7c2e17b81ba2d42b9b5eb1df8a1567) Importer(815301076,1909f56bfc062723c751e8b465ee728b)
Start importing Assets/Textures/TileMap/Captura de pantalla 2026-04-15 194756_39.asset using Guid(9a7c2e17b81ba2d42b9b5eb1df8a1567) Importer(815301076,1909f56bfc062723c751e8b465ee728b) [PhysX] Initialized MultithreadedTaskDispatcher with 16 workers.
 -> (artifact id: '1c9b1c9c305250d4c62bbd72f475c753') in 0.009198 seconds
Number of updated asset objects reloaded before import = 0
Number of asset objects unloaded after import = 3
========================================================================
Received Import Request.
  Time since last request: 0.000022 seconds.
  path: Assets/Textures/TileMap/Captura de pantalla 2026-04-15 194756_32.asset
  artifactKey: Guid(800356bdf0c43d24a985160f1a62aef2) Importer(815301076,1909f56bfc062723c751e8b465ee728b)
Start importing Assets/Textures/TileMap/Captura de pantalla 2026-04-15 194756_32.asset using Guid(800356bdf0c43d24a985160f1a62aef2) Importer(815301076,1909f56bfc062723c751e8b465ee728b) [PhysX] Initialized MultithreadedTaskDispatcher with 16 workers.
 -> (artifact id: 'b70bdebe9594a79a9d2be2afaae91894') in 0.014259 seconds
Number of updated asset objects reloaded before import = 0
Number of asset objects unloaded after import = 3
========================================================================
Received Import Request.
  Time since last request: 0.000017 seconds.
  path: Assets/Textures/TileMap/Captura de pantalla 2026-04-15 194756_34.asset
  artifactKey: Guid(c37dcae13bedf2e41a2b4ebac963d0a0) Importer(815301076,1909f56bfc062723c751e8b465ee728b)
Start importing Assets/Textures/TileMap/Captura de pantalla 2026-04-15 194756_34.asset using Guid(c37dcae13bedf2e41a2b4ebac963d0a0) Importer(815301076,1909f56bfc062723c751e8b465ee728b) [PhysX] Initialized MultithreadedTaskDispatcher with 16 workers.
 -> (artifact id: '60d0e54d74a0953973b4a0ff3c21a249') in 0.014442 seconds
Number of updated asset objects reloaded before import = 0
Number of asset objects unloaded after import = 3
========================================================================
Received Import Request.
  Time since last request: 0.000016 seconds.
  path: Assets/Textures/TileMap/Captura de pantalla 2026-04-15 194756_26.asset
  artifactKey: Guid(a4575ec5085291243bd67659482f0c30) Importer(815301076,1909f56bfc062723c751e8b465ee728b)
Start importing Assets/Textures/TileMap/Captura de pantalla 2026-04-15 194756_26.asset using Guid(a4575ec5085291243bd67659482f0c30) Importer(815301076,1909f56bfc062723c751e8b465ee728b) [PhysX] Initialized MultithreadedTaskDispatcher with 16 workers.
 -> (artifact id: 'af14e805aacf29927a426a61ee471294') in 0.013357 seconds
Number of updated asset objects reloaded before import = 0
Number of asset objects unloaded after import = 3
========================================================================
Received Import Request.
  Time since last request: 0.000016 seconds.
  path: Assets/Textures/TileMap/Captura de pantalla 2026-04-15 194756_5.asset
  artifactKey: Guid(d1737aa8b703170498178d814e8ab4cb) Importer(815301076,1909f56bfc062723c751e8b465ee728b)
Start importing Assets/Textures/TileMap/Captura de pantalla 2026-04-15 194756_5.asset using Guid(d1737aa8b703170498178d814e8ab4cb) Importer(815301076,1909f56bfc062723c751e8b465ee728b) [PhysX] Initialized MultithreadedTaskDispatcher with 16 workers.
 -> (artifact id: '1f4b4bc59c17c0017707c14c97b6088e') in 0.014241 seconds
Number of updated asset objects reloaded before import = 0
Number of asset objects unloaded after import = 3
========================================================================
Received Import Request.
  Time since last request: 0.000016 seconds.
  path: Assets/Textures/TileMap/Captura de pantalla 2026-04-15 194756_3.asset
  artifactKey: Guid(2cf098a9993098b41aec1e8795f9f255) Importer(815301076,1909f56bfc062723c751e8b465ee728b)
Start importing Assets/Textures/TileMap/Captura de pantalla 2026-04-15 194756_3.asset using Guid(2cf098a9993098b41aec1e8795f9f255) Importer(815301076,1909f56bfc062723c751e8b465ee728b) [PhysX] Initialized MultithreadedTaskDispatcher with 16 workers.
 -> (artifact id: 'd858795e433a3a6f07a0e58a9a5f498c') in 0.013666 seconds
Number of updated asset objects reloaded before import = 0
Number of asset objects unloaded after import = 3
========================================================================
Received Import Request.
  Time since last request: 0.000015 seconds.
  path: Assets/Textures/TileMap/Captura de pantalla 2026-04-15 194756_6.asset
  artifactKey: Guid(50a2786d9e115144a925ef7f1449aed8) Importer(815301076,1909f56bfc062723c751e8b465ee728b)
Start importing Assets/Textures/TileMap/Captura de pantalla 2026-04-15 194756_6.asset using Guid(50a2786d9e115144a925ef7f1449aed8) Importer(815301076,1909f56bfc062723c751e8b465ee728b) [PhysX] Initialized MultithreadedTaskDispatcher with 16 workers.
 -> (artifact id: 'e944bf91c5b47b5f90c320a54b664251') in 0.013860 seconds
Number of updated asset objects reloaded before import = 0
Number of asset objects unloaded after import = 3
========================================================================
Received Import Request.
  Time since last request: 0.000017 seconds.
  path: Assets/Textures/TileMap/Captura de pantalla 2026-04-15 194756_20.asset
  artifactKey: Guid(73b37e6ba3703294db2575fa25a9c7c3) Importer(815301076,1909f56bfc062723c751e8b465ee728b)
Start importing Assets/Textures/TileMap/Captura de pantalla 2026-04-15 194756_20.asset using Guid(73b37e6ba3703294db2575fa25a9c7c3) Importer(815301076,1909f56bfc062723c751e8b465ee728b) [PhysX] Initialized MultithreadedTaskDispatcher with 16 workers.
 -> (artifact id: '70199b21d34841d99b0c1c6969d8bccf') in 0.013088 seconds
Number of updated asset objects reloaded before import = 0
Number of asset objects unloaded after import = 3
========================================================================
Received Import Request.
  Time since last request: 0.000015 seconds.
  path: Assets/Textures/TileMap/Captura de pantalla 2026-04-15 194756_17.asset
  artifactKey: Guid(c5110cf8afca5ec4db60209fc055aab0) Importer(815301076,1909f56bfc062723c751e8b465ee728b)
Start importing Assets/Textures/TileMap/Captura de pantalla 2026-04-15 194756_17.asset using Guid(c5110cf8afca5ec4db60209fc055aab0) Importer(815301076,1909f56bfc062723c751e8b465ee728b) [PhysX] Initialized MultithreadedTaskDispatcher with 16 workers.
 -> (artifact id: '184efe751b9856d9784f9a24d4abd76d') in 0.012528 seconds
Number of updated asset objects reloaded before import = 0
Number of asset objects unloaded after import = 3
========================================================================
Received Import Request.
  Time since last request: 7.550637 seconds.
  path: Assets/Textures/TileMap/Captura de pantalla 2026-04-15 194756_0.asset
  artifactKey: Guid(b95f4093058f5dd44871be473f9cb685) Importer(815301076,1909f56bfc062723c751e8b465ee728b)
Start importing Assets/Textures/TileMap/Captura de pantalla 2026-04-15 194756_0.asset using Guid(b95f4093058f5dd44871be473f9cb685) Importer(815301076,1909f56bfc062723c751e8b465ee728b) [PhysX] Initialized MultithreadedTaskDispatcher with 16 workers.
 -> (artifact id: '48ba8e9ed4766d9c3205ff3dfa9cfe57') in 0.008004 seconds
Number of updated asset objects reloaded before import = 0
Number of asset objects unloaded after import = 3
========================================================================
Received Import Request.
  Time since last request: 0.000018 seconds.
  path: Assets/Textures/TileMap/Captura de pantalla 2026-04-15 194756_14.asset
  artifactKey: Guid(34b4b8e3a1905804db7458b9eeb090ae) Importer(815301076,1909f56bfc062723c751e8b465ee728b)
Start importing Assets/Textures/TileMap/Captura de pantalla 2026-04-15 194756_14.asset using Guid(34b4b8e3a1905804db7458b9eeb090ae) Importer(815301076,1909f56bfc062723c751e8b465ee728b) [PhysX] Initialized MultithreadedTaskDispatcher with 16 workers.
 -> (artifact id: '123650f5228456a7e876d8e2988f0437') in 0.013388 seconds
Number of updated asset objects reloaded before import = 0
Number of asset objects unloaded after import = 3
========================================================================
Received Import Request.
  Time since last request: 0.000016 seconds.
  path: Assets/Textures/TileMap/Captura de pantalla 2026-04-15 194756_27.asset
  artifactKey: Guid(01c19a070eed63547810593bba00ed12) Importer(815301076,1909f56bfc062723c751e8b465ee728b)
Start importing Assets/Textures/TileMap/Captura de pantalla 2026-04-15 194756_27.asset using Guid(01c19a070eed63547810593bba00ed12) Importer(815301076,1909f56bfc062723c751e8b465ee728b) [PhysX] Initialized MultithreadedTaskDispatcher with 16 workers.
 -> (artifact id: 'a33677c628cad9c04dca33a01deabfa2') in 0.014423 seconds
Number of updated asset objects reloaded before import = 0
Number of asset objects unloaded after import = 3
========================================================================
Received Import Request.
  Time since last request: 0.000016 seconds.
  path: Assets/Textures/TileMap/Captura de pantalla 2026-04-15 194756_15.asset
  artifactKey: Guid(9da384ba3c452574ea1063db6782e44b) Importer(815301076,1909f56bfc062723c751e8b465ee728b)
Start importing Assets/Textures/TileMap/Captura de pantalla 2026-04-15 194756_15.asset using Guid(9da384ba3c452574ea1063db6782e44b) Importer(815301076,1909f56bfc062723c751e8b465ee728b) [PhysX] Initialized MultithreadedTaskDispatcher with 16 workers.
 -> (artifact id: '4bf7407572d367591cfb6bb3d5ba7e91') in 0.037054 seconds
Number of updated asset objects reloaded before import = 0
Number of asset objects unloaded after import = 3
========================================================================
Received Import Request.
  Time since last request: 0.000018 seconds.
  path: Assets/Textures/TileMap/Captura de pantalla 2026-04-15 194756_25.asset
  artifactKey: Guid(9bfa8bd2506deed4387855ffe6a8d72e) Importer(815301076,1909f56bfc062723c751e8b465ee728b)
Start importing Assets/Textures/TileMap/Captura de pantalla 2026-04-15 194756_25.asset using Guid(9bfa8bd2506deed4387855ffe6a8d72e) Importer(815301076,1909f56bfc062723c751e8b465ee728b) [PhysX] Initialized MultithreadedTaskDispatcher with 16 workers.
 -> (artifact id: '2a6d4cf8ea287927c525bc5e7600f8c7') in 0.012928 seconds
Number of updated asset objects reloaded before import = 0
Number of asset objects unloaded after import = 3
========================================================================
Received Import Request.
  Time since last request: 0.000023 seconds.
  path: Assets/Textures/TileMap/Captura de pantalla 2026-04-15 194756_23.asset
  artifactKey: Guid(a305a2623bf17ed4e807c64698fc001c) Importer(815301076,1909f56bfc062723c751e8b465ee728b)
Start importing Assets/Textures/TileMap/Captura de pantalla 2026-04-15 194756_23.asset using Guid(a305a2623bf17ed4e807c64698fc001c) Importer(815301076,1909f56bfc062723c751e8b465ee728b) [PhysX] Initialized MultithreadedTaskDispatcher with 16 workers.
 -> (artifact id: 'f9f76f251643e8240b16a8f565bb4cf8') in 0.014162 seconds
Number of updated asset objects reloaded before import = 0
Number of asset objects unloaded after import = 3
========================================================================
Received Import Request.
  Time since last request: 0.000015 seconds.
  path: Assets/Textures/TileMap/Captura de pantalla 2026-04-15 194756_13.asset
  artifactKey: Guid(98ff041abe58c8447914aaf0304ff020) Importer(815301076,1909f56bfc062723c751e8b465ee728b)
Start importing Assets/Textures/TileMap/Captura de pantalla 2026-04-15 194756_13.asset using Guid(98ff041abe58c8447914aaf0304ff020) Importer(815301076,1909f56bfc062723c751e8b465ee728b) [PhysX] Initialized MultithreadedTaskDispatcher with 16 workers.
 -> (artifact id: 'bd44b0a44da01eb9465e554f8dd8101a') in 0.100586 seconds
Number of updated asset objects reloaded before import = 0
Number of asset objects unloaded after import = 3
========================================================================
Received Import Request.
  Time since last request: 0.000015 seconds.
  path: Assets/Textures/TileMap/Captura de pantalla 2026-04-15 194756_37.asset
  artifactKey: Guid(3d145fe49ba9aa347b4c6043d8d00f36) Importer(815301076,1909f56bfc062723c751e8b465ee728b)
Start importing Assets/Textures/TileMap/Captura de pantalla 2026-04-15 194756_37.asset using Guid(3d145fe49ba9aa347b4c6043d8d00f36) Importer(815301076,1909f56bfc062723c751e8b465ee728b) [PhysX] Initialized MultithreadedTaskDispatcher with 16 workers.
 -> (artifact id: '564c661f35fc912b072a2aac72c509d8') in 0.014413 seconds
Number of updated asset objects reloaded before import = 0
Number of asset objects unloaded after import = 3
========================================================================
Received Import Request.
  Time since last request: 0.000019 seconds.
  path: Assets/Textures/TileMap/Captura de pantalla 2026-04-15 194756_3.asset
  artifactKey: Guid(2cf098a9993098b41aec1e8795f9f255) Importer(815301076,1909f56bfc062723c751e8b465ee728b)
Start importing Assets/Textures/TileMap/Captura de pantalla 2026-04-15 194756_3.asset using Guid(2cf098a9993098b41aec1e8795f9f255) Importer(815301076,1909f56bfc062723c751e8b465ee728b) [PhysX] Initialized MultithreadedTaskDispatcher with 16 workers.
 -> (artifact id: '35f56823af0537978683e18a432ebdfd') in 0.013812 seconds
Number of updated asset objects reloaded before import = 0
Number of asset objects unloaded after import = 3
========================================================================
Received Import Request.
  Time since last request: 0.000014 seconds.
  path: Assets/Textures/TileMap/Captura de pantalla 2026-04-15 194756_6.asset
  artifactKey: Guid(50a2786d9e115144a925ef7f1449aed8) Importer(815301076,1909f56bfc062723c751e8b465ee728b)
Start importing Assets/Textures/TileMap/Captura de pantalla 2026-04-15 194756_6.asset using Guid(50a2786d9e115144a925ef7f1449aed8) Importer(815301076,1909f56bfc062723c751e8b465ee728b) [PhysX] Initialized MultithreadedTaskDispatcher with 16 workers.
 -> (artifact id: '6b6dff8183006f51510618bc0ece8a19') in 0.013623 seconds
Number of updated asset objects reloaded before import = 0
Number of asset objects unloaded after import = 3
========================================================================
Received Import Request.
  Time since last request: 0.000014 seconds.
  path: Assets/Textures/TileMap/Captura de pantalla 2026-04-15 194756_11.asset
  artifactKey: Guid(8e40212f5f6b532489828826620ae60b) Importer(815301076,1909f56bfc062723c751e8b465ee728b)
Start importing Assets/Textures/TileMap/Captura de pantalla 2026-04-15 194756_11.asset using Guid(8e40212f5f6b532489828826620ae60b) Importer(815301076,1909f56bfc062723c751e8b465ee728b) [PhysX] Initialized MultithreadedTaskDispatcher with 16 workers.
 -> (artifact id: '936b672906d50aa02df68a250bad696a') in 0.015029 seconds
Number of updated asset objects reloaded before import = 0
Number of asset objects unloaded after import = 3
========================================================================
Received Import Request.
  Time since last request: 6.881173 seconds.
  path: Assets/Textures/TileMap/Captura de pantalla 2026-04-15 194756_0.asset
  artifactKey: Guid(b95f4093058f5dd44871be473f9cb685) Importer(815301076,1909f56bfc062723c751e8b465ee728b)
Start importing Assets/Textures/TileMap/Captura de pantalla 2026-04-15 194756_0.asset using Guid(b95f4093058f5dd44871be473f9cb685) Importer(815301076,1909f56bfc062723c751e8b465ee728b) [PhysX] Initialized MultithreadedTaskDispatcher with 16 workers.
 -> (artifact id: '49e67189162a73f63f9b0a563f639303') in 0.008699 seconds
Number of updated asset objects reloaded before import = 0
Number of asset objects unloaded after import = 3
========================================================================
Received Import Request.
  Time since last request: 0.000016 seconds.
  path: Assets/Textures/TileMap/Captura de pantalla 2026-04-15 194756_14.asset
  artifactKey: Guid(34b4b8e3a1905804db7458b9eeb090ae) Importer(815301076,1909f56bfc062723c751e8b465ee728b)
Start importing Assets/Textures/TileMap/Captura de pantalla 2026-04-15 194756_14.asset using Guid(34b4b8e3a1905804db7458b9eeb090ae) Importer(815301076,1909f56bfc062723c751e8b465ee728b) [PhysX] Initialized MultithreadedTaskDispatcher with 16 workers.
 -> (artifact id: 'ca41bc1ca8784be9ef0fc3a859f2788e') in 0.015661 seconds
Number of updated asset objects reloaded before import = 0
Number of asset objects unloaded after import = 3
========================================================================
Received Import Request.
  Time since last request: 0.000021 seconds.
  path: Assets/Textures/TileMap/Captura de pantalla 2026-04-15 194756_27.asset
  artifactKey: Guid(01c19a070eed63547810593bba00ed12) Importer(815301076,1909f56bfc062723c751e8b465ee728b)
Start importing Assets/Textures/TileMap/Captura de pantalla 2026-04-15 194756_27.asset using Guid(01c19a070eed63547810593bba00ed12) Importer(815301076,1909f56bfc062723c751e8b465ee728b) [PhysX] Initialized MultithreadedTaskDispatcher with 16 workers.
 -> (artifact id: '59822866ae510ec5a2ea5dc927ca34b9') in 0.013332 seconds
Number of updated asset objects reloaded before import = 0
Number of asset objects unloaded after import = 3
========================================================================
Received Import Request.
  Time since last request: 0.000016 seconds.
  path: Assets/Textures/TileMap/Captura de pantalla 2026-04-15 194756_15.asset
  artifactKey: Guid(9da384ba3c452574ea1063db6782e44b) Importer(815301076,1909f56bfc062723c751e8b465ee728b)
Start importing Assets/Textures/TileMap/Captura de pantalla 2026-04-15 194756_15.asset using Guid(9da384ba3c452574ea1063db6782e44b) Importer(815301076,1909f56bfc062723c751e8b465ee728b) [PhysX] Initialized MultithreadedTaskDispatcher with 16 workers.
 -> (artifact id: 'e9c6b5010ce5be62351145c5f2ced2fb') in 0.039706 seconds
Number of updated asset objects reloaded before import = 0
Number of asset objects unloaded after import = 3
========================================================================
Received Import Request.
  Time since last request: 0.000016 seconds.
  path: Assets/Textures/TileMap/Captura de pantalla 2026-04-15 194756_19.asset
  artifactKey: Guid(d6559c79c91d72742b10cec24fa1c126) Importer(815301076,1909f56bfc062723c751e8b465ee728b)
Start importing Assets/Textures/TileMap/Captura de pantalla 2026-04-15 194756_19.asset using Guid(d6559c79c91d72742b10cec24fa1c126) Importer(815301076,1909f56bfc062723c751e8b465ee728b) [PhysX] Initialized MultithreadedTaskDispatcher with 16 workers.
 -> (artifact id: 'b47e42fc9ed76b4cc93c01ebd2c98524') in 0.013199 seconds
Number of updated asset objects reloaded before import = 0
Number of asset objects unloaded after import = 3
========================================================================
Received Import Request.
  Time since last request: 0.000018 seconds.
  path: Assets/Textures/TileMap/Captura de pantalla 2026-04-15 194756_35.asset
  artifactKey: Guid(9b1b0d0efcbe00c4f925515c39eadc2c) Importer(815301076,1909f56bfc062723c751e8b465ee728b)
Start importing Assets/Textures/TileMap/Captura de pantalla 2026-04-15 194756_35.asset using Guid(9b1b0d0efcbe00c4f925515c39eadc2c) Importer(815301076,1909f56bfc062723c751e8b465ee728b) [PhysX] Initialized MultithreadedTaskDispatcher with 16 workers.
 -> (artifact id: '20ff577d82a47b0bbabf9dcee01fb0b6') in 0.013059 seconds
Number of updated asset objects reloaded before import = 0
Number of asset objects unloaded after import = 3
========================================================================
Received Import Request.
  Time since last request: 0.000024 seconds.
  path: Assets/Textures/TileMap/Captura de pantalla 2026-04-15 194756_13.asset
  artifactKey: Guid(98ff041abe58c8447914aaf0304ff020) Importer(815301076,1909f56bfc062723c751e8b465ee728b)
Start importing Assets/Textures/TileMap/Captura de pantalla 2026-04-15 194756_13.asset using Guid(98ff041abe58c8447914aaf0304ff020) Importer(815301076,1909f56bfc062723c751e8b465ee728b) [PhysX] Initialized MultithreadedTaskDispatcher with 16 workers.
 -> (artifact id: 'bc24ceb7610ba83d0344d2a43aac8dc4') in 0.014294 seconds
Number of updated asset objects reloaded before import = 0
Number of asset objects unloaded after import = 3
========================================================================
Received Import Request.
  Time since last request: 0.000023 seconds.
  path: Assets/Textures/TileMap/Captura de pantalla 2026-04-15 194756_37.asset
  artifactKey: Guid(3d145fe49ba9aa347b4c6043d8d00f36) Importer(815301076,1909f56bfc062723c751e8b465ee728b)
Start importing Assets/Textures/TileMap/Captura de pantalla 2026-04-15 194756_37.asset using Guid(3d145fe49ba9aa347b4c6043d8d00f36) Importer(815301076,1909f56bfc062723c751e8b465ee728b) [PhysX] Initialized MultithreadedTaskDispatcher with 16 workers.
 -> (artifact id: 'dfb1e75c57a30ca87fa0a6d92e8df25f') in 0.014254 seconds
Number of updated asset objects reloaded before import = 0
Number of asset objects unloaded after import = 3
========================================================================
Received Import Request.
  Time since last request: 0.000015 seconds.
  path: Assets/Textures/TileMap/Captura de pantalla 2026-04-15 194756_36.asset
  artifactKey: Guid(49b12a74d98d117469e70578866eefd3) Importer(815301076,1909f56bfc062723c751e8b465ee728b)
Start importing Assets/Textures/TileMap/Captura de pantalla 2026-04-15 194756_36.asset using Guid(49b12a74d98d117469e70578866eefd3) Importer(815301076,1909f56bfc062723c751e8b465ee728b) [PhysX] Initialized MultithreadedTaskDispatcher with 16 workers.
 -> (artifact id: '6c3a8699ca82b1955e4a190f6c6de857') in 0.013085 seconds
Number of updated asset objects reloaded before import = 0
Number of asset objects unloaded after import = 3
========================================================================
Received Import Request.
  Time since last request: 0.000017 seconds.
  path: Assets/Textures/TileMap/Captura de pantalla 2026-04-15 194756_33.asset
  artifactKey: Guid(6a7dcd1cff5c37c49b7b01ea6ba7955e) Importer(815301076,1909f56bfc062723c751e8b465ee728b)
Start importing Assets/Textures/TileMap/Captura de pantalla 2026-04-15 194756_33.asset using Guid(6a7dcd1cff5c37c49b7b01ea6ba7955e) Importer(815301076,1909f56bfc062723c751e8b465ee728b) [PhysX] Initialized MultithreadedTaskDispatcher with 16 workers.
 -> (artifact id: '0a8be9d8200e72bdfdd3b6e4ad6e6734') in 0.014208 seconds
Number of updated asset objects reloaded before import = 0
Number of asset objects unloaded after import = 3
========================================================================
Received Import Request.
  Time since last request: 0.000015 seconds.
  path: Assets/Textures/TileMap/Captura de pantalla 2026-04-15 194756_8.asset
  artifactKey: Guid(5083e7e1bf9760c4385d61e0447ab906) Importer(815301076,1909f56bfc062723c751e8b465ee728b)
Start importing Assets/Textures/TileMap/Captura de pantalla 2026-04-15 194756_8.asset using Guid(5083e7e1bf9760c4385d61e0447ab906) Importer(815301076,1909f56bfc062723c751e8b465ee728b) [PhysX] Initialized MultithreadedTaskDispatcher with 16 workers.
 -> (artifact id: '49366875321e5dfc70099cbd9fff56c9') in 0.012955 seconds
Number of updated asset objects reloaded before import = 0
Number of asset objects unloaded after import = 3
========================================================================
Received Import Request.
  Time since last request: 0.000018 seconds.
  path: Assets/Textures/TileMap/Captura de pantalla 2026-04-15 194756_28.asset
  artifactKey: Guid(49f1f9ac574e7a54f9d0c5c254a551d6) Importer(815301076,1909f56bfc062723c751e8b465ee728b)
Start importing Assets/Textures/TileMap/Captura de pantalla 2026-04-15 194756_28.asset using Guid(49f1f9ac574e7a54f9d0c5c254a551d6) Importer(815301076,1909f56bfc062723c751e8b465ee728b) [PhysX] Initialized MultithreadedTaskDispatcher with 16 workers.
 -> (artifact id: 'c9e92896bb4cabe5f4488e26d56da63a') in 0.013621 seconds
Number of updated asset objects reloaded before import = 0
Number of asset objects unloaded after import = 3
========================================================================
Received Prepare
Caller must complete domain reload
Begin MonoManager ReloadAssembly
- Loaded All Assemblies, in  0.473 seconds
Native extension for UWP target not found
Native extension for WindowsStandalone target not found
Native extension for iOS target not found
Native extension for Android target not found
Native extension for WebGL target not found
Mono: successfully reloaded assembly
- Finished resetting the current domain, in  1.173 seconds
Domain Reload Profiling: 1644ms
	BeginReloadAssembly (154ms)
		ExecutionOrderSort (0ms)
		DisableScriptedObjects (10ms)
		BackupInstance (0ms)
		ReleaseScriptingObjects (0ms)
		CreateAndSetChildDomain (38ms)
	RebuildCommonClasses (30ms)
	RebuildNativeTypeToScriptingClass (11ms)
	initialDomainReloadingComplete (28ms)
	LoadAllAssembliesAndSetupDomain (247ms)
		LoadAssemblies (305ms)
		RebuildTransferFunctionScriptingTraits (0ms)
		AnalyzeDomain (21ms)
			TypeCache.Refresh (8ms)
				TypeCache.ScanAssembly (0ms)
			ScanForSourceGeneratedMonoScriptInfo (0ms)
			ResolveRequiredComponents (10ms)
	FinalizeReload (1174ms)
		ReleaseScriptCaches (0ms)
		RebuildScriptCaches (0ms)
		SetupLoadedEditorAssemblies (518ms)
			LogAssemblyErrors (0ms)
			InitializePlatformSupportModulesInManaged (33ms)
			SetLoadedEditorAssemblies (5ms)
			RefreshPlugins (0ms)
			BeforeProcessingInitializeOnLoad (88ms)
			ProcessInitializeOnLoadAttributes (305ms)
			ProcessInitializeOnLoadMethodAttributes (78ms)
			AfterProcessingInitializeOnLoad (8ms)
			EditorAssembliesLoaded (0ms)
		ExecutionOrderSort2 (0ms)
		AwakeInstancesAfterBackupRestoration (16ms)
Refreshing native plugins compatible for Editor in 3.77 ms, found 5 plugins.
Preloading 0 native plugins for Editor in 0.00 ms.
Unloading 5947 Unused Serialized files (Serialized files now loaded: 0)
Unloading 23 unused Assets / (318.1 KB). Loaded Objects now: 6621.
Memory consumption went from 202.6 MB to 202.3 MB.
Total: 3.453300 ms (FindLiveObjects: 0.444100 ms CreateObjectMapping: 0.449100 ms MarkObjects: 2.473500 ms  DeleteObjects: 0.086300 ms)

Prepare: number of updated asset objects reloaded= 0
AssetImportParameters requested are different than current active one (requested -> active):
  custom:container-demuxer-ogg: 62fdf1f143b41e24485cea50d1cbac27 -> 
  custom:video-decoder-ogg-theora: a1e56fd34408186e4bbccfd4996cb3dc -> 
  custom:framework-win-MediaFoundation: 216162199b28c13a410421893ffa2e32 -> 
  custom:CustomObjectIndexerAttribute: 72b91833f83ae208fae7752999fa3104 -> 
  custom:container-demuxer-webm: 4f35f7cbe854078d1ac9338744f61a02 -> 
  custom:container-muxer-webm: aa71ff27fc2769a1b78a27578f13a17b -> 
  custom:video-decoder-webm-vp8: 9c59270c3fd7afecdb556c50c9e8de78 -> 
  custom:SearchIndexIgnoredProperties: e643bd26f0fe6173181afceb89e7c659 -> 
  custom:AudioImporter_EditorPlatform: d09bf68614088b80899f8185d706f6e7 -> 
  custom:video-encoder-webm-vp8: eb34c28f22e8b96e1ab97ce403110664 -> 
  custom:audio-decoder-ogg-vorbis: bf7c407c2cedff20999df2af8eb42d56 -> 
  custom:audio-encoder-webm-vorbis: bf7c407c2cedff20999df2af8eb42d56 -> 
Editor requested this worker to shutdown with reason: Scaling down because of idle timeout
TcpMessagingSession - receive error: operation aborted. errorcode: 995, details: La operación de E/S se anuló por una salida de subproceso o por una solicitud de aplicación.
AssetImportWorker is now disconnected from the server
Process exiting
Exiting without the bug reporter. Application will terminate with return code 0