Using pre-set license
Built from '2022.3/staging' branch; Version is '2022.3.45f1 (a13dfa44d684) revision 10567162'; Using compiler version '192829333'; Build Type 'Release'
OS: 'Windows 10  (10.0.19045) 64bit Professional' Language: 'ca' Physical Memory: 32505 MB
BatchMode: 1, IsHumanControllingUs: 0, StartBugReporterOnCrash: 0, Is64bit: 1, IsPro: 1

COMMAND LINE ARGUMENTS:
C:\Program Files\Unity\Hub\Editor\2022.3.45f1\Editor\Unity.exe
-adb2
-batchMode
-noUpm
-name
AssetImportWorker13
-projectPath
D:/digitalitzacion/Projecte MegaMan
-logFile
Logs/AssetImportWorker13.log
-srvPort
52002
Successfully changed project path to: D:/digitalitzacion/Projecte MegaMan
D:/digitalitzacion/Projecte MegaMan
[UnityMemory] Configuration Parameters - Can be set up in boot.config
    "memorysetup-bucket-allocator-granularity=16"
    "memorysetup-bucket-allocator-bucket-count=8"
    "memorysetup-bucket-allocator-block-size=33554432"
    "memorysetup-bucket-allocator-block-count=8"
    "memorysetup-main-allocator-block-size=16777216"
    "memorysetup-thread-allocator-block-size=16777216"
    "memorysetup-gfx-main-allocator-block-size=16777216"
    "memorysetup-gfx-thread-allocator-block-size=16777216"
    "memorysetup-cache-allocator-block-size=4194304"
    "memorysetup-typetree-allocator-block-size=2097152"
    "memorysetup-profiler-bucket-allocator-granularity=16"
    "memorysetup-profiler-bucket-allocator-bucket-count=8"
    "memorysetup-profiler-bucket-allocator-block-size=33554432"
    "memorysetup-profiler-bucket-allocator-block-count=8"
    "memorysetup-profiler-allocator-block-size=16777216"
    "memorysetup-profiler-editor-allocator-block-size=1048576"
    "memorysetup-temp-allocator-size-main=16777216"
    "memorysetup-job-temp-allocator-block-size=2097152"
    "memorysetup-job-temp-allocator-block-size-background=1048576"
    "memorysetup-job-temp-allocator-reduction-small-platforms=262144"
    "memorysetup-allocator-temp-initial-block-size-main=262144"
    "memorysetup-allocator-temp-initial-block-size-worker=262144"
    "memorysetup-temp-allocator-size-background-worker=32768"
    "memorysetup-temp-allocator-size-job-worker=262144"
    "memorysetup-temp-allocator-size-preload-manager=33554432"
    "memorysetup-temp-allocator-size-nav-mesh-worker=65536"
    "memorysetup-temp-allocator-size-audio-worker=65536"
    "memorysetup-temp-allocator-size-cloud-worker=32768"
    "memorysetup-temp-allocator-size-gi-baking-worker=262144"
    "memorysetup-temp-allocator-size-gfx=262144"
Player connection [18088]  Target information:

Player connection [18088]  * "[IP] 192.168.56.1 [Port] 0 [Flags] 2 [Guid] 3611542625 [EditorId] 3611542625 [Version] 1048832 [Id] WindowsEditor(7,DEPT-A1) [Debug] 1 [PackageName] WindowsEditor [ProjectName] Editor" 

Player connection [18088]  * "[IP] 192.168.202.113 [Port] 0 [Flags] 2 [Guid] 3611542625 [EditorId] 3611542625 [Version] 1048832 [Id] WindowsEditor(7,DEPT-A1) [Debug] 1 [PackageName] WindowsEditor [ProjectName] Editor" 

Player connection [18088] Host joined multi-casting on [225.0.0.222:54997]...
Player connection [18088] Host joined alternative multi-casting on [225.0.0.222:34997]...
[PhysX] Initialized MultithreadedTaskDispatcher with 16 workers.
Refreshing native plugins compatible for Editor in 16.10 ms, found 5 plugins.
Preloading 0 native plugins for Editor in 0.00 ms.
Initialize engine version: 2022.3.45f1 (a13dfa44d684)
[Subsystems] Discovering subsystems at path C:/Program Files/Unity/Hub/Editor/2022.3.45f1/Editor/Data/Resources/UnitySubsystems
[Subsystems] Discovering subsystems at path D:/digitalitzacion/Projecte MegaMan/Assets
GfxDevice: creating device client; threaded=0; jobified=0
Direct3D:
    Version:  Direct3D 11.0 [level 11.1]
    Renderer: AMD Radeon Pro W5500 (ID=0x7341)
    Vendor:   ATI
    VRAM:     8151 MB
    Driver:   32.0.21010.10
Initialize mono
Mono path[0] = 'C:/Program Files/Unity/Hub/Editor/2022.3.45f1/Editor/Data/Managed'
Mono path[1] = 'C:/Program Files/Unity/Hub/Editor/2022.3.45f1/Editor/Data/MonoBleedingEdge/lib/mono/unityjit-win32'
Mono config path = 'C:/Program Files/Unity/Hub/Editor/2022.3.45f1/Editor/Data/MonoBleedingEdge/etc'
Using monoOptions --debugger-agent=transport=dt_socket,embedding=1,server=y,suspend=n,address=127.0.0.1:56508
Begin MonoManager ReloadAssembly
Registering precompiled unity dll's ...
Register platform support module: C:/Program Files/Unity/Hub/Editor/2022.3.45f1/Editor/Data/PlaybackEngines/WebGLSupport/UnityEditor.WebGL.Extensions.dll
Register platform support module: C:/Program Files/Unity/Hub/Editor/2022.3.45f1/Editor/Data/PlaybackEngines/AndroidPlayer/UnityEditor.Android.Extensions.dll
Register platform support module: C:/Program Files/Unity/Hub/Editor/2022.3.45f1/Editor/Data/PlaybackEngines/iOSSupport/UnityEditor.iOS.Extensions.dll
Register platform support module: C:/Program Files/Unity/Hub/Editor/2022.3.45f1/Editor/Data/PlaybackEngines/WindowsStandaloneSupport/UnityEditor.WindowsStandalone.Extensions.dll
Register platform support module: C:/Program Files/Unity/Hub/Editor/2022.3.45f1/Editor/Data/PlaybackEngines/MetroSupport/UnityEditor.UWP.Extensions.dll
Registered in 0.015682 seconds.
- Loaded All Assemblies, in  0.366 seconds
Native extension for UWP target not found
Native extension for WindowsStandalone target not found
[usbmuxd] Start listen thread
[usbmuxd] Listen thread started
Native extension for iOS target not found
Native extension for Android target not found
Android Extension - Scanning For ADB Devices 246 ms
Native extension for WebGL target not found
Mono: successfully reloaded assembly
- Finished resetting the current domain, in  0.535 seconds
Domain Reload Profiling: 899ms
	BeginReloadAssembly (106ms)
		ExecutionOrderSort (0ms)
		DisableScriptedObjects (0ms)
		BackupInstance (0ms)
		ReleaseScriptingObjects (0ms)
		CreateAndSetChildDomain (1ms)
	RebuildCommonClasses (36ms)
	RebuildNativeTypeToScriptingClass (13ms)
	initialDomainReloadingComplete (66ms)
	LoadAllAssembliesAndSetupDomain (142ms)
		LoadAssemblies (105ms)
		RebuildTransferFunctionScriptingTraits (0ms)
		AnalyzeDomain (139ms)
			TypeCache.Refresh (138ms)
				TypeCache.ScanAssembly (125ms)
			ScanForSourceGeneratedMonoScriptInfo (0ms)
			ResolveRequiredComponents (0ms)
	FinalizeReload (535ms)
		ReleaseScriptCaches (0ms)
		RebuildScriptCaches (0ms)
		SetupLoadedEditorAssemblies (494ms)
			LogAssemblyErrors (0ms)
			InitializePlatformSupportModulesInManaged (340ms)
			SetLoadedEditorAssemblies (4ms)
			RefreshPlugins (0ms)
			BeforeProcessingInitializeOnLoad (2ms)
			ProcessInitializeOnLoadAttributes (101ms)
			ProcessInitializeOnLoadMethodAttributes (48ms)
			AfterProcessingInitializeOnLoad (0ms)
			EditorAssembliesLoaded (0ms)
		ExecutionOrderSort2 (0ms)
		AwakeInstancesAfterBackupRestoration (0ms)
========================================================================
Worker process is ready to serve import requests
Caller must complete domain reload
Begin MonoManager ReloadAssembly
- Loaded All Assemblies, in  0.656 seconds
Native extension for UWP target not found
Native extension for WindowsStandalone target not found
Native extension for iOS target not found
Native extension for Android target not found
Native extension for WebGL target not found
Mono: successfully reloaded assembly
- Finished resetting the current domain, in  0.635 seconds
Domain Reload Profiling: 1289ms
	BeginReloadAssembly (143ms)
		ExecutionOrderSort (0ms)
		DisableScriptedObjects (5ms)
		BackupInstance (0ms)
		ReleaseScriptingObjects (0ms)
		CreateAndSetChildDomain (24ms)
	RebuildCommonClasses (31ms)
	RebuildNativeTypeToScriptingClass (10ms)
	initialDomainReloadingComplete (44ms)
	LoadAllAssembliesAndSetupDomain (426ms)
		LoadAssemblies (297ms)
		RebuildTransferFunctionScriptingTraits (0ms)
		AnalyzeDomain (211ms)
			TypeCache.Refresh (175ms)
				TypeCache.ScanAssembly (159ms)
			ScanForSourceGeneratedMonoScriptInfo (26ms)
			ResolveRequiredComponents (9ms)
	FinalizeReload (636ms)
		ReleaseScriptCaches (0ms)
		RebuildScriptCaches (0ms)
		SetupLoadedEditorAssemblies (475ms)
			LogAssemblyErrors (0ms)
			InitializePlatformSupportModulesInManaged (27ms)
			SetLoadedEditorAssemblies (5ms)
			RefreshPlugins (0ms)
			BeforeProcessingInitializeOnLoad (77ms)
			ProcessInitializeOnLoadAttributes (286ms)
			ProcessInitializeOnLoadMethodAttributes (73ms)
			AfterProcessingInitializeOnLoad (7ms)
			EditorAssembliesLoaded (0ms)
		ExecutionOrderSort2 (0ms)
		AwakeInstancesAfterBackupRestoration (6ms)
Launched and connected shader compiler UnityShaderCompiler.exe after 0.04 seconds
Refreshing native plugins compatible for Editor in 3.43 ms, found 5 plugins.
Preloading 0 native plugins for Editor in 0.00 ms.
Unloading 6100 Unused Serialized files (Serialized files now loaded: 0)
Unloading 36 unused Assets / (348.2 KB). Loaded Objects now: 6568.
Memory consumption went from 224.2 MB to 223.9 MB.
Total: 3.924800 ms (FindLiveObjects: 0.479000 ms CreateObjectMapping: 0.468100 ms MarkObjects: 2.823200 ms  DeleteObjects: 0.153600 ms)

AssetImportParameters requested are different than current active one (requested -> active):
  custom:container-demuxer-ogg: 62fdf1f143b41e24485cea50d1cbac27 -> 
  custom:video-decoder-ogg-theora: a1e56fd34408186e4bbccfd4996cb3dc -> 
  custom:framework-win-MediaFoundation: 216162199b28c13a410421893ffa2e32 -> 
  custom:CustomObjectIndexerAttribute: 72b91833f83ae208fae7752999fa3104 -> 
  custom:container-demuxer-webm: 4f35f7cbe854078d1ac9338744f61a02 -> 
  custom:container-muxer-webm: aa71ff27fc2769a1b78a27578f13a17b -> 
  custom:video-decoder-webm-vp8: 9c59270c3fd7afecdb556c50c9e8de78 -> 
  custom:SearchIndexIgnoredProperties: e643bd26f0fe6173181afceb89e7c659 -> 
  custom:AudioImporter_EditorPlatform: d09bf68614088b80899f8185d706f6e7 -> 
  custom:video-encoder-webm-vp8: eb34c28f22e8b96e1ab97ce403110664 -> 
  custom:audio-decoder-ogg-vorbis: bf7c407c2cedff20999df2af8eb42d56 -> 
  custom:audio-encoder-webm-vorbis: bf7c407c2cedff20999df2af8eb42d56 -> 
========================================================================
Received Import Request.
  Time since last request: 6697.351676 seconds.
  path: Assets/Textures/TileMap/Captura de pantalla 2026-04-15 194756_2.asset
  artifactKey: Guid(684b07c42763ed148a57198605f70f02) Importer(815301076,1909f56bfc062723c751e8b465ee728b)
Start importing Assets/Textures/TileMap/Captura de pantalla 2026-04-15 194756_2.asset using Guid(684b07c42763ed148a57198605f70f02) Importer(815301076,1909f56bfc062723c751e8b465ee728b) [PhysX] Initialized MultithreadedTaskDispatcher with 16 workers.
 -> (artifact id: 'f541908865696b93c0ac5c742fb97cb9') in 0.084005 seconds
Number of updated asset objects reloaded before import = 0
Number of asset objects unloaded after import = 3
========================================================================
Received Import Request.
  Time since last request: 0.000026 seconds.
  path: Assets/Textures/TileMap/Captura de pantalla 2026-04-15 194756_9.asset
  artifactKey: Guid(aa43a490d00df014b827661d91333c6e) Importer(815301076,1909f56bfc062723c751e8b465ee728b)
Start importing Assets/Textures/TileMap/Captura de pantalla 2026-04-15 194756_9.asset using Guid(aa43a490d00df014b827661d91333c6e) Importer(815301076,1909f56bfc062723c751e8b465ee728b) [PhysX] Initialized MultithreadedTaskDispatcher with 16 workers.
 -> (artifact id: 'af9243e764ecd0d09c7de48c327a0adb') in 0.013748 seconds
Number of updated asset objects reloaded before import = 0
Number of asset objects unloaded after import = 3
========================================================================
Received Import Request.
  Time since last request: 0.000021 seconds.
  path: Assets/Textures/TileMap/Captura de pantalla 2026-04-15 194756_39.asset
  artifactKey: Guid(9a7c2e17b81ba2d42b9b5eb1df8a1567) Importer(815301076,1909f56bfc062723c751e8b465ee728b)
Start importing Assets/Textures/TileMap/Captura de pantalla 2026-04-15 194756_39.asset using Guid(9a7c2e17b81ba2d42b9b5eb1df8a1567) Importer(815301076,1909f56bfc062723c751e8b465ee728b) [PhysX] Initialized MultithreadedTaskDispatcher with 16 workers.
 -> (artifact id: 'e4b91095a3b8b33cffee564ec179394b') in 0.034183 seconds
Number of updated asset objects reloaded before import = 0
Number of asset objects unloaded after import = 3
========================================================================
Received Import Request.
  Time since last request: 0.000016 seconds.
  path: Assets/Textures/TileMap/Captura de pantalla 2026-04-15 194756_19.asset
  artifactKey: Guid(d6559c79c91d72742b10cec24fa1c126) Importer(815301076,1909f56bfc062723c751e8b465ee728b)
Start importing Assets/Textures/TileMap/Captura de pantalla 2026-04-15 194756_19.asset using Guid(d6559c79c91d72742b10cec24fa1c126) Importer(815301076,1909f56bfc062723c751e8b465ee728b) [PhysX] Initialized MultithreadedTaskDispatcher with 16 workers.
 -> (artifact id: '93da27f42794fe59061c805dcfac4f13') in 0.013971 seconds
Number of updated asset objects reloaded before import = 0
Number of asset objects unloaded after import = 3
========================================================================
Received Import Request.
  Time since last request: 0.000018 seconds.
  path: Assets/Textures/TileMap/Captura de pantalla 2026-04-15 194756_35.asset
  artifactKey: Guid(9b1b0d0efcbe00c4f925515c39eadc2c) Importer(815301076,1909f56bfc062723c751e8b465ee728b)
Start importing Assets/Textures/TileMap/Captura de pantalla 2026-04-15 194756_35.asset using Guid(9b1b0d0efcbe00c4f925515c39eadc2c) Importer(815301076,1909f56bfc062723c751e8b465ee728b) [PhysX] Initialized MultithreadedTaskDispatcher with 16 workers.
 -> (artifact id: '24c5ad98dcd105e947d72453e9f759ba') in 0.012656 seconds
Number of updated asset objects reloaded before import = 0
Number of asset objects unloaded after import = 3
========================================================================
Received Import Request.
  Time since last request: 0.000015 seconds.
  path: Assets/Textures/TileMap/Captura de pantalla 2026-04-15 194756_13.asset
  artifactKey: Guid(98ff041abe58c8447914aaf0304ff020) Importer(815301076,1909f56bfc062723c751e8b465ee728b)
Start importing Assets/Textures/TileMap/Captura de pantalla 2026-04-15 194756_13.asset using Guid(98ff041abe58c8447914aaf0304ff020) Importer(815301076,1909f56bfc062723c751e8b465ee728b) [PhysX] Initialized MultithreadedTaskDispatcher with 16 workers.
 -> (artifact id: 'f08d3064dd4d2bf4b91aa47e5e9160a6') in 0.017272 seconds
Number of updated asset objects reloaded before import = 0
Number of asset objects unloaded after import = 3
========================================================================
Received Import Request.
  Time since last request: 0.000016 seconds.
  path: Assets/Textures/TileMap/Captura de pantalla 2026-04-15 194756_37.asset
  artifactKey: Guid(3d145fe49ba9aa347b4c6043d8d00f36) Importer(815301076,1909f56bfc062723c751e8b465ee728b)
Start importing Assets/Textures/TileMap/Captura de pantalla 2026-04-15 194756_37.asset using Guid(3d145fe49ba9aa347b4c6043d8d00f36) Importer(815301076,1909f56bfc062723c751e8b465ee728b) [PhysX] Initialized MultithreadedTaskDispatcher with 16 workers.
 -> (artifact id: '2bac15f0de723603b92aa91857fd87ea') in 0.014167 seconds
Number of updated asset objects reloaded before import = 0
Number of asset objects unloaded after import = 3
========================================================================
Received Import Request.
  Time since last request: 0.000016 seconds.
  path: Assets/Textures/TileMap/Captura de pantalla 2026-04-15 194756_36.asset
  artifactKey: Guid(49b12a74d98d117469e70578866eefd3) Importer(815301076,1909f56bfc062723c751e8b465ee728b)
Start importing Assets/Textures/TileMap/Captura de pantalla 2026-04-15 194756_36.asset using Guid(49b12a74d98d117469e70578866eefd3) Importer(815301076,1909f56bfc062723c751e8b465ee728b) [PhysX] Initialized MultithreadedTaskDispatcher with 16 workers.
 -> (artifact id: 'df2d4e9a0a24ed207df909257081d3ba') in 0.012982 seconds
Number of updated asset objects reloaded before import = 0
Number of asset objects unloaded after import = 3
========================================================================
Received Import Request.
  Time since last request: 0.000020 seconds.
  path: Assets/Textures/TileMap/Captura de pantalla 2026-04-15 194756_33.asset
  artifactKey: Guid(6a7dcd1cff5c37c49b7b01ea6ba7955e) Importer(815301076,1909f56bfc062723c751e8b465ee728b)
Start importing Assets/Textures/TileMap/Captura de pantalla 2026-04-15 194756_33.asset using Guid(6a7dcd1cff5c37c49b7b01ea6ba7955e) Importer(815301076,1909f56bfc062723c751e8b465ee728b) [PhysX] Initialized MultithreadedTaskDispatcher with 16 workers.
 -> (artifact id: '358c5238c19ab227991ffd2050590a80') in 0.012875 seconds
Number of updated asset objects reloaded before import = 0
Number of asset objects unloaded after import = 3
========================================================================
Received Import Request.
  Time since last request: 0.000017 seconds.
  path: Assets/Textures/TileMap/Captura de pantalla 2026-04-15 194756_8.asset
  artifactKey: Guid(5083e7e1bf9760c4385d61e0447ab906) Importer(815301076,1909f56bfc062723c751e8b465ee728b)
Start importing Assets/Textures/TileMap/Captura de pantalla 2026-04-15 194756_8.asset using Guid(5083e7e1bf9760c4385d61e0447ab906) Importer(815301076,1909f56bfc062723c751e8b465ee728b) [PhysX] Initialized MultithreadedTaskDispatcher with 16 workers.
 -> (artifact id: 'fb443ed6e498513c6e4ba1ab61db9eb7') in 0.013605 seconds
Number of updated asset objects reloaded before import = 0
Number of asset objects unloaded after import = 3
========================================================================
Received Import Request.
  Time since last request: 0.000017 seconds.
  path: Assets/Textures/TileMap/Captura de pantalla 2026-04-15 194756_28.asset
  artifactKey: Guid(49f1f9ac574e7a54f9d0c5c254a551d6) Importer(815301076,1909f56bfc062723c751e8b465ee728b)
Start importing Assets/Textures/TileMap/Captura de pantalla 2026-04-15 194756_28.asset using Guid(49f1f9ac574e7a54f9d0c5c254a551d6) Importer(815301076,1909f56bfc062723c751e8b465ee728b) [PhysX] Initialized MultithreadedTaskDispatcher with 16 workers.
 -> (artifact id: '5101509b3b2607f4d0dfd57f6f5d836d') in 0.014866 seconds
Number of updated asset objects reloaded before import = 0
Number of asset objects unloaded after import = 3
========================================================================
Received Import Request.
  Time since last request: 15.000473 seconds.
  path: Assets/Textures/TileMap/Captura de pantalla 2026-04-15 194756_2.asset
  artifactKey: Guid(684b07c42763ed148a57198605f70f02) Importer(815301076,1909f56bfc062723c751e8b465ee728b)
Start importing Assets/Textures/TileMap/Captura de pantalla 2026-04-15 194756_2.asset using Guid(684b07c42763ed148a57198605f70f02) Importer(815301076,1909f56bfc062723c751e8b465ee728b) [PhysX] Initialized MultithreadedTaskDispatcher with 16 workers.
 -> (artifact id: '3d370e1ab4de489f3cc852766a655dad') in 0.012974 seconds
Number of updated asset objects reloaded before import = 0
Number of asset objects unloaded after import = 3
========================================================================
Received Import Request.
  Time since last request: 0.000015 seconds.
  path: Assets/Textures/TileMap/Captura de pantalla 2026-04-15 194756_4.asset
  artifactKey: Guid(b61fe051ecdb45845b4b8a44ab843644) Importer(815301076,1909f56bfc062723c751e8b465ee728b)
Start importing Assets/Textures/TileMap/Captura de pantalla 2026-04-15 194756_4.asset using Guid(b61fe051ecdb45845b4b8a44ab843644) Importer(815301076,1909f56bfc062723c751e8b465ee728b) [PhysX] Initialized MultithreadedTaskDispatcher with 16 workers.
 -> (artifact id: 'baf05b38e72b5d54046c8c99a0c3de74') in 0.013879 seconds
Number of updated asset objects reloaded before import = 0
Number of asset objects unloaded after import = 3
========================================================================
Received Import Request.
  Time since last request: 0.000022 seconds.
  path: Assets/Textures/TileMap/Captura de pantalla 2026-04-15 194756_9.asset
  artifactKey: Guid(aa43a490d00df014b827661d91333c6e) Importer(815301076,1909f56bfc062723c751e8b465ee728b)
Start importing Assets/Textures/TileMap/Captura de pantalla 2026-04-15 194756_9.asset using Guid(aa43a490d00df014b827661d91333c6e) Importer(815301076,1909f56bfc062723c751e8b465ee728b) [PhysX] Initialized MultithreadedTaskDispatcher with 16 workers.
 -> (artifact id: 'c67a63c022a05e6b1d7bce9ba414002c') in 0.013777 seconds
Number of updated asset objects reloaded before import = 0
Number of asset objects unloaded after import = 3
========================================================================
Received Import Request.
  Time since last request: 0.000023 seconds.
  path: Assets/Textures/TileMap/Captura de pantalla 2026-04-15 194756_21.asset
  artifactKey: Guid(496ff75bf7ba30443b4aa027c798cbfc) Importer(815301076,1909f56bfc062723c751e8b465ee728b)
Start importing Assets/Textures/TileMap/Captura de pantalla 2026-04-15 194756_21.asset using Guid(496ff75bf7ba30443b4aa027c798cbfc) Importer(815301076,1909f56bfc062723c751e8b465ee728b) [PhysX] Initialized MultithreadedTaskDispatcher with 16 workers.
 -> (artifact id: '94047af87fcf3361ed5b971f9f9ff575') in 0.014005 seconds
Number of updated asset objects reloaded before import = 0
Number of asset objects unloaded after import = 3
========================================================================
Received Import Request.
  Time since last request: 0.000016 seconds.
  path: Assets/Textures/TileMap/Captura de pantalla 2026-04-15 194756_32.asset
  artifactKey: Guid(800356bdf0c43d24a985160f1a62aef2) Importer(815301076,1909f56bfc062723c751e8b465ee728b)
Start importing Assets/Textures/TileMap/Captura de pantalla 2026-04-15 194756_32.asset using Guid(800356bdf0c43d24a985160f1a62aef2) Importer(815301076,1909f56bfc062723c751e8b465ee728b) [PhysX] Initialized MultithreadedTaskDispatcher with 16 workers.
 -> (artifact id: '4b18d3d68582d3542b71efe2ca4d29b4') in 0.031321 seconds
Number of updated asset objects reloaded before import = 0
Number of asset objects unloaded after import = 3
========================================================================
Received Import Request.
  Time since last request: 0.000013 seconds.
  path: Assets/Textures/TileMap/Captura de pantalla 2026-04-15 194756_23.asset
  artifactKey: Guid(a305a2623bf17ed4e807c64698fc001c) Importer(815301076,1909f56bfc062723c751e8b465ee728b)
Start importing Assets/Textures/TileMap/Captura de pantalla 2026-04-15 194756_23.asset using Guid(a305a2623bf17ed4e807c64698fc001c) Importer(815301076,1909f56bfc062723c751e8b465ee728b) [PhysX] Initialized MultithreadedTaskDispatcher with 16 workers.
 -> (artifact id: 'd68fd6fd06c7b3d1533d7e24ffa31ef2') in 0.013688 seconds
Number of updated asset objects reloaded before import = 0
Number of asset objects unloaded after import = 3
========================================================================
Received Import Request.
  Time since last request: 0.000024 seconds.
  path: Assets/Textures/TileMap/Captura de pantalla 2026-04-15 194756_12.asset
  artifactKey: Guid(761f8ae3f9a4c3247aceb52105d8d384) Importer(815301076,1909f56bfc062723c751e8b465ee728b)
Start importing Assets/Textures/TileMap/Captura de pantalla 2026-04-15 194756_12.asset using Guid(761f8ae3f9a4c3247aceb52105d8d384) Importer(815301076,1909f56bfc062723c751e8b465ee728b) [PhysX] Initialized MultithreadedTaskDispatcher with 16 workers.
 -> (artifact id: '79dacc44882c0dff4ec5bf2ccc882f24') in 0.017735 seconds
Number of updated asset objects reloaded before import = 0
Number of asset objects unloaded after import = 3
========================================================================
Received Import Request.
  Time since last request: 0.000013 seconds.
  path: Assets/Textures/TileMap/Captura de pantalla 2026-04-15 194756_5.asset
  artifactKey: Guid(d1737aa8b703170498178d814e8ab4cb) Importer(815301076,1909f56bfc062723c751e8b465ee728b)
Start importing Assets/Textures/TileMap/Captura de pantalla 2026-04-15 194756_5.asset using Guid(d1737aa8b703170498178d814e8ab4cb) Importer(815301076,1909f56bfc062723c751e8b465ee728b) [PhysX] Initialized MultithreadedTaskDispatcher with 16 workers.
 -> (artifact id: '70369d3ee4cac5d16f1974f8e16c0864') in 0.013224 seconds
Number of updated asset objects reloaded before import = 0
Number of asset objects unloaded after import = 3
========================================================================
Received Import Request.
  Time since last request: 0.000013 seconds.
  path: Assets/Textures/TileMap/Captura de pantalla 2026-04-15 194756_3.asset
  artifactKey: Guid(2cf098a9993098b41aec1e8795f9f255) Importer(815301076,1909f56bfc062723c751e8b465ee728b)
Start importing Assets/Textures/TileMap/Captura de pantalla 2026-04-15 194756_3.asset using Guid(2cf098a9993098b41aec1e8795f9f255) Importer(815301076,1909f56bfc062723c751e8b465ee728b) [PhysX] Initialized MultithreadedTaskDispatcher with 16 workers.
 -> (artifact id: 'c506988056879ee4d6660419f2762c10') in 0.015029 seconds
Number of updated asset objects reloaded before import = 0
Number of asset objects unloaded after import = 3
========================================================================
Received Import Request.
  Time since last request: 0.000014 seconds.
  path: Assets/Textures/TileMap/Captura de pantalla 2026-04-15 194756_6.asset
  artifactKey: Guid(50a2786d9e115144a925ef7f1449aed8) Importer(815301076,1909f56bfc062723c751e8b465ee728b)
Start importing Assets/Textures/TileMap/Captura de pantalla 2026-04-15 194756_6.asset using Guid(50a2786d9e115144a925ef7f1449aed8) Importer(815301076,1909f56bfc062723c751e8b465ee728b) [PhysX] Initialized MultithreadedTaskDispatcher with 16 workers.
 -> (artifact id: '917f86afb6986103415a305a9a37fb1f') in 0.013421 seconds
Number of updated asset objects reloaded before import = 0
Number of asset objects unloaded after import = 3
========================================================================
Received Import Request.
  Time since last request: 0.000015 seconds.
  path: Assets/Textures/TileMap/Captura de pantalla 2026-04-15 194756_20.asset
  artifactKey: Guid(73b37e6ba3703294db2575fa25a9c7c3) Importer(815301076,1909f56bfc062723c751e8b465ee728b)
Start importing Assets/Textures/TileMap/Captura de pantalla 2026-04-15 194756_20.asset using Guid(73b37e6ba3703294db2575fa25a9c7c3) Importer(815301076,1909f56bfc062723c751e8b465ee728b) [PhysX] Initialized MultithreadedTaskDispatcher with 16 workers.
 -> (artifact id: '20ae7f9bef6a1b30b08740187f5a3f01') in 0.013380 seconds
Number of updated asset objects reloaded before import = 0
Number of asset objects unloaded after import = 3
========================================================================
Received Import Request.
  Time since last request: 0.000017 seconds.
  path: Assets/Textures/TileMap/Captura de pantalla 2026-04-15 194756_17.asset
  artifactKey: Guid(c5110cf8afca5ec4db60209fc055aab0) Importer(815301076,1909f56bfc062723c751e8b465ee728b)
Start importing Assets/Textures/TileMap/Captura de pantalla 2026-04-15 194756_17.asset using Guid(c5110cf8afca5ec4db60209fc055aab0) Importer(815301076,1909f56bfc062723c751e8b465ee728b) [PhysX] Initialized MultithreadedTaskDispatcher with 16 workers.
 -> (artifact id: 'ffc6e9deae960a29c4507b0dd51b7183') in 0.013862 seconds
Number of updated asset objects reloaded before import = 0
Number of asset objects unloaded after import = 3
========================================================================
Received Prepare
Caller must complete domain reload
Begin MonoManager ReloadAssembly
- Loaded All Assemblies, in  0.906 seconds
Native extension for UWP target not found
Native extension for WindowsStandalone target not found
Native extension for iOS target not found
Native extension for Android target not found
Native extension for WebGL target not found
Mono: successfully reloaded assembly
- Finished resetting the current domain, in  0.765 seconds
Domain Reload Profiling: 1671ms
	BeginReloadAssembly (567ms)
		ExecutionOrderSort (0ms)
		DisableScriptedObjects (411ms)
		BackupInstance (0ms)
		ReleaseScriptingObjects (0ms)
		CreateAndSetChildDomain (42ms)
	RebuildCommonClasses (37ms)
	RebuildNativeTypeToScriptingClass (12ms)
	initialDomainReloadingComplete (38ms)
	LoadAllAssembliesAndSetupDomain (252ms)
		LoadAssemblies (315ms)
		RebuildTransferFunctionScriptingTraits (0ms)
		AnalyzeDomain (20ms)
			TypeCache.Refresh (7ms)
				TypeCache.ScanAssembly (0ms)
			ScanForSourceGeneratedMonoScriptInfo (0ms)
			ResolveRequiredComponents (11ms)
	FinalizeReload (765ms)
		ReleaseScriptCaches (0ms)
		RebuildScriptCaches (0ms)
		SetupLoadedEditorAssemblies (520ms)
			LogAssemblyErrors (0ms)
			InitializePlatformSupportModulesInManaged (33ms)
			SetLoadedEditorAssemblies (5ms)
			RefreshPlugins (0ms)
			BeforeProcessingInitializeOnLoad (85ms)
			ProcessInitializeOnLoadAttributes (311ms)
			ProcessInitializeOnLoadMethodAttributes (80ms)
			AfterProcessingInitializeOnLoad (7ms)
			EditorAssembliesLoaded (0ms)
		ExecutionOrderSort2 (0ms)
		AwakeInstancesAfterBackupRestoration (16ms)
Refreshing native plugins compatible for Editor in 4.33 ms, found 5 plugins.
Preloading 0 native plugins for Editor in 0.00 ms.
Unloading 5947 Unused Serialized files (Serialized files now loaded: 0)
Unloading 23 unused Assets / (318.0 KB). Loaded Objects now: 6601.
Memory consumption went from 202.5 MB to 202.2 MB.
Total: 3.699200 ms (FindLiveObjects: 0.467800 ms CreateObjectMapping: 0.552700 ms MarkObjects: 2.581400 ms  DeleteObjects: 0.096200 ms)

Prepare: number of updated asset objects reloaded= 0
AssetImportParameters requested are different than current active one (requested -> active):
  custom:container-demuxer-ogg: 62fdf1f143b41e24485cea50d1cbac27 -> 
  custom:video-decoder-ogg-theora: a1e56fd34408186e4bbccfd4996cb3dc -> 
  custom:framework-win-MediaFoundation: 216162199b28c13a410421893ffa2e32 -> 
  custom:CustomObjectIndexerAttribute: 72b91833f83ae208fae7752999fa3104 -> 
  custom:container-demuxer-webm: 4f35f7cbe854078d1ac9338744f61a02 -> 
  custom:container-muxer-webm: aa71ff27fc2769a1b78a27578f13a17b -> 
  custom:video-decoder-webm-vp8: 9c59270c3fd7afecdb556c50c9e8de78 -> 
  custom:SearchIndexIgnoredProperties: e643bd26f0fe6173181afceb89e7c659 -> 
  custom:AudioImporter_EditorPlatform: d09bf68614088b80899f8185d706f6e7 -> 
  custom:video-encoder-webm-vp8: eb34c28f22e8b96e1ab97ce403110664 -> 
  custom:audio-decoder-ogg-vorbis: bf7c407c2cedff20999df2af8eb42d56 -> 
  custom:audio-encoder-webm-vorbis: bf7c407c2cedff20999df2af8eb42d56 -> 
========================================================================
Received Import Request.
  Time since last request: 61.156033 seconds.
  path: Assets/Textures/TileMap/Captura de pantalla 2026-04-15 194756_1.asset
  artifactKey: Guid(481f13ec509bb0d4680a47eb43f8be9e) Importer(815301076,1909f56bfc062723c751e8b465ee728b)
Start importing Assets/Textures/TileMap/Captura de pantalla 2026-04-15 194756_1.asset using Guid(481f13ec509bb0d4680a47eb43f8be9e) Importer(815301076,1909f56bfc062723c751e8b465ee728b) [PhysX] Initialized MultithreadedTaskDispatcher with 16 workers.
 -> (artifact id: 'b0b58f35d696eb1b865c0332d5e6df30') in 0.059660 seconds
Number of updated asset objects reloaded before import = 0
Number of asset objects unloaded after import = 3
========================================================================
Received Import Request.
  Time since last request: 0.000014 seconds.
  path: Assets/Textures/TileMap/Captura de pantalla 2026-04-15 194756_40.asset
  artifactKey: Guid(0aa05aa6b580abd49931801a82c04d14) Importer(815301076,1909f56bfc062723c751e8b465ee728b)
Start importing Assets/Textures/TileMap/Captura de pantalla 2026-04-15 194756_40.asset using Guid(0aa05aa6b580abd49931801a82c04d14) Importer(815301076,1909f56bfc062723c751e8b465ee728b) [PhysX] Initialized MultithreadedTaskDispatcher with 16 workers.
 -> (artifact id: 'fdb4efa1da3c4ac57b7c38a7a982db7a') in 0.006683 seconds
Number of updated asset objects reloaded before import = 0
Number of asset objects unloaded after import = 3
========================================================================
Received Import Request.
  Time since last request: 0.000015 seconds.
  path: Assets/Textures/TileMap/Captura de pantalla 2026-04-15 194756_4.asset
  artifactKey: Guid(b61fe051ecdb45845b4b8a44ab843644) Importer(815301076,1909f56bfc062723c751e8b465ee728b)
Start importing Assets/Textures/TileMap/Captura de pantalla 2026-04-15 194756_4.asset using Guid(b61fe051ecdb45845b4b8a44ab843644) Importer(815301076,1909f56bfc062723c751e8b465ee728b) [PhysX] Initialized MultithreadedTaskDispatcher with 16 workers.
 -> (artifact id: '394f25e42b99bc1d9b030848d83b3735') in 0.014187 seconds
Number of updated asset objects reloaded before import = 0
Number of asset objects unloaded after import = 3
========================================================================
Received Import Request.
  Time since last request: 0.000018 seconds.
  path: Assets/Textures/TileMap/Captura de pantalla 2026-04-15 194756_41.asset
  artifactKey: Guid(1fa09625ec637a04db22828475c26cdf) Importer(815301076,1909f56bfc062723c751e8b465ee728b)
Start importing Assets/Textures/TileMap/Captura de pantalla 2026-04-15 194756_41.asset using Guid(1fa09625ec637a04db22828475c26cdf) Importer(815301076,1909f56bfc062723c751e8b465ee728b) [PhysX] Initialized MultithreadedTaskDispatcher with 16 workers.
 -> (artifact id: 'b9d6a06097d75cf81f618927bde68ee2') in 0.006997 seconds
Number of updated asset objects reloaded before import = 0
Number of asset objects unloaded after import = 3
========================================================================
Received Import Request.
  Time since last request: 0.000016 seconds.
  path: Assets/Textures/TileMap/Captura de pantalla 2026-04-15 194756_24.asset
  artifactKey: Guid(d503853edbeae924296768b60ec58bad) Importer(815301076,1909f56bfc062723c751e8b465ee728b)
Start importing Assets/Textures/TileMap/Captura de pantalla 2026-04-15 194756_24.asset using Guid(d503853edbeae924296768b60ec58bad) Importer(815301076,1909f56bfc062723c751e8b465ee728b) [PhysX] Initialized MultithreadedTaskDispatcher with 16 workers.
 -> (artifact id: 'f4271f66e5ad42c94f9fb89f13e59d77') in 0.006819 seconds
Number of updated asset objects reloaded before import = 0
Number of asset objects unloaded after import = 3
========================================================================
Received Import Request.
  Time since last request: 0.000017 seconds.
  path: Assets/Textures/TileMap/Captura de pantalla 2026-04-15 194756_21.asset
  artifactKey: Guid(496ff75bf7ba30443b4aa027c798cbfc) Importer(815301076,1909f56bfc062723c751e8b465ee728b)
Start importing Assets/Textures/TileMap/Captura de pantalla 2026-04-15 194756_21.asset using Guid(496ff75bf7ba30443b4aa027c798cbfc) Importer(815301076,1909f56bfc062723c751e8b465ee728b) [PhysX] Initialized MultithreadedTaskDispatcher with 16 workers.
 -> (artifact id: 'a1e6e7273d160a73d2c60a96cb8ec3b5') in 0.011523 seconds
Number of updated asset objects reloaded before import = 0
Number of asset objects unloaded after import = 3
========================================================================
Received Import Request.
  Time since last request: 0.000017 seconds.
  path: Assets/Textures/TileMap/Captura de pantalla 2026-04-15 194756_25.asset
  artifactKey: Guid(9bfa8bd2506deed4387855ffe6a8d72e) Importer(815301076,1909f56bfc062723c751e8b465ee728b)
Start importing Assets/Textures/TileMap/Captura de pantalla 2026-04-15 194756_25.asset using Guid(9bfa8bd2506deed4387855ffe6a8d72e) Importer(815301076,1909f56bfc062723c751e8b465ee728b) [PhysX] Initialized MultithreadedTaskDispatcher with 16 workers.
 -> (artifact id: '586ba768be1908102e98d4b53fc273a3') in 0.013110 seconds
Number of updated asset objects reloaded before import = 0
Number of asset objects unloaded after import = 3
========================================================================
Received Import Request.
  Time since last request: 0.000017 seconds.
  path: Assets/Textures/TileMap/Captura de pantalla 2026-04-15 194756_32.asset
  artifactKey: Guid(800356bdf0c43d24a985160f1a62aef2) Importer(815301076,1909f56bfc062723c751e8b465ee728b)
Start importing Assets/Textures/TileMap/Captura de pantalla 2026-04-15 194756_32.asset using Guid(800356bdf0c43d24a985160f1a62aef2) Importer(815301076,1909f56bfc062723c751e8b465ee728b) [PhysX] Initialized MultithreadedTaskDispatcher with 16 workers.
 -> (artifact id: '36292fc5cefe02751d9dd812d5ad32f5') in 0.028803 seconds
Number of updated asset objects reloaded before import = 0
Number of asset objects unloaded after import = 3
========================================================================
Received Import Request.
  Time since last request: 0.000017 seconds.
  path: Assets/Textures/TileMap/Captura de pantalla 2026-04-15 194756_23.asset
  artifactKey: Guid(a305a2623bf17ed4e807c64698fc001c) Importer(815301076,1909f56bfc062723c751e8b465ee728b)
Start importing Assets/Textures/TileMap/Captura de pantalla 2026-04-15 194756_23.asset using Guid(a305a2623bf17ed4e807c64698fc001c) Importer(815301076,1909f56bfc062723c751e8b465ee728b) [PhysX] Initialized MultithreadedTaskDispatcher with 16 workers.
 -> (artifact id: '0e7ce6909bcebcd34b7ead255ca4a4a7') in 0.015742 seconds
Number of updated asset objects reloaded before import = 0
Number of asset objects unloaded after import = 3
========================================================================
Received Import Request.
  Time since last request: 0.000031 seconds.
  path: Assets/Textures/TileMap/Captura de pantalla 2026-04-15 194756_10.asset
  artifactKey: Guid(2b04bff735f99084195df4039b8b35ca) Importer(815301076,1909f56bfc062723c751e8b465ee728b)
Start importing Assets/Textures/TileMap/Captura de pantalla 2026-04-15 194756_10.asset using Guid(2b04bff735f99084195df4039b8b35ca) Importer(815301076,1909f56bfc062723c751e8b465ee728b) [PhysX] Initialized MultithreadedTaskDispatcher with 16 workers.
 -> (artifact id: '59fc10c5ce4b072fe4220666728b4e8e') in 0.012955 seconds
Number of updated asset objects reloaded before import = 0
Number of asset objects unloaded after import = 3
========================================================================
Received Import Request.
  Time since last request: 0.000015 seconds.
  path: Assets/Textures/TileMap/Captura de pantalla 2026-04-15 194756_16.asset
  artifactKey: Guid(1fd6551e1457c204ba9ff0d111327fd7) Importer(815301076,1909f56bfc062723c751e8b465ee728b)
Start importing Assets/Textures/TileMap/Captura de pantalla 2026-04-15 194756_16.asset using Guid(1fd6551e1457c204ba9ff0d111327fd7) Importer(815301076,1909f56bfc062723c751e8b465ee728b) [PhysX] Initialized MultithreadedTaskDispatcher with 16 workers.
 -> (artifact id: 'e6cf5868410684f3a078e927a38a8298') in 0.013784 seconds
Number of updated asset objects reloaded before import = 0
Number of asset objects unloaded after import = 3
========================================================================
Received Import Request.
  Time since last request: 0.000019 seconds.
  path: Assets/Textures/TileMap/Captura de pantalla 2026-04-15 194756_37.asset
  artifactKey: Guid(3d145fe49ba9aa347b4c6043d8d00f36) Importer(815301076,1909f56bfc062723c751e8b465ee728b)
Start importing Assets/Textures/TileMap/Captura de pantalla 2026-04-15 194756_37.asset using Guid(3d145fe49ba9aa347b4c6043d8d00f36) Importer(815301076,1909f56bfc062723c751e8b465ee728b) [PhysX] Initialized MultithreadedTaskDispatcher with 16 workers.
 -> (artifact id: '8e1ceb47e7c44716eed7f02de77d1e0a') in 0.013624 seconds
Number of updated asset objects reloaded before import = 0
Number of asset objects unloaded after import = 3
========================================================================
Received Import Request.
  Time since last request: 0.000017 seconds.
  path: Assets/Textures/TileMap/Captura de pantalla 2026-04-15 194756_31.asset
  artifactKey: Guid(0f191e591f5295445adaed40b5f616da) Importer(815301076,1909f56bfc062723c751e8b465ee728b)
Start importing Assets/Textures/TileMap/Captura de pantalla 2026-04-15 194756_31.asset using Guid(0f191e591f5295445adaed40b5f616da) Importer(815301076,1909f56bfc062723c751e8b465ee728b) [PhysX] Initialized MultithreadedTaskDispatcher with 16 workers.
 -> (artifact id: '3c21a35bd361aafa5b8b56bc33d09ea0') in 0.013344 seconds
Number of updated asset objects reloaded before import = 0
Number of asset objects unloaded after import = 3
========================================================================
Received Import Request.
  Time since last request: 0.000018 seconds.
  path: Assets/Textures/TileMap/NivelDeHielo.prefab
  artifactKey: Guid(8854d9043af0ea64bacff86f5ab3068b) Importer(815301076,1909f56bfc062723c751e8b465ee728b)
Start importing Assets/Textures/TileMap/NivelDeHielo.prefab using Guid(8854d9043af0ea64bacff86f5ab3068b) Importer(815301076,1909f56bfc062723c751e8b465ee728b) [PhysX] Initialized MultithreadedTaskDispatcher with 16 workers.
[PhysX] Initialized MultithreadedTaskDispatcher with 16 workers.
In order to call GetTransformInfoExpectUpToDate, RendererUpdateManager.UpdateAll must be called first.
UnityEngine.StackTraceUtility:ExtractStackTrace ()
UnityEngine.Rendering.ScriptableRenderContext:Internal_Cull (UnityEngine.Rendering.ScriptableCullingParameters&,UnityEngine.Rendering.ScriptableRenderContext,intptr)
UnityEngine.Rendering.ScriptableRenderContext:Cull (UnityEngine.Rendering.ScriptableCullingParameters&)
UnityEngine.Rendering.Universal.UniversalRenderPipeline:RenderSingleCamera (UnityEngine.Rendering.ScriptableRenderContext,UnityEngine.Rendering.Universal.CameraData&) (at ./Library/PackageCache/com.unity.render-pipelines.universal@14.0.11/Runtime/UniversalRenderPipeline.cs:670)
UnityEngine.Rendering.Universal.UniversalRenderPipeline:RenderSingleCameraInternal (UnityEngine.Rendering.ScriptableRenderContext,UnityEngine.Camera,UnityEngine.Rendering.Universal.UniversalAdditionalCameraData&) (at ./Library/PackageCache/com.unity.render-pipelines.universal@14.0.11/Runtime/UniversalRenderPipeline.cs:575)
UnityEngine.Rendering.Universal.UniversalRenderPipeline:RenderSingleCameraInternal (UnityEngine.Rendering.ScriptableRenderContext,UnityEngine.Camera) (at ./Library/PackageCache/com.unity.render-pipelines.universal@14.0.11/Runtime/UniversalRenderPipeline.cs:558)
UnityEngine.Rendering.Universal.UniversalRenderPipeline:Render (UnityEngine.Rendering.ScriptableRenderContext,System.Collections.Generic.List`1<UnityEngine.Camera>) (at ./Library/PackageCache/com.unity.render-pipelines.universal@14.0.11/Runtime/UniversalRenderPipeline.cs:384)
UnityEngine.Rendering.RenderPipeline:InternalRender (UnityEngine.Rendering.ScriptableRenderContext,System.Collections.Generic.List`1<UnityEngine.Camera>)
UnityEngine.Rendering.RenderPipelineManager:DoRenderLoop_Internal (UnityEngine.Rendering.RenderPipelineAsset,intptr,UnityEngine.Object,Unity.Collections.LowLevel.Unsafe.AtomicSafetyHandle)
UnityEditor.PreviewRenderUtility:Render (bool,bool)
UnityEditor.GameObjectInspector:DoRenderPreview (UnityEditor.GameObjectInspector/PreviewData)
UnityEditor.GameObjectInspector:RenderStaticPreview (string,UnityEngine.Object[],int,int)
UnityEditor.AssetPreviewUpdater:CreatePreview (UnityEngine.Object,UnityEngine.Object[],string,int,int)
UnityEditor.AssetPreviewUpdater:CreatePreviewForAsset (UnityEngine.Object,UnityEngine.Object[],string)

[./Library/PackageCache/com.unity.render-pipelines.universal@14.0.11/Runtime/UniversalRenderPipeline.cs line 670]

 -> (artifact id: '5c30039e848e1b20ec59933b5a4ab393') in 0.208534 seconds
Number of updated asset objects reloaded before import = 0
Number of asset objects unloaded after import = 114
========================================================================
Received Prepare
Caller must complete domain reload
Begin MonoManager ReloadAssembly
- Loaded All Assemblies, in  0.473 seconds
Native extension for UWP target not found
Native extension for WindowsStandalone target not found
Native extension for iOS target not found
Native extension for Android target not found
Native extension for WebGL target not found
Mono: successfully reloaded assembly
- Finished resetting the current domain, in  1.189 seconds
Domain Reload Profiling: 1660ms
	BeginReloadAssembly (160ms)
		ExecutionOrderSort (0ms)
		DisableScriptedObjects (15ms)
		BackupInstance (0ms)
		ReleaseScriptingObjects (0ms)
		CreateAndSetChildDomain (38ms)
	RebuildCommonClasses (30ms)
	RebuildNativeTypeToScriptingClass (11ms)
	initialDomainReloadingComplete (27ms)
	LoadAllAssembliesAndSetupDomain (242ms)
		LoadAssemblies (299ms)
		RebuildTransferFunctionScriptingTraits (0ms)
		AnalyzeDomain (20ms)
			TypeCache.Refresh (8ms)
				TypeCache.ScanAssembly (0ms)
			ScanForSourceGeneratedMonoScriptInfo (0ms)
			ResolveRequiredComponents (11ms)
	FinalizeReload (1190ms)
		ReleaseScriptCaches (0ms)
		RebuildScriptCaches (0ms)
		SetupLoadedEditorAssemblies (527ms)
			LogAssemblyErrors (0ms)
			InitializePlatformSupportModulesInManaged (35ms)
			SetLoadedEditorAssemblies (5ms)
			RefreshPlugins (0ms)
			BeforeProcessingInitializeOnLoad (90ms)
			ProcessInitializeOnLoadAttributes (309ms)
			ProcessInitializeOnLoadMethodAttributes (80ms)
			AfterProcessingInitializeOnLoad (9ms)
			EditorAssembliesLoaded (0ms)
		ExecutionOrderSort2 (0ms)
		AwakeInstancesAfterBackupRestoration (19ms)
Refreshing native plugins compatible for Editor in 4.69 ms, found 5 plugins.
Preloading 0 native plugins for Editor in 0.00 ms.
Unloading 5947 Unused Serialized files (Serialized files now loaded: 0)
Unloading 23 unused Assets / (318.1 KB). Loaded Objects now: 6656.
Memory consumption went from 203.1 MB to 202.8 MB.
Total: 3.785000 ms (FindLiveObjects: 0.511300 ms CreateObjectMapping: 0.539900 ms MarkObjects: 2.640500 ms  DeleteObjects: 0.092200 ms)

Prepare: number of updated asset objects reloaded= 0
AssetImportParameters requested are different than current active one (requested -> active):
  custom:container-demuxer-ogg: 62fdf1f143b41e24485cea50d1cbac27 -> 
  custom:video-decoder-ogg-theora: a1e56fd34408186e4bbccfd4996cb3dc -> 
  custom:framework-win-MediaFoundation: 216162199b28c13a410421893ffa2e32 -> 
  custom:CustomObjectIndexerAttribute: 72b91833f83ae208fae7752999fa3104 -> 
  custom:container-demuxer-webm: 4f35f7cbe854078d1ac9338744f61a02 -> 
  custom:container-muxer-webm: aa71ff27fc2769a1b78a27578f13a17b -> 
  custom:video-decoder-webm-vp8: 9c59270c3fd7afecdb556c50c9e8de78 -> 
  custom:SearchIndexIgnoredProperties: e643bd26f0fe6173181afceb89e7c659 -> 
  custom:AudioImporter_EditorPlatform: d09bf68614088b80899f8185d706f6e7 -> 
  custom:video-encoder-webm-vp8: eb34c28f22e8b96e1ab97ce403110664 -> 
  custom:audio-decoder-ogg-vorbis: bf7c407c2cedff20999df2af8eb42d56 -> 
  custom:audio-encoder-webm-vorbis: bf7c407c2cedff20999df2af8eb42d56 -> 
========================================================================
Received Prepare
Caller must complete domain reload
Begin MonoManager ReloadAssembly
- Loaded All Assemblies, in  0.447 seconds
Native extension for UWP target not found
Native extension for WindowsStandalone target not found
Native extension for iOS target not found
Native extension for Android target not found
Native extension for WebGL target not found
Mono: successfully reloaded assembly
- Finished resetting the current domain, in  1.134 seconds
Domain Reload Profiling: 1578ms
	BeginReloadAssembly (148ms)
		ExecutionOrderSort (0ms)
		DisableScriptedObjects (11ms)
		BackupInstance (0ms)
		ReleaseScriptingObjects (0ms)
		CreateAndSetChildDomain (34ms)
	RebuildCommonClasses (29ms)
	RebuildNativeTypeToScriptingClass (11ms)
	initialDomainReloadingComplete (28ms)
	LoadAllAssembliesAndSetupDomain (229ms)
		LoadAssemblies (283ms)
		RebuildTransferFunctionScriptingTraits (0ms)
		AnalyzeDomain (21ms)
			TypeCache.Refresh (7ms)
				TypeCache.ScanAssembly (0ms)
			ScanForSourceGeneratedMonoScriptInfo (0ms)
			ResolveRequiredComponents (11ms)
	FinalizeReload (1134ms)
		ReleaseScriptCaches (0ms)
		RebuildScriptCaches (0ms)
		SetupLoadedEditorAssemblies (500ms)
			LogAssemblyErrors (0ms)
			InitializePlatformSupportModulesInManaged (34ms)
			SetLoadedEditorAssemblies (5ms)
			RefreshPlugins (0ms)
			BeforeProcessingInitializeOnLoad (83ms)
			ProcessInitializeOnLoadAttributes (294ms)
			ProcessInitializeOnLoadMethodAttributes (76ms)
			AfterProcessingInitializeOnLoad (8ms)
			EditorAssembliesLoaded (0ms)
		ExecutionOrderSort2 (0ms)
		AwakeInstancesAfterBackupRestoration (18ms)
Refreshing native plugins compatible for Editor in 3.86 ms, found 5 plugins.
Preloading 0 native plugins for Editor in 0.00 ms.
Unloading 5947 Unused Serialized files (Serialized files now loaded: 0)
Unloading 23 unused Assets / (318.2 KB). Loaded Objects now: 6662.
Memory consumption went from 203.1 MB to 202.7 MB.
Total: 3.545800 ms (FindLiveObjects: 0.480000 ms CreateObjectMapping: 0.544700 ms MarkObjects: 2.436800 ms  DeleteObjects: 0.083500 ms)

Prepare: number of updated asset objects reloaded= 0
AssetImportParameters requested are different than current active one (requested -> active):
  custom:container-demuxer-ogg: 62fdf1f143b41e24485cea50d1cbac27 -> 
  custom:video-decoder-ogg-theora: a1e56fd34408186e4bbccfd4996cb3dc -> 
  custom:framework-win-MediaFoundation: 216162199b28c13a410421893ffa2e32 -> 
  custom:CustomObjectIndexerAttribute: 72b91833f83ae208fae7752999fa3104 -> 
  custom:container-demuxer-webm: 4f35f7cbe854078d1ac9338744f61a02 -> 
  custom:container-muxer-webm: aa71ff27fc2769a1b78a27578f13a17b -> 
  custom:video-decoder-webm-vp8: 9c59270c3fd7afecdb556c50c9e8de78 -> 
  custom:SearchIndexIgnoredProperties: e643bd26f0fe6173181afceb89e7c659 -> 
  custom:AudioImporter_EditorPlatform: d09bf68614088b80899f8185d706f6e7 -> 
  custom:video-encoder-webm-vp8: eb34c28f22e8b96e1ab97ce403110664 -> 
  custom:audio-decoder-ogg-vorbis: bf7c407c2cedff20999df2af8eb42d56 -> 
  custom:audio-encoder-webm-vorbis: bf7c407c2cedff20999df2af8eb42d56 -> 
========================================================================
Received Import Request.
  Time since last request: 198.674574 seconds.
  path: Assets/Textures/TileMap/Captura de pantalla 2026-04-15 194756.jpg
  artifactKey: Guid(3ab82bae521079745a82e2f49a56e261) Importer(815301076,1909f56bfc062723c751e8b465ee728b)
Start importing Assets/Textures/TileMap/Captura de pantalla 2026-04-15 194756.jpg using Guid(3ab82bae521079745a82e2f49a56e261) Importer(815301076,1909f56bfc062723c751e8b465ee728b) [PhysX] Initialized MultithreadedTaskDispatcher with 16 workers.
[PhysX] Initialized MultithreadedTaskDispatcher with 16 workers.
 -> (artifact id: '1324bcf4d71127092113e9d7b1f2adee') in 0.228657 seconds
Number of updated asset objects reloaded before import = 0
Number of asset objects unloaded after import = 44
========================================================================
Received Import Request.
  Time since last request: 0.000016 seconds.
  path: Assets/Textures/TileMap/Captura de pantalla 2026-04-15 194756_15.asset
  artifactKey: Guid(9da384ba3c452574ea1063db6782e44b) Importer(815301076,1909f56bfc062723c751e8b465ee728b)
Start importing Assets/Textures/TileMap/Captura de pantalla 2026-04-15 194756_15.asset using Guid(9da384ba3c452574ea1063db6782e44b) Importer(815301076,1909f56bfc062723c751e8b465ee728b) [PhysX] Initialized MultithreadedTaskDispatcher with 16 workers.
 -> (artifact id: 'de5484d1e47107e72eb32fce8994ab40') in 0.020494 seconds
Number of updated asset objects reloaded before import = 0
Number of asset objects unloaded after import = 3
========================================================================
Received Import Request.
  Time since last request: 0.000024 seconds.
  path: Assets/Textures/TileMap/Captura de pantalla 2026-04-15 194756_39.asset
  artifactKey: Guid(9a7c2e17b81ba2d42b9b5eb1df8a1567) Importer(815301076,1909f56bfc062723c751e8b465ee728b)
Start importing Assets/Textures/TileMap/Captura de pantalla 2026-04-15 194756_39.asset using Guid(9a7c2e17b81ba2d42b9b5eb1df8a1567) Importer(815301076,1909f56bfc062723c751e8b465ee728b) [PhysX] Initialized MultithreadedTaskDispatcher with 16 workers.
 -> (artifact id: '258d4ecd609ff424be7ba0b57985f271') in 0.006093 seconds
Number of updated asset objects reloaded before import = 0
Number of asset objects unloaded after import = 3
========================================================================
Received Import Request.
  Time since last request: 0.000015 seconds.
  path: Assets/Textures/TileMap/Captura de pantalla 2026-04-15 194756_19.asset
  artifactKey: Guid(d6559c79c91d72742b10cec24fa1c126) Importer(815301076,1909f56bfc062723c751e8b465ee728b)
Start importing Assets/Textures/TileMap/Captura de pantalla 2026-04-15 194756_19.asset using Guid(d6559c79c91d72742b10cec24fa1c126) Importer(815301076,1909f56bfc062723c751e8b465ee728b) [PhysX] Initialized MultithreadedTaskDispatcher with 16 workers.
 -> (artifact id: '6dff97f0ba12b20061979a236e480a21') in 0.012285 seconds
Number of updated asset objects reloaded before import = 0
Number of asset objects unloaded after import = 3
========================================================================
Received Import Request.
  Time since last request: 0.000016 seconds.
  path: Assets/Textures/TileMap/Captura de pantalla 2026-04-15 194756_18.asset
  artifactKey: Guid(75a4ff264ed76754c8061788e8b2a1bf) Importer(815301076,1909f56bfc062723c751e8b465ee728b)
Start importing Assets/Textures/TileMap/Captura de pantalla 2026-04-15 194756_18.asset using Guid(75a4ff264ed76754c8061788e8b2a1bf) Importer(815301076,1909f56bfc062723c751e8b465ee728b) [PhysX] Initialized MultithreadedTaskDispatcher with 16 workers.
 -> (artifact id: 'd91b9d7e8fbf0bce6bffeeafbf6a3cb4') in 0.011997 seconds
Number of updated asset objects reloaded before import = 0
Number of asset objects unloaded after import = 3
========================================================================
Received Import Request.
  Time since last request: 0.000015 seconds.
  path: Assets/Textures/TileMap/Captura de pantalla 2026-04-15 194756_35.asset
  artifactKey: Guid(9b1b0d0efcbe00c4f925515c39eadc2c) Importer(815301076,1909f56bfc062723c751e8b465ee728b)
Start importing Assets/Textures/TileMap/Captura de pantalla 2026-04-15 194756_35.asset using Guid(9b1b0d0efcbe00c4f925515c39eadc2c) Importer(815301076,1909f56bfc062723c751e8b465ee728b) [PhysX] Initialized MultithreadedTaskDispatcher with 16 workers.
 -> (artifact id: 'd806b1e3fe44de92bb2094458e7aa35b') in 0.013190 seconds
Number of updated asset objects reloaded before import = 0
Number of asset objects unloaded after import = 3
========================================================================
Received Import Request.
  Time since last request: 0.000015 seconds.
  path: Assets/Textures/TileMap/Captura de pantalla 2026-04-15 194756_10.asset
  artifactKey: Guid(2b04bff735f99084195df4039b8b35ca) Importer(815301076,1909f56bfc062723c751e8b465ee728b)
Start importing Assets/Textures/TileMap/Captura de pantalla 2026-04-15 194756_10.asset using Guid(2b04bff735f99084195df4039b8b35ca) Importer(815301076,1909f56bfc062723c751e8b465ee728b) [PhysX] Initialized MultithreadedTaskDispatcher with 16 workers.
 -> (artifact id: '8dca67aa1b7738bbf2d30f5e727c3720') in 0.013101 seconds
Number of updated asset objects reloaded before import = 0
Number of asset objects unloaded after import = 3
========================================================================
Received Import Request.
  Time since last request: 0.000024 seconds.
  path: Assets/Textures/TileMap/Captura de pantalla 2026-04-15 194756_13.asset
  artifactKey: Guid(98ff041abe58c8447914aaf0304ff020) Importer(815301076,1909f56bfc062723c751e8b465ee728b)
Start importing Assets/Textures/TileMap/Captura de pantalla 2026-04-15 194756_13.asset using Guid(98ff041abe58c8447914aaf0304ff020) Importer(815301076,1909f56bfc062723c751e8b465ee728b) [PhysX] Initialized MultithreadedTaskDispatcher with 16 workers.
 -> (artifact id: 'cc211456e0b7ad08b7f9d3d1675ed64a') in 0.013218 seconds
Number of updated asset objects reloaded before import = 0
Number of asset objects unloaded after import = 3
========================================================================
Received Import Request.
  Time since last request: 0.000017 seconds.
  path: Assets/Textures/TileMap/Captura de pantalla 2026-04-15 194756_26.asset
  artifactKey: Guid(a4575ec5085291243bd67659482f0c30) Importer(815301076,1909f56bfc062723c751e8b465ee728b)
Start importing Assets/Textures/TileMap/Captura de pantalla 2026-04-15 194756_26.asset using Guid(a4575ec5085291243bd67659482f0c30) Importer(815301076,1909f56bfc062723c751e8b465ee728b) [PhysX] Initialized MultithreadedTaskDispatcher with 16 workers.
 -> (artifact id: '3bc3af242a3517c6c6d5623279b78dff') in 0.012213 seconds
Number of updated asset objects reloaded before import = 0
Number of asset objects unloaded after import = 3
========================================================================
Received Import Request.
  Time since last request: 0.000015 seconds.
  path: Assets/Textures/TileMap/Captura de pantalla 2026-04-15 194756_37.asset
  artifactKey: Guid(3d145fe49ba9aa347b4c6043d8d00f36) Importer(815301076,1909f56bfc062723c751e8b465ee728b)
Start importing Assets/Textures/TileMap/Captura de pantalla 2026-04-15 194756_37.asset using Guid(3d145fe49ba9aa347b4c6043d8d00f36) Importer(815301076,1909f56bfc062723c751e8b465ee728b) [PhysX] Initialized MultithreadedTaskDispatcher with 16 workers.
 -> (artifact id: '422dccafcbf4b11f42f9c92b9b41a892') in 0.012228 seconds
Number of updated asset objects reloaded before import = 0
Number of asset objects unloaded after import = 3
========================================================================
Received Import Request.
  Time since last request: 0.000015 seconds.
  path: Assets/Textures/TileMap/Captura de pantalla 2026-04-15 194756_29.asset
  artifactKey: Guid(e4a78a8aa0d8a7b44b2ff9fdfcdca395) Importer(815301076,1909f56bfc062723c751e8b465ee728b)
Start importing Assets/Textures/TileMap/Captura de pantalla 2026-04-15 194756_29.asset using Guid(e4a78a8aa0d8a7b44b2ff9fdfcdca395) Importer(815301076,1909f56bfc062723c751e8b465ee728b) [PhysX] Initialized MultithreadedTaskDispatcher with 16 workers.
 -> (artifact id: 'cf3b0292e947ffce07ab5f122d0cb077') in 0.013143 seconds
Number of updated asset objects reloaded before import = 0
Number of asset objects unloaded after import = 3
========================================================================
Received Import Request.
  Time since last request: 0.000016 seconds.
  path: Assets/Textures/TileMap/Captura de pantalla 2026-04-15 194756_31.asset
  artifactKey: Guid(0f191e591f5295445adaed40b5f616da) Importer(815301076,1909f56bfc062723c751e8b465ee728b)
Start importing Assets/Textures/TileMap/Captura de pantalla 2026-04-15 194756_31.asset using Guid(0f191e591f5295445adaed40b5f616da) Importer(815301076,1909f56bfc062723c751e8b465ee728b) [PhysX] Initialized MultithreadedTaskDispatcher with 16 workers.
 -> (artifact id: '19f7c1ffd6a549ee9124dcd19ff80481') in 0.013574 seconds
Number of updated asset objects reloaded before import = 0
Number of asset objects unloaded after import = 3
========================================================================
Received Import Request.
  Time since last request: 0.000015 seconds.
  path: Assets/Textures/TileMap/Captura de pantalla 2026-04-15 194756_1.asset
  artifactKey: Guid(481f13ec509bb0d4680a47eb43f8be9e) Importer(815301076,1909f56bfc062723c751e8b465ee728b)
Start importing Assets/Textures/TileMap/Captura de pantalla 2026-04-15 194756_1.asset using Guid(481f13ec509bb0d4680a47eb43f8be9e) Importer(815301076,1909f56bfc062723c751e8b465ee728b) [PhysX] Initialized MultithreadedTaskDispatcher with 16 workers.
 -> (artifact id: '5591cf58b61334849b80e7ad7dce5480') in 0.012637 seconds
Number of updated asset objects reloaded before import = 0
Number of asset objects unloaded after import = 3
========================================================================
Received Import Request.
  Time since last request: 0.000017 seconds.
  path: Assets/Textures/TileMap/Captura de pantalla 2026-04-15 194756_22.asset
  artifactKey: Guid(02d5b450f9447c14db78da59e827516f) Importer(815301076,1909f56bfc062723c751e8b465ee728b)
Start importing Assets/Textures/TileMap/Captura de pantalla 2026-04-15 194756_22.asset using Guid(02d5b450f9447c14db78da59e827516f) Importer(815301076,1909f56bfc062723c751e8b465ee728b) [PhysX] Initialized MultithreadedTaskDispatcher with 16 workers.
 -> (artifact id: 'f3ae3b37a020dbf3932779136398bf6a') in 0.013143 seconds
Number of updated asset objects reloaded before import = 0
Number of asset objects unloaded after import = 3
========================================================================
Received Import Request.
  Time since last request: 0.000024 seconds.
  path: Assets/Textures/TileMap/Captura de pantalla 2026-04-15 194756_33.asset
  artifactKey: Guid(6a7dcd1cff5c37c49b7b01ea6ba7955e) Importer(815301076,1909f56bfc062723c751e8b465ee728b)
Start importing Assets/Textures/TileMap/Captura de pantalla 2026-04-15 194756_33.asset using Guid(6a7dcd1cff5c37c49b7b01ea6ba7955e) Importer(815301076,1909f56bfc062723c751e8b465ee728b) [PhysX] Initialized MultithreadedTaskDispatcher with 16 workers.
 -> (artifact id: 'acd727d4ec45b9b7d18777078519bed8') in 0.015913 seconds
Number of updated asset objects reloaded before import = 0
Number of asset objects unloaded after import = 3
========================================================================
Received Import Request.
  Time since last request: 0.000017 seconds.
  path: Assets/Textures/TileMap/Captura de pantalla 2026-04-15 194756_6.asset
  artifactKey: Guid(50a2786d9e115144a925ef7f1449aed8) Importer(815301076,1909f56bfc062723c751e8b465ee728b)
Start importing Assets/Textures/TileMap/Captura de pantalla 2026-04-15 194756_6.asset using Guid(50a2786d9e115144a925ef7f1449aed8) Importer(815301076,1909f56bfc062723c751e8b465ee728b) [PhysX] Initialized MultithreadedTaskDispatcher with 16 workers.
 -> (artifact id: '1f94c6d778a8d588bccceda190d2ce16') in 0.019210 seconds
Number of updated asset objects reloaded before import = 0
Number of asset objects unloaded after import = 3
========================================================================
Received Import Request.
  Time since last request: 0.000018 seconds.
  path: Assets/Textures/TileMap/Captura de pantalla 2026-04-15 194756_7.asset
  artifactKey: Guid(f6c3070a6f1379b40b94c1924c2553f3) Importer(815301076,1909f56bfc062723c751e8b465ee728b)
Start importing Assets/Textures/TileMap/Captura de pantalla 2026-04-15 194756_7.asset using Guid(f6c3070a6f1379b40b94c1924c2553f3) Importer(815301076,1909f56bfc062723c751e8b465ee728b) [PhysX] Initialized MultithreadedTaskDispatcher with 16 workers.
 -> (artifact id: '9c57dcfdbc3e22f46fde2130f0d1dc8b') in 0.013437 seconds
Number of updated asset objects reloaded before import = 0
Number of asset objects unloaded after import = 3
========================================================================
Received Import Request.
  Time since last request: 0.000016 seconds.
  path: Assets/Textures/TileMap/Captura de pantalla 2026-04-15 194756_8.asset
  artifactKey: Guid(5083e7e1bf9760c4385d61e0447ab906) Importer(815301076,1909f56bfc062723c751e8b465ee728b)
Start importing Assets/Textures/TileMap/Captura de pantalla 2026-04-15 194756_8.asset using Guid(5083e7e1bf9760c4385d61e0447ab906) Importer(815301076,1909f56bfc062723c751e8b465ee728b) [PhysX] Initialized MultithreadedTaskDispatcher with 16 workers.
 -> (artifact id: '1e761ef993b3b1edc4b2b050e6eb187f') in 0.012756 seconds
Number of updated asset objects reloaded before import = 0
Number of asset objects unloaded after import = 3
========================================================================
Received Import Request.
  Time since last request: 0.000018 seconds.
  path: Assets/Textures/TileMap/Captura de pantalla 2026-04-15 194756_20.asset
  artifactKey: Guid(73b37e6ba3703294db2575fa25a9c7c3) Importer(815301076,1909f56bfc062723c751e8b465ee728b)
Start importing Assets/Textures/TileMap/Captura de pantalla 2026-04-15 194756_20.asset using Guid(73b37e6ba3703294db2575fa25a9c7c3) Importer(815301076,1909f56bfc062723c751e8b465ee728b) [PhysX] Initialized MultithreadedTaskDispatcher with 16 workers.
 -> (artifact id: '16fe204de9aa49667cf4492e3193342a') in 0.013182 seconds
Number of updated asset objects reloaded before import = 0
Number of asset objects unloaded after import = 3
========================================================================
Received Import Request.
  Time since last request: 0.000017 seconds.
  path: Assets/Textures/TileMap/Captura de pantalla 2026-04-15 194756_11.asset
  artifactKey: Guid(8e40212f5f6b532489828826620ae60b) Importer(815301076,1909f56bfc062723c751e8b465ee728b)
Start importing Assets/Textures/TileMap/Captura de pantalla 2026-04-15 194756_11.asset using Guid(8e40212f5f6b532489828826620ae60b) Importer(815301076,1909f56bfc062723c751e8b465ee728b) [PhysX] Initialized MultithreadedTaskDispatcher with 16 workers.
 -> (artifact id: '28c533be626c12e6926cd457dc25a52a') in 0.012676 seconds
Number of updated asset objects reloaded before import = 0
Number of asset objects unloaded after import = 3
========================================================================
Received Import Request.
  Time since last request: 0.000023 seconds.
  path: Assets/Textures/TileMap/Captura de pantalla 2026-04-15 194756_28.asset
  artifactKey: Guid(49f1f9ac574e7a54f9d0c5c254a551d6) Importer(815301076,1909f56bfc062723c751e8b465ee728b)
Start importing Assets/Textures/TileMap/Captura de pantalla 2026-04-15 194756_28.asset using Guid(49f1f9ac574e7a54f9d0c5c254a551d6) Importer(815301076,1909f56bfc062723c751e8b465ee728b) [PhysX] Initialized MultithreadedTaskDispatcher with 16 workers.
 -> (artifact id: 'd5f6fc2aae5e5bab0c71559d11621a28') in 0.013435 seconds
Number of updated asset objects reloaded before import = 0
Number of asset objects unloaded after import = 3
========================================================================
Received Import Request.
  Time since last request: 0.000017 seconds.
  path: Assets/Textures/TileMap/Captura de pantalla 2026-04-15 194756_17.asset
  artifactKey: Guid(c5110cf8afca5ec4db60209fc055aab0) Importer(815301076,1909f56bfc062723c751e8b465ee728b)
Start importing Assets/Textures/TileMap/Captura de pantalla 2026-04-15 194756_17.asset using Guid(c5110cf8afca5ec4db60209fc055aab0) Importer(815301076,1909f56bfc062723c751e8b465ee728b) [PhysX] Initialized MultithreadedTaskDispatcher with 16 workers.
 -> (artifact id: 'fa136bad3cd33c5d54b39d9375f73fc8') in 0.013720 seconds
Number of updated asset objects reloaded before import = 0
Number of asset objects unloaded after import = 3
========================================================================
Received Import Request.
  Time since last request: 0.000016 seconds.
  path: Assets/Textures/TileMap/Captura de pantalla 2026-04-15 194756_30.asset
  artifactKey: Guid(afb916e1bb7d5324882de7beb66b85c8) Importer(815301076,1909f56bfc062723c751e8b465ee728b)
Start importing Assets/Textures/TileMap/Captura de pantalla 2026-04-15 194756_30.asset using Guid(afb916e1bb7d5324882de7beb66b85c8) Importer(815301076,1909f56bfc062723c751e8b465ee728b) [PhysX] Initialized MultithreadedTaskDispatcher with 16 workers.
 -> (artifact id: '8861716169999fdd0105a6e634b3c582') in 0.012454 seconds
Number of updated asset objects reloaded before import = 0
Number of asset objects unloaded after import = 3
Editor requested this worker to shutdown with reason: Scaling down because of idle timeout
TcpMessagingSession - receive error: operation aborted. errorcode: 995, details: La operación de E/S se anuló por una salida de subproceso o por una solicitud de aplicación.
AssetImportWorker is now disconnected from the server
Process exiting
Exiting without the bug reporter. Application will terminate with return code 0