Using pre-set license
Built from '2022.3/staging' branch; Version is '2022.3.45f1 (a13dfa44d684) revision 10567162'; Using compiler version '192829333'; Build Type 'Release'
OS: 'Windows 10  (10.0.19045) 64bit Professional' Language: 'ca' Physical Memory: 32505 MB
BatchMode: 1, IsHumanControllingUs: 0, StartBugReporterOnCrash: 0, Is64bit: 1, IsPro: 1

COMMAND LINE ARGUMENTS:
C:\Program Files\Unity\Hub\Editor\2022.3.45f1\Editor\Unity.exe
-adb2
-batchMode
-noUpm
-name
AssetImportWorker4
-projectPath
D:/digitalitzacion/Projecte MegaMan
-logFile
Logs/AssetImportWorker4.log
-srvPort
52002
Successfully changed project path to: D:/digitalitzacion/Projecte MegaMan
D:/digitalitzacion/Projecte MegaMan
[UnityMemory] Configuration Parameters - Can be set up in boot.config
    "memorysetup-bucket-allocator-granularity=16"
    "memorysetup-bucket-allocator-bucket-count=8"
    "memorysetup-bucket-allocator-block-size=33554432"
    "memorysetup-bucket-allocator-block-count=8"
    "memorysetup-main-allocator-block-size=16777216"
    "memorysetup-thread-allocator-block-size=16777216"
    "memorysetup-gfx-main-allocator-block-size=16777216"
    "memorysetup-gfx-thread-allocator-block-size=16777216"
    "memorysetup-cache-allocator-block-size=4194304"
    "memorysetup-typetree-allocator-block-size=2097152"
    "memorysetup-profiler-bucket-allocator-granularity=16"
    "memorysetup-profiler-bucket-allocator-bucket-count=8"
    "memorysetup-profiler-bucket-allocator-block-size=33554432"
    "memorysetup-profiler-bucket-allocator-block-count=8"
    "memorysetup-profiler-allocator-block-size=16777216"
    "memorysetup-profiler-editor-allocator-block-size=1048576"
    "memorysetup-temp-allocator-size-main=16777216"
    "memorysetup-job-temp-allocator-block-size=2097152"
    "memorysetup-job-temp-allocator-block-size-background=1048576"
    "memorysetup-job-temp-allocator-reduction-small-platforms=262144"
    "memorysetup-allocator-temp-initial-block-size-main=262144"
    "memorysetup-allocator-temp-initial-block-size-worker=262144"
    "memorysetup-temp-allocator-size-background-worker=32768"
    "memorysetup-temp-allocator-size-job-worker=262144"
    "memorysetup-temp-allocator-size-preload-manager=33554432"
    "memorysetup-temp-allocator-size-nav-mesh-worker=65536"
    "memorysetup-temp-allocator-size-audio-worker=65536"
    "memorysetup-temp-allocator-size-cloud-worker=32768"
    "memorysetup-temp-allocator-size-gi-baking-worker=262144"
    "memorysetup-temp-allocator-size-gfx=262144"
Player connection [18616]  Target information:

Player connection [18616]  * "[IP] 192.168.56.1 [Port] 0 [Flags] 2 [Guid] 2944118936 [EditorId] 2944118936 [Version] 1048832 [Id] WindowsEditor(7,DEPT-A1) [Debug] 1 [PackageName] WindowsEditor [ProjectName] Editor" 

Player connection [18616]  * "[IP] 192.168.202.113 [Port] 0 [Flags] 2 [Guid] 2944118936 [EditorId] 2944118936 [Version] 1048832 [Id] WindowsEditor(7,DEPT-A1) [Debug] 1 [PackageName] WindowsEditor [ProjectName] Editor" 

Player connection [18616] Host joined multi-casting on [225.0.0.222:54997]...
Player connection [18616] Host joined alternative multi-casting on [225.0.0.222:34997]...
[PhysX] Initialized MultithreadedTaskDispatcher with 16 workers.
Refreshing native plugins compatible for Editor in 20.91 ms, found 5 plugins.
Preloading 0 native plugins for Editor in 0.00 ms.
Initialize engine version: 2022.3.45f1 (a13dfa44d684)
[Subsystems] Discovering subsystems at path C:/Program Files/Unity/Hub/Editor/2022.3.45f1/Editor/Data/Resources/UnitySubsystems
[Subsystems] Discovering subsystems at path D:/digitalitzacion/Projecte MegaMan/Assets
GfxDevice: creating device client; threaded=0; jobified=0
Direct3D:
    Version:  Direct3D 11.0 [level 11.1]
    Renderer: AMD Radeon Pro W5500 (ID=0x7341)
    Vendor:   ATI
    VRAM:     8151 MB
    Driver:   32.0.21010.10
Initialize mono
Mono path[0] = 'C:/Program Files/Unity/Hub/Editor/2022.3.45f1/Editor/Data/Managed'
Mono path[1] = 'C:/Program Files/Unity/Hub/Editor/2022.3.45f1/Editor/Data/MonoBleedingEdge/lib/mono/unityjit-win32'
Mono config path = 'C:/Program Files/Unity/Hub/Editor/2022.3.45f1/Editor/Data/MonoBleedingEdge/etc'
Using monoOptions --debugger-agent=transport=dt_socket,embedding=1,server=y,suspend=n,address=127.0.0.1:56988
Begin MonoManager ReloadAssembly
Registering precompiled unity dll's ...
Register platform support module: C:/Program Files/Unity/Hub/Editor/2022.3.45f1/Editor/Data/PlaybackEngines/WebGLSupport/UnityEditor.WebGL.Extensions.dll
Register platform support module: C:/Program Files/Unity/Hub/Editor/2022.3.45f1/Editor/Data/PlaybackEngines/AndroidPlayer/UnityEditor.Android.Extensions.dll
Register platform support module: C:/Program Files/Unity/Hub/Editor/2022.3.45f1/Editor/Data/PlaybackEngines/iOSSupport/UnityEditor.iOS.Extensions.dll
Register platform support module: C:/Program Files/Unity/Hub/Editor/2022.3.45f1/Editor/Data/PlaybackEngines/WindowsStandaloneSupport/UnityEditor.WindowsStandalone.Extensions.dll
Register platform support module: C:/Program Files/Unity/Hub/Editor/2022.3.45f1/Editor/Data/PlaybackEngines/MetroSupport/UnityEditor.UWP.Extensions.dll
Registered in 0.016121 seconds.
- Loaded All Assemblies, in  0.378 seconds
Native extension for UWP target not found
Native extension for WindowsStandalone target not found
[usbmuxd] Start listen thread
[usbmuxd] Listen thread started
Native extension for iOS target not found
Native extension for Android target not found
Android Extension - Scanning For ADB Devices 257 ms
Native extension for WebGL target not found
Mono: successfully reloaded assembly
- Finished resetting the current domain, in  0.575 seconds
Domain Reload Profiling: 952ms
	BeginReloadAssembly (109ms)
		ExecutionOrderSort (0ms)
		DisableScriptedObjects (0ms)
		BackupInstance (0ms)
		ReleaseScriptingObjects (0ms)
		CreateAndSetChildDomain (1ms)
	RebuildCommonClasses (36ms)
	RebuildNativeTypeToScriptingClass (12ms)
	initialDomainReloadingComplete (65ms)
	LoadAllAssembliesAndSetupDomain (154ms)
		LoadAssemblies (108ms)
		RebuildTransferFunctionScriptingTraits (0ms)
		AnalyzeDomain (151ms)
			TypeCache.Refresh (150ms)
				TypeCache.ScanAssembly (136ms)
			ScanForSourceGeneratedMonoScriptInfo (0ms)
			ResolveRequiredComponents (0ms)
	FinalizeReload (575ms)
		ReleaseScriptCaches (0ms)
		RebuildScriptCaches (0ms)
		SetupLoadedEditorAssemblies (528ms)
			LogAssemblyErrors (0ms)
			InitializePlatformSupportModulesInManaged (363ms)
			SetLoadedEditorAssemblies (4ms)
			RefreshPlugins (0ms)
			BeforeProcessingInitializeOnLoad (2ms)
			ProcessInitializeOnLoadAttributes (113ms)
			ProcessInitializeOnLoadMethodAttributes (47ms)
			AfterProcessingInitializeOnLoad (0ms)
			EditorAssembliesLoaded (0ms)
		ExecutionOrderSort2 (0ms)
		AwakeInstancesAfterBackupRestoration (0ms)
========================================================================
Worker process is ready to serve import requests
Caller must complete domain reload
Begin MonoManager ReloadAssembly
- Loaded All Assemblies, in  0.719 seconds
Native extension for UWP target not found
Native extension for WindowsStandalone target not found
Native extension for iOS target not found
Native extension for Android target not found
Native extension for WebGL target not found
Mono: successfully reloaded assembly
- Finished resetting the current domain, in  0.724 seconds
Domain Reload Profiling: 1440ms
	BeginReloadAssembly (150ms)
		ExecutionOrderSort (0ms)
		DisableScriptedObjects (6ms)
		BackupInstance (0ms)
		ReleaseScriptingObjects (0ms)
		CreateAndSetChildDomain (22ms)
	RebuildCommonClasses (34ms)
	RebuildNativeTypeToScriptingClass (11ms)
	initialDomainReloadingComplete (43ms)
	LoadAllAssembliesAndSetupDomain (478ms)
		LoadAssemblies (326ms)
		RebuildTransferFunctionScriptingTraits (0ms)
		AnalyzeDomain (238ms)
			TypeCache.Refresh (196ms)
				TypeCache.ScanAssembly (178ms)
			ScanForSourceGeneratedMonoScriptInfo (29ms)
			ResolveRequiredComponents (12ms)
	FinalizeReload (724ms)
		ReleaseScriptCaches (0ms)
		RebuildScriptCaches (0ms)
		SetupLoadedEditorAssemblies (535ms)
			LogAssemblyErrors (0ms)
			InitializePlatformSupportModulesInManaged (28ms)
			SetLoadedEditorAssemblies (5ms)
			RefreshPlugins (0ms)
			BeforeProcessingInitializeOnLoad (82ms)
			ProcessInitializeOnLoadAttributes (324ms)
			ProcessInitializeOnLoadMethodAttributes (87ms)
			AfterProcessingInitializeOnLoad (8ms)
			EditorAssembliesLoaded (0ms)
		ExecutionOrderSort2 (0ms)
		AwakeInstancesAfterBackupRestoration (7ms)
Launched and connected shader compiler UnityShaderCompiler.exe after 0.04 seconds
Refreshing native plugins compatible for Editor in 4.05 ms, found 5 plugins.
Preloading 0 native plugins for Editor in 0.00 ms.
Unloading 6100 Unused Serialized files (Serialized files now loaded: 0)
Unloading 36 unused Assets / (348.8 KB). Loaded Objects now: 6568.
Memory consumption went from 224.1 MB to 223.8 MB.
Total: 3.532400 ms (FindLiveObjects: 0.428300 ms CreateObjectMapping: 0.455700 ms MarkObjects: 2.504100 ms  DeleteObjects: 0.143100 ms)

AssetImportParameters requested are different than current active one (requested -> active):
  custom:container-demuxer-ogg: 62fdf1f143b41e24485cea50d1cbac27 -> 
  custom:video-decoder-ogg-theora: a1e56fd34408186e4bbccfd4996cb3dc -> 
  custom:framework-win-MediaFoundation: 216162199b28c13a410421893ffa2e32 -> 
  custom:CustomObjectIndexerAttribute: 72b91833f83ae208fae7752999fa3104 -> 
  custom:container-demuxer-webm: 4f35f7cbe854078d1ac9338744f61a02 -> 
  custom:container-muxer-webm: aa71ff27fc2769a1b78a27578f13a17b -> 
  custom:video-decoder-webm-vp8: 9c59270c3fd7afecdb556c50c9e8de78 -> 
  custom:SearchIndexIgnoredProperties: e643bd26f0fe6173181afceb89e7c659 -> 
  custom:AudioImporter_EditorPlatform: d09bf68614088b80899f8185d706f6e7 -> 
  custom:video-encoder-webm-vp8: eb34c28f22e8b96e1ab97ce403110664 -> 
  custom:audio-decoder-ogg-vorbis: bf7c407c2cedff20999df2af8eb42d56 -> 
  custom:audio-encoder-webm-vorbis: bf7c407c2cedff20999df2af8eb42d56 -> 
========================================================================
Received Prepare
Caller must complete domain reload
Begin MonoManager ReloadAssembly
- Loaded All Assemblies, in  0.835 seconds
Native extension for UWP target not found
Native extension for WindowsStandalone target not found
Native extension for iOS target not found
Native extension for Android target not found
Native extension for WebGL target not found
Mono: successfully reloaded assembly
- Finished resetting the current domain, in  0.716 seconds
Domain Reload Profiling: 1551ms
	BeginReloadAssembly (534ms)
		ExecutionOrderSort (0ms)
		DisableScriptedObjects (398ms)
		BackupInstance (0ms)
		ReleaseScriptingObjects (0ms)
		CreateAndSetChildDomain (35ms)
	RebuildCommonClasses (36ms)
	RebuildNativeTypeToScriptingClass (11ms)
	initialDomainReloadingComplete (28ms)
	LoadAllAssembliesAndSetupDomain (226ms)
		LoadAssemblies (275ms)
		RebuildTransferFunctionScriptingTraits (0ms)
		AnalyzeDomain (21ms)
			TypeCache.Refresh (8ms)
				TypeCache.ScanAssembly (0ms)
			ScanForSourceGeneratedMonoScriptInfo (0ms)
			ResolveRequiredComponents (12ms)
	FinalizeReload (716ms)
		ReleaseScriptCaches (0ms)
		RebuildScriptCaches (0ms)
		SetupLoadedEditorAssemblies (485ms)
			LogAssemblyErrors (0ms)
			InitializePlatformSupportModulesInManaged (32ms)
			SetLoadedEditorAssemblies (4ms)
			RefreshPlugins (0ms)
			BeforeProcessingInitializeOnLoad (82ms)
			ProcessInitializeOnLoadAttributes (286ms)
			ProcessInitializeOnLoadMethodAttributes (73ms)
			AfterProcessingInitializeOnLoad (7ms)
			EditorAssembliesLoaded (0ms)
		ExecutionOrderSort2 (0ms)
		AwakeInstancesAfterBackupRestoration (14ms)
Refreshing native plugins compatible for Editor in 3.91 ms, found 5 plugins.
Preloading 0 native plugins for Editor in 0.00 ms.
Unloading 5947 Unused Serialized files (Serialized files now loaded: 0)
Unloading 23 unused Assets / (318.0 KB). Loaded Objects now: 6575.
Memory consumption went from 198.2 MB to 197.9 MB.
Total: 3.423300 ms (FindLiveObjects: 0.463600 ms CreateObjectMapping: 0.473100 ms MarkObjects: 2.403500 ms  DeleteObjects: 0.082600 ms)

Prepare: number of updated asset objects reloaded= 0
AssetImportParameters requested are different than current active one (requested -> active):
  custom:container-demuxer-ogg: 62fdf1f143b41e24485cea50d1cbac27 -> 
  custom:video-decoder-ogg-theora: a1e56fd34408186e4bbccfd4996cb3dc -> 
  custom:framework-win-MediaFoundation: 216162199b28c13a410421893ffa2e32 -> 
  custom:CustomObjectIndexerAttribute: 72b91833f83ae208fae7752999fa3104 -> 
  custom:container-demuxer-webm: 4f35f7cbe854078d1ac9338744f61a02 -> 
  custom:container-muxer-webm: aa71ff27fc2769a1b78a27578f13a17b -> 
  custom:video-decoder-webm-vp8: 9c59270c3fd7afecdb556c50c9e8de78 -> 
  custom:SearchIndexIgnoredProperties: e643bd26f0fe6173181afceb89e7c659 -> 
  custom:AudioImporter_EditorPlatform: d09bf68614088b80899f8185d706f6e7 -> 
  custom:video-encoder-webm-vp8: eb34c28f22e8b96e1ab97ce403110664 -> 
  custom:audio-decoder-ogg-vorbis: bf7c407c2cedff20999df2af8eb42d56 -> 
  custom:audio-encoder-webm-vorbis: bf7c407c2cedff20999df2af8eb42d56 -> 
========================================================================
Received Import Request.
  Time since last request: 6236.944640 seconds.
  path: Assets/Textures/TileMap/Captura de pantalla 2026-04-15 194756.jpg
  artifactKey: Guid(3ab82bae521079745a82e2f49a56e261) Importer(815301076,1909f56bfc062723c751e8b465ee728b)
Start importing Assets/Textures/TileMap/Captura de pantalla 2026-04-15 194756.jpg using Guid(3ab82bae521079745a82e2f49a56e261) Importer(815301076,1909f56bfc062723c751e8b465ee728b) [PhysX] Initialized MultithreadedTaskDispatcher with 16 workers.
[PhysX] Initialized MultithreadedTaskDispatcher with 16 workers.
 -> (artifact id: '956c461f47b440d61396054323c6b058') in 0.237924 seconds
Number of updated asset objects reloaded before import = 0
Number of asset objects unloaded after import = 44
========================================================================
Received Import Request.
  Time since last request: 0.000022 seconds.
  path: Assets/Textures/TileMap/Captura de pantalla 2026-04-15 194756_41.asset
  artifactKey: Guid(1fa09625ec637a04db22828475c26cdf) Importer(815301076,1909f56bfc062723c751e8b465ee728b)
Start importing Assets/Textures/TileMap/Captura de pantalla 2026-04-15 194756_41.asset using Guid(1fa09625ec637a04db22828475c26cdf) Importer(815301076,1909f56bfc062723c751e8b465ee728b) [PhysX] Initialized MultithreadedTaskDispatcher with 16 workers.
 -> (artifact id: '82294ef9e38ff7e25b77087ef76027b6') in 0.014980 seconds
Number of updated asset objects reloaded before import = 0
Number of asset objects unloaded after import = 3
========================================================================
Received Import Request.
  Time since last request: 0.000028 seconds.
  path: Assets/Textures/TileMap/Captura de pantalla 2026-04-15 194756_24.asset
  artifactKey: Guid(d503853edbeae924296768b60ec58bad) Importer(815301076,1909f56bfc062723c751e8b465ee728b)
Start importing Assets/Textures/TileMap/Captura de pantalla 2026-04-15 194756_24.asset using Guid(d503853edbeae924296768b60ec58bad) Importer(815301076,1909f56bfc062723c751e8b465ee728b) [PhysX] Initialized MultithreadedTaskDispatcher with 16 workers.
 -> (artifact id: 'a9d8ecaa30c10cec01145f5ed173ce3c') in 0.006982 seconds
Number of updated asset objects reloaded before import = 0
Number of asset objects unloaded after import = 3
========================================================================
Received Import Request.
  Time since last request: 0.000017 seconds.
  path: Assets/Textures/TileMap/Captura de pantalla 2026-04-15 194756_21.asset
  artifactKey: Guid(496ff75bf7ba30443b4aa027c798cbfc) Importer(815301076,1909f56bfc062723c751e8b465ee728b)
Start importing Assets/Textures/TileMap/Captura de pantalla 2026-04-15 194756_21.asset using Guid(496ff75bf7ba30443b4aa027c798cbfc) Importer(815301076,1909f56bfc062723c751e8b465ee728b) [PhysX] Initialized MultithreadedTaskDispatcher with 16 workers.
 -> (artifact id: '1d4d99c8e92dc79b8e656faa6aec5c18') in 0.012280 seconds
Number of updated asset objects reloaded before import = 0
Number of asset objects unloaded after import = 3
========================================================================
Received Import Request.
  Time since last request: 0.000016 seconds.
  path: Assets/Textures/TileMap/Captura de pantalla 2026-04-15 194756_25.asset
  artifactKey: Guid(9bfa8bd2506deed4387855ffe6a8d72e) Importer(815301076,1909f56bfc062723c751e8b465ee728b)
Start importing Assets/Textures/TileMap/Captura de pantalla 2026-04-15 194756_25.asset using Guid(9bfa8bd2506deed4387855ffe6a8d72e) Importer(815301076,1909f56bfc062723c751e8b465ee728b) [PhysX] Initialized MultithreadedTaskDispatcher with 16 workers.
 -> (artifact id: 'bdcc95691566fac33a089df6486c14b1') in 0.012703 seconds
Number of updated asset objects reloaded before import = 0
Number of asset objects unloaded after import = 3
========================================================================
Received Import Request.
  Time since last request: 0.000015 seconds.
  path: Assets/Textures/TileMap/Captura de pantalla 2026-04-15 194756_32.asset
  artifactKey: Guid(800356bdf0c43d24a985160f1a62aef2) Importer(815301076,1909f56bfc062723c751e8b465ee728b)
Start importing Assets/Textures/TileMap/Captura de pantalla 2026-04-15 194756_32.asset using Guid(800356bdf0c43d24a985160f1a62aef2) Importer(815301076,1909f56bfc062723c751e8b465ee728b) [PhysX] Initialized MultithreadedTaskDispatcher with 16 workers.
 -> (artifact id: 'dd2059984da2736fb3757cace7685f62') in 0.015567 seconds
Number of updated asset objects reloaded before import = 0
Number of asset objects unloaded after import = 3
========================================================================
Received Import Request.
  Time since last request: 0.000023 seconds.
  path: Assets/Textures/TileMap/Captura de pantalla 2026-04-15 194756_23.asset
  artifactKey: Guid(a305a2623bf17ed4e807c64698fc001c) Importer(815301076,1909f56bfc062723c751e8b465ee728b)
Start importing Assets/Textures/TileMap/Captura de pantalla 2026-04-15 194756_23.asset using Guid(a305a2623bf17ed4e807c64698fc001c) Importer(815301076,1909f56bfc062723c751e8b465ee728b) [PhysX] Initialized MultithreadedTaskDispatcher with 16 workers.
 -> (artifact id: 'afda664495793a39317e3aeb7f1388b3') in 0.013365 seconds
Number of updated asset objects reloaded before import = 0
Number of asset objects unloaded after import = 3
========================================================================
Received Import Request.
  Time since last request: 0.000016 seconds.
  path: Assets/Textures/TileMap/Captura de pantalla 2026-04-15 194756_34.asset
  artifactKey: Guid(c37dcae13bedf2e41a2b4ebac963d0a0) Importer(815301076,1909f56bfc062723c751e8b465ee728b)
Start importing Assets/Textures/TileMap/Captura de pantalla 2026-04-15 194756_34.asset using Guid(c37dcae13bedf2e41a2b4ebac963d0a0) Importer(815301076,1909f56bfc062723c751e8b465ee728b) [PhysX] Initialized MultithreadedTaskDispatcher with 16 workers.
 -> (artifact id: '73fa442a8fd0d4e4f4a61a2d92eee049') in 0.012672 seconds
Number of updated asset objects reloaded before import = 0
Number of asset objects unloaded after import = 3
========================================================================
Received Import Request.
  Time since last request: 0.000017 seconds.
  path: Assets/Textures/TileMap/Captura de pantalla 2026-04-15 194756_12.asset
  artifactKey: Guid(761f8ae3f9a4c3247aceb52105d8d384) Importer(815301076,1909f56bfc062723c751e8b465ee728b)
Start importing Assets/Textures/TileMap/Captura de pantalla 2026-04-15 194756_12.asset using Guid(761f8ae3f9a4c3247aceb52105d8d384) Importer(815301076,1909f56bfc062723c751e8b465ee728b) [PhysX] Initialized MultithreadedTaskDispatcher with 16 workers.
 -> (artifact id: '25c6a54bf3bedd7a1d3aafb86dba3e8d') in 0.012164 seconds
Number of updated asset objects reloaded before import = 0
Number of asset objects unloaded after import = 3
========================================================================
Received Import Request.
  Time since last request: 0.000015 seconds.
  path: Assets/Textures/TileMap/Captura de pantalla 2026-04-15 194756_16.asset
  artifactKey: Guid(1fd6551e1457c204ba9ff0d111327fd7) Importer(815301076,1909f56bfc062723c751e8b465ee728b)
Start importing Assets/Textures/TileMap/Captura de pantalla 2026-04-15 194756_16.asset using Guid(1fd6551e1457c204ba9ff0d111327fd7) Importer(815301076,1909f56bfc062723c751e8b465ee728b) [PhysX] Initialized MultithreadedTaskDispatcher with 16 workers.
 -> (artifact id: '97401b201b5d1d138e5a722bcfb6f059') in 0.013312 seconds
Number of updated asset objects reloaded before import = 0
Number of asset objects unloaded after import = 3
========================================================================
Received Import Request.
  Time since last request: 0.000016 seconds.
  path: Assets/Textures/TileMap/Captura de pantalla 2026-04-15 194756_38.asset
  artifactKey: Guid(128d56eead67e864d90d4042d5385aad) Importer(815301076,1909f56bfc062723c751e8b465ee728b)
Start importing Assets/Textures/TileMap/Captura de pantalla 2026-04-15 194756_38.asset using Guid(128d56eead67e864d90d4042d5385aad) Importer(815301076,1909f56bfc062723c751e8b465ee728b) [PhysX] Initialized MultithreadedTaskDispatcher with 16 workers.
 -> (artifact id: '3149340d1fab7950ad92225b6fa4aaa6') in 0.014790 seconds
Number of updated asset objects reloaded before import = 0
Number of asset objects unloaded after import = 3
========================================================================
Received Import Request.
  Time since last request: 0.000018 seconds.
  path: Assets/Textures/TileMap/Captura de pantalla 2026-04-15 194756_5.asset
  artifactKey: Guid(d1737aa8b703170498178d814e8ab4cb) Importer(815301076,1909f56bfc062723c751e8b465ee728b)
Start importing Assets/Textures/TileMap/Captura de pantalla 2026-04-15 194756_5.asset using Guid(d1737aa8b703170498178d814e8ab4cb) Importer(815301076,1909f56bfc062723c751e8b465ee728b) [PhysX] Initialized MultithreadedTaskDispatcher with 16 workers.
 -> (artifact id: '5c98c6d3edb753df752b2dca424c87a7') in 0.013208 seconds
Number of updated asset objects reloaded before import = 0
Number of asset objects unloaded after import = 3
========================================================================
Received Import Request.
  Time since last request: 0.000015 seconds.
  path: Assets/Textures/TileMap/Captura de pantalla 2026-04-15 194756_31.asset
  artifactKey: Guid(0f191e591f5295445adaed40b5f616da) Importer(815301076,1909f56bfc062723c751e8b465ee728b)
Start importing Assets/Textures/TileMap/Captura de pantalla 2026-04-15 194756_31.asset using Guid(0f191e591f5295445adaed40b5f616da) Importer(815301076,1909f56bfc062723c751e8b465ee728b) [PhysX] Initialized MultithreadedTaskDispatcher with 16 workers.
 -> (artifact id: '32ed830f7c5c112f26885dca1e76b141') in 0.013322 seconds
Number of updated asset objects reloaded before import = 0
Number of asset objects unloaded after import = 3
========================================================================
Received Import Request.
  Time since last request: 0.000017 seconds.
  path: Assets/Textures/TileMap/Captura de pantalla 2026-04-15 194756_3.asset
  artifactKey: Guid(2cf098a9993098b41aec1e8795f9f255) Importer(815301076,1909f56bfc062723c751e8b465ee728b)
Start importing Assets/Textures/TileMap/Captura de pantalla 2026-04-15 194756_3.asset using Guid(2cf098a9993098b41aec1e8795f9f255) Importer(815301076,1909f56bfc062723c751e8b465ee728b) [PhysX] Initialized MultithreadedTaskDispatcher with 16 workers.
 -> (artifact id: '6cbfa4efa76289e9d097e1db57dccd24') in 0.014245 seconds
Number of updated asset objects reloaded before import = 0
Number of asset objects unloaded after import = 3
========================================================================
Received Import Request.
  Time since last request: 0.000024 seconds.
  path: Assets/Textures/TileMap/Captura de pantalla 2026-04-15 194756_2.asset
  artifactKey: Guid(684b07c42763ed148a57198605f70f02) Importer(815301076,1909f56bfc062723c751e8b465ee728b)
Start importing Assets/Textures/TileMap/Captura de pantalla 2026-04-15 194756_2.asset using Guid(684b07c42763ed148a57198605f70f02) Importer(815301076,1909f56bfc062723c751e8b465ee728b) [PhysX] Initialized MultithreadedTaskDispatcher with 16 workers.
 -> (artifact id: '149e50e8f59a72d3857b2cec6078683c') in 0.013123 seconds
Number of updated asset objects reloaded before import = 0
Number of asset objects unloaded after import = 3
========================================================================
Received Import Request.
  Time since last request: 0.000015 seconds.
  path: Assets/Textures/TileMap/Captura de pantalla 2026-04-15 194756_33.asset
  artifactKey: Guid(6a7dcd1cff5c37c49b7b01ea6ba7955e) Importer(815301076,1909f56bfc062723c751e8b465ee728b)
Start importing Assets/Textures/TileMap/Captura de pantalla 2026-04-15 194756_33.asset using Guid(6a7dcd1cff5c37c49b7b01ea6ba7955e) Importer(815301076,1909f56bfc062723c751e8b465ee728b) [PhysX] Initialized MultithreadedTaskDispatcher with 16 workers.
 -> (artifact id: 'f826382bb9721960cdd07a89da684901') in 0.013347 seconds
Number of updated asset objects reloaded before import = 0
Number of asset objects unloaded after import = 3
========================================================================
Received Import Request.
  Time since last request: 0.000016 seconds.
  path: Assets/Textures/TileMap/Captura de pantalla 2026-04-15 194756_6.asset
  artifactKey: Guid(50a2786d9e115144a925ef7f1449aed8) Importer(815301076,1909f56bfc062723c751e8b465ee728b)
Start importing Assets/Textures/TileMap/Captura de pantalla 2026-04-15 194756_6.asset using Guid(50a2786d9e115144a925ef7f1449aed8) Importer(815301076,1909f56bfc062723c751e8b465ee728b) [PhysX] Initialized MultithreadedTaskDispatcher with 16 workers.
 -> (artifact id: '13eb05b834d8e76eedb1744d2859ebfa') in 0.013433 seconds
Number of updated asset objects reloaded before import = 0
Number of asset objects unloaded after import = 3
========================================================================
Received Import Request.
  Time since last request: 0.000015 seconds.
  path: Assets/Textures/TileMap/Captura de pantalla 2026-04-15 194756_7.asset
  artifactKey: Guid(f6c3070a6f1379b40b94c1924c2553f3) Importer(815301076,1909f56bfc062723c751e8b465ee728b)
Start importing Assets/Textures/TileMap/Captura de pantalla 2026-04-15 194756_7.asset using Guid(f6c3070a6f1379b40b94c1924c2553f3) Importer(815301076,1909f56bfc062723c751e8b465ee728b) [PhysX] Initialized MultithreadedTaskDispatcher with 16 workers.
 -> (artifact id: '961a720bf27d3f2a6e6fc6d6b38fcca9') in 0.012752 seconds
Number of updated asset objects reloaded before import = 0
Number of asset objects unloaded after import = 3
========================================================================
Received Import Request.
  Time since last request: 0.000016 seconds.
  path: Assets/Textures/TileMap/Captura de pantalla 2026-04-15 194756_8.asset
  artifactKey: Guid(5083e7e1bf9760c4385d61e0447ab906) Importer(815301076,1909f56bfc062723c751e8b465ee728b)
Start importing Assets/Textures/TileMap/Captura de pantalla 2026-04-15 194756_8.asset using Guid(5083e7e1bf9760c4385d61e0447ab906) Importer(815301076,1909f56bfc062723c751e8b465ee728b) [PhysX] Initialized MultithreadedTaskDispatcher with 16 workers.
 -> (artifact id: '42349eabf81796a215f0e3eb2ff5ed3c') in 0.012319 seconds
Number of updated asset objects reloaded before import = 0
Number of asset objects unloaded after import = 3
========================================================================
Received Import Request.
  Time since last request: 0.000017 seconds.
  path: Assets/Textures/TileMap/Captura de pantalla 2026-04-15 194756_20.asset
  artifactKey: Guid(73b37e6ba3703294db2575fa25a9c7c3) Importer(815301076,1909f56bfc062723c751e8b465ee728b)
Start importing Assets/Textures/TileMap/Captura de pantalla 2026-04-15 194756_20.asset using Guid(73b37e6ba3703294db2575fa25a9c7c3) Importer(815301076,1909f56bfc062723c751e8b465ee728b) [PhysX] Initialized MultithreadedTaskDispatcher with 16 workers.
 -> (artifact id: '3baeeef6b8459e8009d9d8b2f90bec75') in 0.013107 seconds
Number of updated asset objects reloaded before import = 0
Number of asset objects unloaded after import = 3
========================================================================
Received Import Request.
  Time since last request: 0.000017 seconds.
  path: Assets/Textures/TileMap/Captura de pantalla 2026-04-15 194756_11.asset
  artifactKey: Guid(8e40212f5f6b532489828826620ae60b) Importer(815301076,1909f56bfc062723c751e8b465ee728b)
Start importing Assets/Textures/TileMap/Captura de pantalla 2026-04-15 194756_11.asset using Guid(8e40212f5f6b532489828826620ae60b) Importer(815301076,1909f56bfc062723c751e8b465ee728b) [PhysX] Initialized MultithreadedTaskDispatcher with 16 workers.
 -> (artifact id: '2d6164380a8a336862a4bdd84094ae7b') in 0.012051 seconds
Number of updated asset objects reloaded before import = 0
Number of asset objects unloaded after import = 3
========================================================================
Received Import Request.
  Time since last request: 0.000015 seconds.
  path: Assets/Textures/TileMap/Captura de pantalla 2026-04-15 194756_28.asset
  artifactKey: Guid(49f1f9ac574e7a54f9d0c5c254a551d6) Importer(815301076,1909f56bfc062723c751e8b465ee728b)
Start importing Assets/Textures/TileMap/Captura de pantalla 2026-04-15 194756_28.asset using Guid(49f1f9ac574e7a54f9d0c5c254a551d6) Importer(815301076,1909f56bfc062723c751e8b465ee728b) [PhysX] Initialized MultithreadedTaskDispatcher with 16 workers.
 -> (artifact id: '625b692ccc388312370ce8f40c8733e1') in 0.012439 seconds
Number of updated asset objects reloaded before import = 0
Number of asset objects unloaded after import = 3
========================================================================
Received Import Request.
  Time since last request: 0.000017 seconds.
  path: Assets/Textures/TileMap/Captura de pantalla 2026-04-15 194756_17.asset
  artifactKey: Guid(c5110cf8afca5ec4db60209fc055aab0) Importer(815301076,1909f56bfc062723c751e8b465ee728b)
Start importing Assets/Textures/TileMap/Captura de pantalla 2026-04-15 194756_17.asset using Guid(c5110cf8afca5ec4db60209fc055aab0) Importer(815301076,1909f56bfc062723c751e8b465ee728b) [PhysX] Initialized MultithreadedTaskDispatcher with 16 workers.
 -> (artifact id: '090ff4e5a574e4f33315131ade7fca6d') in 0.012638 seconds
Number of updated asset objects reloaded before import = 0
Number of asset objects unloaded after import = 3
========================================================================
Received Import Request.
  Time since last request: 0.000017 seconds.
  path: Assets/Textures/TileMap/Captura de pantalla 2026-04-15 194756_30.asset
  artifactKey: Guid(afb916e1bb7d5324882de7beb66b85c8) Importer(815301076,1909f56bfc062723c751e8b465ee728b)
Start importing Assets/Textures/TileMap/Captura de pantalla 2026-04-15 194756_30.asset using Guid(afb916e1bb7d5324882de7beb66b85c8) Importer(815301076,1909f56bfc062723c751e8b465ee728b) [PhysX] Initialized MultithreadedTaskDispatcher with 16 workers.
 -> (artifact id: '1480bac15e214b9eafcf5195555b5748') in 0.013902 seconds
Number of updated asset objects reloaded before import = 0
Number of asset objects unloaded after import = 3
========================================================================
Received Prepare
Caller must complete domain reload
Begin MonoManager ReloadAssembly
- Loaded All Assemblies, in  0.456 seconds
Native extension for UWP target not found
Native extension for WindowsStandalone target not found
Native extension for iOS target not found
Native extension for Android target not found
Native extension for WebGL target not found
Mono: successfully reloaded assembly
- Finished resetting the current domain, in  1.178 seconds
Domain Reload Profiling: 1631ms
	BeginReloadAssembly (157ms)
		ExecutionOrderSort (0ms)
		DisableScriptedObjects (15ms)
		BackupInstance (0ms)
		ReleaseScriptingObjects (0ms)
		CreateAndSetChildDomain (34ms)
	RebuildCommonClasses (30ms)
	RebuildNativeTypeToScriptingClass (11ms)
	initialDomainReloadingComplete (27ms)
	LoadAllAssembliesAndSetupDomain (229ms)
		LoadAssemblies (287ms)
		RebuildTransferFunctionScriptingTraits (0ms)
		AnalyzeDomain (21ms)
			TypeCache.Refresh (8ms)
				TypeCache.ScanAssembly (0ms)
			ScanForSourceGeneratedMonoScriptInfo (0ms)
			ResolveRequiredComponents (11ms)
	FinalizeReload (1178ms)
		ReleaseScriptCaches (0ms)
		RebuildScriptCaches (0ms)
		SetupLoadedEditorAssemblies (527ms)
			LogAssemblyErrors (0ms)
			InitializePlatformSupportModulesInManaged (36ms)
			SetLoadedEditorAssemblies (5ms)
			RefreshPlugins (0ms)
			BeforeProcessingInitializeOnLoad (91ms)
			ProcessInitializeOnLoadAttributes (309ms)
			ProcessInitializeOnLoadMethodAttributes (77ms)
			AfterProcessingInitializeOnLoad (8ms)
			EditorAssembliesLoaded (0ms)
		ExecutionOrderSort2 (0ms)
		AwakeInstancesAfterBackupRestoration (15ms)
Refreshing native plugins compatible for Editor in 4.18 ms, found 5 plugins.
Preloading 0 native plugins for Editor in 0.00 ms.
Unloading 5947 Unused Serialized files (Serialized files now loaded: 0)
Unloading 23 unused Assets / (318.1 KB). Loaded Objects now: 6633.
Memory consumption went from 202.5 MB to 202.2 MB.
Total: 4.404500 ms (FindLiveObjects: 0.503600 ms CreateObjectMapping: 0.659700 ms MarkObjects: 3.129900 ms  DeleteObjects: 0.110600 ms)

Prepare: number of updated asset objects reloaded= 0
AssetImportParameters requested are different than current active one (requested -> active):
  custom:container-demuxer-ogg: 62fdf1f143b41e24485cea50d1cbac27 -> 
  custom:video-decoder-ogg-theora: a1e56fd34408186e4bbccfd4996cb3dc -> 
  custom:framework-win-MediaFoundation: 216162199b28c13a410421893ffa2e32 -> 
  custom:CustomObjectIndexerAttribute: 72b91833f83ae208fae7752999fa3104 -> 
  custom:container-demuxer-webm: 4f35f7cbe854078d1ac9338744f61a02 -> 
  custom:container-muxer-webm: aa71ff27fc2769a1b78a27578f13a17b -> 
  custom:video-decoder-webm-vp8: 9c59270c3fd7afecdb556c50c9e8de78 -> 
  custom:SearchIndexIgnoredProperties: e643bd26f0fe6173181afceb89e7c659 -> 
  custom:AudioImporter_EditorPlatform: d09bf68614088b80899f8185d706f6e7 -> 
  custom:video-encoder-webm-vp8: eb34c28f22e8b96e1ab97ce403110664 -> 
  custom:audio-decoder-ogg-vorbis: bf7c407c2cedff20999df2af8eb42d56 -> 
  custom:audio-encoder-webm-vorbis: bf7c407c2cedff20999df2af8eb42d56 -> 
========================================================================
Received Import Request.
  Time since last request: 35.975094 seconds.
  path: Assets/Textures/TileMap/Captura de pantalla 2026-04-15 194756.jpg
  artifactKey: Guid(3ab82bae521079745a82e2f49a56e261) Importer(815301076,1909f56bfc062723c751e8b465ee728b)
Start importing Assets/Textures/TileMap/Captura de pantalla 2026-04-15 194756.jpg using Guid(3ab82bae521079745a82e2f49a56e261) Importer(815301076,1909f56bfc062723c751e8b465ee728b) [PhysX] Initialized MultithreadedTaskDispatcher with 16 workers.
[PhysX] Initialized MultithreadedTaskDispatcher with 16 workers.
 -> (artifact id: 'c88be291afb1ee9d94cdd554d43d22d4') in 0.187312 seconds
Number of updated asset objects reloaded before import = 0
Number of asset objects unloaded after import = 44
========================================================================
Received Import Request.
  Time since last request: 0.000017 seconds.
  path: Assets/Textures/TileMap/Captura de pantalla 2026-04-15 194756_15.asset
  artifactKey: Guid(9da384ba3c452574ea1063db6782e44b) Importer(815301076,1909f56bfc062723c751e8b465ee728b)
Start importing Assets/Textures/TileMap/Captura de pantalla 2026-04-15 194756_15.asset using Guid(9da384ba3c452574ea1063db6782e44b) Importer(815301076,1909f56bfc062723c751e8b465ee728b) [PhysX] Initialized MultithreadedTaskDispatcher with 16 workers.
 -> (artifact id: '0f62bbaf243de56f5aadf300782914a7') in 0.020535 seconds
Number of updated asset objects reloaded before import = 0
Number of asset objects unloaded after import = 3
========================================================================
Received Import Request.
  Time since last request: 0.000019 seconds.
  path: Assets/Textures/TileMap/Captura de pantalla 2026-04-15 194756_18.asset
  artifactKey: Guid(75a4ff264ed76754c8061788e8b2a1bf) Importer(815301076,1909f56bfc062723c751e8b465ee728b)
Start importing Assets/Textures/TileMap/Captura de pantalla 2026-04-15 194756_18.asset using Guid(75a4ff264ed76754c8061788e8b2a1bf) Importer(815301076,1909f56bfc062723c751e8b465ee728b) [PhysX] Initialized MultithreadedTaskDispatcher with 16 workers.
 -> (artifact id: '00be6aa9a53c711d8d32c8317aba4c02') in 0.014561 seconds
Number of updated asset objects reloaded before import = 0
Number of asset objects unloaded after import = 3
========================================================================
Received Import Request.
  Time since last request: 0.000014 seconds.
  path: Assets/Textures/TileMap/Captura de pantalla 2026-04-15 194756_10.asset
  artifactKey: Guid(2b04bff735f99084195df4039b8b35ca) Importer(815301076,1909f56bfc062723c751e8b465ee728b)
Start importing Assets/Textures/TileMap/Captura de pantalla 2026-04-15 194756_10.asset using Guid(2b04bff735f99084195df4039b8b35ca) Importer(815301076,1909f56bfc062723c751e8b465ee728b) [PhysX] Initialized MultithreadedTaskDispatcher with 16 workers.
 -> (artifact id: '1ee121f23527d90069dcc5c144e5f7da') in 0.013631 seconds
Number of updated asset objects reloaded before import = 0
Number of asset objects unloaded after import = 3
========================================================================
Received Import Request.
  Time since last request: 0.000017 seconds.
  path: Assets/Textures/TileMap/Captura de pantalla 2026-04-15 194756_16.asset
  artifactKey: Guid(1fd6551e1457c204ba9ff0d111327fd7) Importer(815301076,1909f56bfc062723c751e8b465ee728b)
Start importing Assets/Textures/TileMap/Captura de pantalla 2026-04-15 194756_16.asset using Guid(1fd6551e1457c204ba9ff0d111327fd7) Importer(815301076,1909f56bfc062723c751e8b465ee728b) [PhysX] Initialized MultithreadedTaskDispatcher with 16 workers.
 -> (artifact id: '8364d115b8e3080e498c78ea62539d94') in 0.014862 seconds
Number of updated asset objects reloaded before import = 0
Number of asset objects unloaded after import = 3
========================================================================
Received Import Request.
  Time since last request: 0.000014 seconds.
  path: Assets/Textures/TileMap/Captura de pantalla 2026-04-15 194756_29.asset
  artifactKey: Guid(e4a78a8aa0d8a7b44b2ff9fdfcdca395) Importer(815301076,1909f56bfc062723c751e8b465ee728b)
Start importing Assets/Textures/TileMap/Captura de pantalla 2026-04-15 194756_29.asset using Guid(e4a78a8aa0d8a7b44b2ff9fdfcdca395) Importer(815301076,1909f56bfc062723c751e8b465ee728b) [PhysX] Initialized MultithreadedTaskDispatcher with 16 workers.
 -> (artifact id: 'ae9c8f61810e0191f125742c3526f747') in 0.014405 seconds
Number of updated asset objects reloaded before import = 0
Number of asset objects unloaded after import = 3
========================================================================
Received Import Request.
  Time since last request: 0.000013 seconds.
  path: Assets/Textures/TileMap/NivelDeHielo.prefab
  artifactKey: Guid(8854d9043af0ea64bacff86f5ab3068b) Importer(815301076,1909f56bfc062723c751e8b465ee728b)
Start importing Assets/Textures/TileMap/NivelDeHielo.prefab using Guid(8854d9043af0ea64bacff86f5ab3068b) Importer(815301076,1909f56bfc062723c751e8b465ee728b) [PhysX] Initialized MultithreadedTaskDispatcher with 16 workers.
[PhysX] Initialized MultithreadedTaskDispatcher with 16 workers.
In order to call GetTransformInfoExpectUpToDate, RendererUpdateManager.UpdateAll must be called first.
UnityEngine.StackTraceUtility:ExtractStackTrace ()
UnityEngine.Rendering.ScriptableRenderContext:Internal_Cull (UnityEngine.Rendering.ScriptableCullingParameters&,UnityEngine.Rendering.ScriptableRenderContext,intptr)
UnityEngine.Rendering.ScriptableRenderContext:Cull (UnityEngine.Rendering.ScriptableCullingParameters&)
UnityEngine.Rendering.Universal.UniversalRenderPipeline:RenderSingleCamera (UnityEngine.Rendering.ScriptableRenderContext,UnityEngine.Rendering.Universal.CameraData&) (at ./Library/PackageCache/com.unity.render-pipelines.universal@14.0.11/Runtime/UniversalRenderPipeline.cs:670)
UnityEngine.Rendering.Universal.UniversalRenderPipeline:RenderSingleCameraInternal (UnityEngine.Rendering.ScriptableRenderContext,UnityEngine.Camera,UnityEngine.Rendering.Universal.UniversalAdditionalCameraData&) (at ./Library/PackageCache/com.unity.render-pipelines.universal@14.0.11/Runtime/UniversalRenderPipeline.cs:575)
UnityEngine.Rendering.Universal.UniversalRenderPipeline:RenderSingleCameraInternal (UnityEngine.Rendering.ScriptableRenderContext,UnityEngine.Camera) (at ./Library/PackageCache/com.unity.render-pipelines.universal@14.0.11/Runtime/UniversalRenderPipeline.cs:558)
UnityEngine.Rendering.Universal.UniversalRenderPipeline:Render (UnityEngine.Rendering.ScriptableRenderContext,System.Collections.Generic.List`1<UnityEngine.Camera>) (at ./Library/PackageCache/com.unity.render-pipelines.universal@14.0.11/Runtime/UniversalRenderPipeline.cs:384)
UnityEngine.Rendering.RenderPipeline:InternalRender (UnityEngine.Rendering.ScriptableRenderContext,System.Collections.Generic.List`1<UnityEngine.Camera>)
UnityEngine.Rendering.RenderPipelineManager:DoRenderLoop_Internal (UnityEngine.Rendering.RenderPipelineAsset,intptr,UnityEngine.Object,Unity.Collections.LowLevel.Unsafe.AtomicSafetyHandle)
UnityEditor.PreviewRenderUtility:Render (bool,bool)
UnityEditor.GameObjectInspector:DoRenderPreview (UnityEditor.GameObjectInspector/PreviewData)
UnityEditor.GameObjectInspector:RenderStaticPreview (string,UnityEngine.Object[],int,int)
UnityEditor.AssetPreviewUpdater:CreatePreview (UnityEngine.Object,UnityEngine.Object[],string,int,int)
UnityEditor.AssetPreviewUpdater:CreatePreviewForAsset (UnityEngine.Object,UnityEngine.Object[],string)

[./Library/PackageCache/com.unity.render-pipelines.universal@14.0.11/Runtime/UniversalRenderPipeline.cs line 670]

 -> (artifact id: '95c13e48a3ebca7289acd3f712d38347') in 0.193171 seconds
Number of updated asset objects reloaded before import = 0
Number of asset objects unloaded after import = 114
========================================================================
Received Import Request.
  Time since last request: 7.397602 seconds.
  path: Assets/Textures/TileMap/Captura de pantalla 2026-04-15 194756.jpg
  artifactKey: Guid(3ab82bae521079745a82e2f49a56e261) Importer(815301076,1909f56bfc062723c751e8b465ee728b)
Start importing Assets/Textures/TileMap/Captura de pantalla 2026-04-15 194756.jpg using Guid(3ab82bae521079745a82e2f49a56e261) Importer(815301076,1909f56bfc062723c751e8b465ee728b) [PhysX] Initialized MultithreadedTaskDispatcher with 16 workers.
[PhysX] Initialized MultithreadedTaskDispatcher with 16 workers.
 -> (artifact id: '8ae9dc4870c66d134c847871ca75e7a6') in 0.140438 seconds
Number of updated asset objects reloaded before import = 0
Number of asset objects unloaded after import = 44
========================================================================
Received Import Request.
  Time since last request: 0.000019 seconds.
  path: Assets/Textures/TileMap/Captura de pantalla 2026-04-15 194756_18.asset
  artifactKey: Guid(75a4ff264ed76754c8061788e8b2a1bf) Importer(815301076,1909f56bfc062723c751e8b465ee728b)
Start importing Assets/Textures/TileMap/Captura de pantalla 2026-04-15 194756_18.asset using Guid(75a4ff264ed76754c8061788e8b2a1bf) Importer(815301076,1909f56bfc062723c751e8b465ee728b) [PhysX] Initialized MultithreadedTaskDispatcher with 16 workers.
 -> (artifact id: 'a91c41c02dcfdccb9c8bc5b940eab415') in 0.011606 seconds
Number of updated asset objects reloaded before import = 0
Number of asset objects unloaded after import = 3
========================================================================
Received Import Request.
  Time since last request: 0.000018 seconds.
  path: Assets/Textures/TileMap/Captura de pantalla 2026-04-15 194756_10.asset
  artifactKey: Guid(2b04bff735f99084195df4039b8b35ca) Importer(815301076,1909f56bfc062723c751e8b465ee728b)
Start importing Assets/Textures/TileMap/Captura de pantalla 2026-04-15 194756_10.asset using Guid(2b04bff735f99084195df4039b8b35ca) Importer(815301076,1909f56bfc062723c751e8b465ee728b) [PhysX] Initialized MultithreadedTaskDispatcher with 16 workers.
 -> (artifact id: '68bf7f8458eabeb0864911e4bf405865') in 0.105727 seconds
Number of updated asset objects reloaded before import = 0
Number of asset objects unloaded after import = 3
========================================================================
Received Import Request.
  Time since last request: 0.000021 seconds.
  path: Assets/Textures/TileMap/Captura de pantalla 2026-04-15 194756_26.asset
  artifactKey: Guid(a4575ec5085291243bd67659482f0c30) Importer(815301076,1909f56bfc062723c751e8b465ee728b)
Start importing Assets/Textures/TileMap/Captura de pantalla 2026-04-15 194756_26.asset using Guid(a4575ec5085291243bd67659482f0c30) Importer(815301076,1909f56bfc062723c751e8b465ee728b) [PhysX] Initialized MultithreadedTaskDispatcher with 16 workers.
 -> (artifact id: 'cfa3c345a5e2580894daab30638fa67b') in 0.012112 seconds
Number of updated asset objects reloaded before import = 0
Number of asset objects unloaded after import = 3
========================================================================
Received Import Request.
  Time since last request: 0.000029 seconds.
  path: Assets/Textures/TileMap/Captura de pantalla 2026-04-15 194756_29.asset
  artifactKey: Guid(e4a78a8aa0d8a7b44b2ff9fdfcdca395) Importer(815301076,1909f56bfc062723c751e8b465ee728b)
Start importing Assets/Textures/TileMap/Captura de pantalla 2026-04-15 194756_29.asset using Guid(e4a78a8aa0d8a7b44b2ff9fdfcdca395) Importer(815301076,1909f56bfc062723c751e8b465ee728b) [PhysX] Initialized MultithreadedTaskDispatcher with 16 workers.
 -> (artifact id: '01265a9ea02258402052d071b007c911') in 0.012908 seconds
Number of updated asset objects reloaded before import = 0
Number of asset objects unloaded after import = 3
========================================================================
Received Import Request.
  Time since last request: 0.000020 seconds.
  path: Assets/Textures/TileMap/NivelDeHielo.prefab
  artifactKey: Guid(8854d9043af0ea64bacff86f5ab3068b) Importer(815301076,1909f56bfc062723c751e8b465ee728b)
Start importing Assets/Textures/TileMap/NivelDeHielo.prefab using Guid(8854d9043af0ea64bacff86f5ab3068b) Importer(815301076,1909f56bfc062723c751e8b465ee728b) [PhysX] Initialized MultithreadedTaskDispatcher with 16 workers.
[PhysX] Initialized MultithreadedTaskDispatcher with 16 workers.
 -> (artifact id: '730d5616eee12213939e9847c1b37649') in 0.023442 seconds
Number of updated asset objects reloaded before import = 0
Number of asset objects unloaded after import = 96
========================================================================
Received Import Request.
  Time since last request: 0.000019 seconds.
  path: Assets/Textures/TileMap/Captura de pantalla 2026-04-15 194756_7.asset
  artifactKey: Guid(f6c3070a6f1379b40b94c1924c2553f3) Importer(815301076,1909f56bfc062723c751e8b465ee728b)
Start importing Assets/Textures/TileMap/Captura de pantalla 2026-04-15 194756_7.asset using Guid(f6c3070a6f1379b40b94c1924c2553f3) Importer(815301076,1909f56bfc062723c751e8b465ee728b) [PhysX] Initialized MultithreadedTaskDispatcher with 16 workers.
 -> (artifact id: 'ca23afa7cb9202d5d6eb8d11d78ba1e1') in 0.013621 seconds
Number of updated asset objects reloaded before import = 0
Number of asset objects unloaded after import = 3
========================================================================
Received Import Request.
  Time since last request: 0.000020 seconds.
  path: Assets/Textures/TileMap/Captura de pantalla 2026-04-15 194756_28.asset
  artifactKey: Guid(49f1f9ac574e7a54f9d0c5c254a551d6) Importer(815301076,1909f56bfc062723c751e8b465ee728b)
Start importing Assets/Textures/TileMap/Captura de pantalla 2026-04-15 194756_28.asset using Guid(49f1f9ac574e7a54f9d0c5c254a551d6) Importer(815301076,1909f56bfc062723c751e8b465ee728b) [PhysX] Initialized MultithreadedTaskDispatcher with 16 workers.
 -> (artifact id: '149c77edc6573541b2dd5bffa04a07c1') in 0.013720 seconds
Number of updated asset objects reloaded before import = 0
Number of asset objects unloaded after import = 3
========================================================================
Received Import Request.
  Time since last request: 6.830614 seconds.
  path: Assets/Textures/TileMap/Captura de pantalla 2026-04-15 194756.jpg
  artifactKey: Guid(3ab82bae521079745a82e2f49a56e261) Importer(815301076,1909f56bfc062723c751e8b465ee728b)
Start importing Assets/Textures/TileMap/Captura de pantalla 2026-04-15 194756.jpg using Guid(3ab82bae521079745a82e2f49a56e261) Importer(815301076,1909f56bfc062723c751e8b465ee728b) [PhysX] Initialized MultithreadedTaskDispatcher with 16 workers.
[PhysX] Initialized MultithreadedTaskDispatcher with 16 workers.
 -> (artifact id: '3e4395828f2d3c885300d7880ead1131') in 0.140860 seconds
Number of updated asset objects reloaded before import = 0
Number of asset objects unloaded after import = 44
========================================================================
Received Import Request.
  Time since last request: 0.000026 seconds.
  path: Assets/Textures/TileMap/Captura de pantalla 2026-04-15 194756_18.asset
  artifactKey: Guid(75a4ff264ed76754c8061788e8b2a1bf) Importer(815301076,1909f56bfc062723c751e8b465ee728b)
Start importing Assets/Textures/TileMap/Captura de pantalla 2026-04-15 194756_18.asset using Guid(75a4ff264ed76754c8061788e8b2a1bf) Importer(815301076,1909f56bfc062723c751e8b465ee728b) [PhysX] Initialized MultithreadedTaskDispatcher with 16 workers.
 -> (artifact id: '6415d02c7ffc8676c5c5f6e15849d76a') in 0.014100 seconds
Number of updated asset objects reloaded before import = 0
Number of asset objects unloaded after import = 3
========================================================================
Received Import Request.
  Time since last request: 0.000029 seconds.
  path: Assets/Textures/TileMap/Captura de pantalla 2026-04-15 194756_10.asset
  artifactKey: Guid(2b04bff735f99084195df4039b8b35ca) Importer(815301076,1909f56bfc062723c751e8b465ee728b)
Start importing Assets/Textures/TileMap/Captura de pantalla 2026-04-15 194756_10.asset using Guid(2b04bff735f99084195df4039b8b35ca) Importer(815301076,1909f56bfc062723c751e8b465ee728b) [PhysX] Initialized MultithreadedTaskDispatcher with 16 workers.
 -> (artifact id: '10e08019df991811cf097db46e29456f') in 0.013336 seconds
Number of updated asset objects reloaded before import = 0
Number of asset objects unloaded after import = 3
========================================================================
Received Import Request.
  Time since last request: 0.000022 seconds.
  path: Assets/Textures/TileMap/Captura de pantalla 2026-04-15 194756_26.asset
  artifactKey: Guid(a4575ec5085291243bd67659482f0c30) Importer(815301076,1909f56bfc062723c751e8b465ee728b)
Start importing Assets/Textures/TileMap/Captura de pantalla 2026-04-15 194756_26.asset using Guid(a4575ec5085291243bd67659482f0c30) Importer(815301076,1909f56bfc062723c751e8b465ee728b) [PhysX] Initialized MultithreadedTaskDispatcher with 16 workers.
 -> (artifact id: 'babefbfe4a63e59261bc683153075e50') in 0.013695 seconds
Number of updated asset objects reloaded before import = 0
Number of asset objects unloaded after import = 3
========================================================================
Received Import Request.
  Time since last request: 0.000018 seconds.
  path: Assets/Textures/TileMap/Captura de pantalla 2026-04-15 194756_31.asset
  artifactKey: Guid(0f191e591f5295445adaed40b5f616da) Importer(815301076,1909f56bfc062723c751e8b465ee728b)
Start importing Assets/Textures/TileMap/Captura de pantalla 2026-04-15 194756_31.asset using Guid(0f191e591f5295445adaed40b5f616da) Importer(815301076,1909f56bfc062723c751e8b465ee728b) [PhysX] Initialized MultithreadedTaskDispatcher with 16 workers.
 -> (artifact id: 'f72130927036d79cc1d64a7bae4e65a5') in 0.013090 seconds
Number of updated asset objects reloaded before import = 0
Number of asset objects unloaded after import = 3
========================================================================
Received Import Request.
  Time since last request: 0.000017 seconds.
  path: Assets/Textures/TileMap/Captura de pantalla 2026-04-15 194756_22.asset
  artifactKey: Guid(02d5b450f9447c14db78da59e827516f) Importer(815301076,1909f56bfc062723c751e8b465ee728b)
Start importing Assets/Textures/TileMap/Captura de pantalla 2026-04-15 194756_22.asset using Guid(02d5b450f9447c14db78da59e827516f) Importer(815301076,1909f56bfc062723c751e8b465ee728b) [PhysX] Initialized MultithreadedTaskDispatcher with 16 workers.
 -> (artifact id: '6c52b2746d3f66568b8ca995d0149abb') in 0.014148 seconds
Number of updated asset objects reloaded before import = 0
Number of asset objects unloaded after import = 3
========================================================================
Received Import Request.
  Time since last request: 0.000018 seconds.
  path: Assets/Textures/TileMap/Captura de pantalla 2026-04-15 194756_7.asset
  artifactKey: Guid(f6c3070a6f1379b40b94c1924c2553f3) Importer(815301076,1909f56bfc062723c751e8b465ee728b)
Start importing Assets/Textures/TileMap/Captura de pantalla 2026-04-15 194756_7.asset using Guid(f6c3070a6f1379b40b94c1924c2553f3) Importer(815301076,1909f56bfc062723c751e8b465ee728b) [PhysX] Initialized MultithreadedTaskDispatcher with 16 workers.
 -> (artifact id: '57e394dd225419b7ad994be212e3b497') in 0.014505 seconds
Number of updated asset objects reloaded before import = 0
Number of asset objects unloaded after import = 3
========================================================================
Received Import Request.
  Time since last request: 0.000017 seconds.
  path: Assets/Textures/TileMap/Captura de pantalla 2026-04-15 194756_11.asset
  artifactKey: Guid(8e40212f5f6b532489828826620ae60b) Importer(815301076,1909f56bfc062723c751e8b465ee728b)
Start importing Assets/Textures/TileMap/Captura de pantalla 2026-04-15 194756_11.asset using Guid(8e40212f5f6b532489828826620ae60b) Importer(815301076,1909f56bfc062723c751e8b465ee728b) [PhysX] Initialized MultithreadedTaskDispatcher with 16 workers.
 -> (artifact id: 'abc4f8b79fbd1f4e7e1483a80a592c49') in 0.013483 seconds
Number of updated asset objects reloaded before import = 0
Number of asset objects unloaded after import = 3
========================================================================
Received Import Request.
  Time since last request: 0.000020 seconds.
  path: Assets/Textures/TileMap/Captura de pantalla 2026-04-15 194756_30.asset
  artifactKey: Guid(afb916e1bb7d5324882de7beb66b85c8) Importer(815301076,1909f56bfc062723c751e8b465ee728b)
Start importing Assets/Textures/TileMap/Captura de pantalla 2026-04-15 194756_30.asset using Guid(afb916e1bb7d5324882de7beb66b85c8) Importer(815301076,1909f56bfc062723c751e8b465ee728b) [PhysX] Initialized MultithreadedTaskDispatcher with 16 workers.
 -> (artifact id: '70cd925d2c43717d1409d273584a70cb') in 0.013391 seconds
Number of updated asset objects reloaded before import = 0
Number of asset objects unloaded after import = 3
========================================================================
Received Prepare
Caller must complete domain reload
Begin MonoManager ReloadAssembly
- Loaded All Assemblies, in  0.483 seconds
Native extension for UWP target not found
Native extension for WindowsStandalone target not found
Native extension for iOS target not found
Native extension for Android target not found
Native extension for WebGL target not found
Mono: successfully reloaded assembly
- Finished resetting the current domain, in  1.200 seconds
Domain Reload Profiling: 1681ms
	BeginReloadAssembly (161ms)
		ExecutionOrderSort (0ms)
		DisableScriptedObjects (14ms)
		BackupInstance (0ms)
		ReleaseScriptingObjects (0ms)
		CreateAndSetChildDomain (40ms)
	RebuildCommonClasses (30ms)
	RebuildNativeTypeToScriptingClass (10ms)
	initialDomainReloadingComplete (28ms)
	LoadAllAssembliesAndSetupDomain (251ms)
		LoadAssemblies (308ms)
		RebuildTransferFunctionScriptingTraits (0ms)
		AnalyzeDomain (21ms)
			TypeCache.Refresh (9ms)
				TypeCache.ScanAssembly (0ms)
			ScanForSourceGeneratedMonoScriptInfo (0ms)
			ResolveRequiredComponents (10ms)
	FinalizeReload (1201ms)
		ReleaseScriptCaches (0ms)
		RebuildScriptCaches (0ms)
		SetupLoadedEditorAssemblies (521ms)
			LogAssemblyErrors (0ms)
			InitializePlatformSupportModulesInManaged (34ms)
			SetLoadedEditorAssemblies (5ms)
			RefreshPlugins (0ms)
			BeforeProcessingInitializeOnLoad (89ms)
			ProcessInitializeOnLoadAttributes (307ms)
			ProcessInitializeOnLoadMethodAttributes (78ms)
			AfterProcessingInitializeOnLoad (8ms)
			EditorAssembliesLoaded (0ms)
		ExecutionOrderSort2 (0ms)
		AwakeInstancesAfterBackupRestoration (18ms)
Refreshing native plugins compatible for Editor in 4.28 ms, found 5 plugins.
Preloading 0 native plugins for Editor in 0.00 ms.
Unloading 5947 Unused Serialized files (Serialized files now loaded: 0)
Unloading 23 unused Assets / (318.1 KB). Loaded Objects now: 6684.
Memory consumption went from 203.1 MB to 202.8 MB.
Total: 3.668300 ms (FindLiveObjects: 0.470100 ms CreateObjectMapping: 0.527100 ms MarkObjects: 2.581000 ms  DeleteObjects: 0.089600 ms)

Prepare: number of updated asset objects reloaded= 0
AssetImportParameters requested are different than current active one (requested -> active):
  custom:container-demuxer-ogg: 62fdf1f143b41e24485cea50d1cbac27 -> 
  custom:video-decoder-ogg-theora: a1e56fd34408186e4bbccfd4996cb3dc -> 
  custom:framework-win-MediaFoundation: 216162199b28c13a410421893ffa2e32 -> 
  custom:CustomObjectIndexerAttribute: 72b91833f83ae208fae7752999fa3104 -> 
  custom:container-demuxer-webm: 4f35f7cbe854078d1ac9338744f61a02 -> 
  custom:container-muxer-webm: aa71ff27fc2769a1b78a27578f13a17b -> 
  custom:video-decoder-webm-vp8: 9c59270c3fd7afecdb556c50c9e8de78 -> 
  custom:SearchIndexIgnoredProperties: e643bd26f0fe6173181afceb89e7c659 -> 
  custom:AudioImporter_EditorPlatform: d09bf68614088b80899f8185d706f6e7 -> 
  custom:video-encoder-webm-vp8: eb34c28f22e8b96e1ab97ce403110664 -> 
  custom:audio-decoder-ogg-vorbis: bf7c407c2cedff20999df2af8eb42d56 -> 
  custom:audio-encoder-webm-vorbis: bf7c407c2cedff20999df2af8eb42d56 -> 
========================================================================
Received Import Request.
  Time since last request: 109.298925 seconds.
  path: Assets/Textures/TileMap/Captura de pantalla 2026-04-15 194756.jpg
  artifactKey: Guid(3ab82bae521079745a82e2f49a56e261) Importer(815301076,1909f56bfc062723c751e8b465ee728b)
Start importing Assets/Textures/TileMap/Captura de pantalla 2026-04-15 194756.jpg using Guid(3ab82bae521079745a82e2f49a56e261) Importer(815301076,1909f56bfc062723c751e8b465ee728b) [PhysX] Initialized MultithreadedTaskDispatcher with 16 workers.
[PhysX] Initialized MultithreadedTaskDispatcher with 16 workers.
 -> (artifact id: '97a91a67cdbeb91f81d71f3bf63fe0ba') in 0.209372 seconds
Number of updated asset objects reloaded before import = 0
Number of asset objects unloaded after import = 44
========================================================================
Received Import Request.
  Time since last request: 0.000018 seconds.
  path: Assets/Textures/TileMap/Captura de pantalla 2026-04-15 194756_24.asset
  artifactKey: Guid(d503853edbeae924296768b60ec58bad) Importer(815301076,1909f56bfc062723c751e8b465ee728b)
Start importing Assets/Textures/TileMap/Captura de pantalla 2026-04-15 194756_24.asset using Guid(d503853edbeae924296768b60ec58bad) Importer(815301076,1909f56bfc062723c751e8b465ee728b) [PhysX] Initialized MultithreadedTaskDispatcher with 16 workers.
 -> (artifact id: 'e91c39c6869d85b5063b0bfabf777e32') in 0.013804 seconds
Number of updated asset objects reloaded before import = 0
Number of asset objects unloaded after import = 3
========================================================================
Received Import Request.
  Time since last request: 0.000023 seconds.
  path: Assets/Textures/TileMap/Captura de pantalla 2026-04-15 194756_21.asset
  artifactKey: Guid(496ff75bf7ba30443b4aa027c798cbfc) Importer(815301076,1909f56bfc062723c751e8b465ee728b)
Start importing Assets/Textures/TileMap/Captura de pantalla 2026-04-15 194756_21.asset using Guid(496ff75bf7ba30443b4aa027c798cbfc) Importer(815301076,1909f56bfc062723c751e8b465ee728b) [PhysX] Initialized MultithreadedTaskDispatcher with 16 workers.
 -> (artifact id: '3565f2fdeeff89f535abf913156c892b') in 0.011721 seconds
Number of updated asset objects reloaded before import = 0
Number of asset objects unloaded after import = 3
========================================================================
Received Import Request.
  Time since last request: 0.000015 seconds.
  path: Assets/Textures/TileMap/Captura de pantalla 2026-04-15 194756_25.asset
  artifactKey: Guid(9bfa8bd2506deed4387855ffe6a8d72e) Importer(815301076,1909f56bfc062723c751e8b465ee728b)
Start importing Assets/Textures/TileMap/Captura de pantalla 2026-04-15 194756_25.asset using Guid(9bfa8bd2506deed4387855ffe6a8d72e) Importer(815301076,1909f56bfc062723c751e8b465ee728b) [PhysX] Initialized MultithreadedTaskDispatcher with 16 workers.
 -> (artifact id: '556f15bf64ab467ff57f443b3a70cd51') in 0.012333 seconds
Number of updated asset objects reloaded before import = 0
Number of asset objects unloaded after import = 3
========================================================================
Received Import Request.
  Time since last request: 0.000015 seconds.
  path: Assets/Textures/TileMap/Captura de pantalla 2026-04-15 194756_32.asset
  artifactKey: Guid(800356bdf0c43d24a985160f1a62aef2) Importer(815301076,1909f56bfc062723c751e8b465ee728b)
Start importing Assets/Textures/TileMap/Captura de pantalla 2026-04-15 194756_32.asset using Guid(800356bdf0c43d24a985160f1a62aef2) Importer(815301076,1909f56bfc062723c751e8b465ee728b) [PhysX] Initialized MultithreadedTaskDispatcher with 16 workers.
 -> (artifact id: 'e057532e5c470f8cd665f68d00f61b5c') in 0.013692 seconds
Number of updated asset objects reloaded before import = 0
Number of asset objects unloaded after import = 3
========================================================================
Received Import Request.
  Time since last request: 0.000017 seconds.
  path: Assets/Textures/TileMap/Captura de pantalla 2026-04-15 194756_23.asset
  artifactKey: Guid(a305a2623bf17ed4e807c64698fc001c) Importer(815301076,1909f56bfc062723c751e8b465ee728b)
Start importing Assets/Textures/TileMap/Captura de pantalla 2026-04-15 194756_23.asset using Guid(a305a2623bf17ed4e807c64698fc001c) Importer(815301076,1909f56bfc062723c751e8b465ee728b) [PhysX] Initialized MultithreadedTaskDispatcher with 16 workers.
 -> (artifact id: 'e9c607e0d39e65ab75ae5b28d4ac291f') in 0.014248 seconds
Number of updated asset objects reloaded before import = 0
Number of asset objects unloaded after import = 3
========================================================================
Received Import Request.
  Time since last request: 0.000018 seconds.
  path: Assets/Textures/TileMap/Captura de pantalla 2026-04-15 194756_34.asset
  artifactKey: Guid(c37dcae13bedf2e41a2b4ebac963d0a0) Importer(815301076,1909f56bfc062723c751e8b465ee728b)
Start importing Assets/Textures/TileMap/Captura de pantalla 2026-04-15 194756_34.asset using Guid(c37dcae13bedf2e41a2b4ebac963d0a0) Importer(815301076,1909f56bfc062723c751e8b465ee728b) [PhysX] Initialized MultithreadedTaskDispatcher with 16 workers.
 -> (artifact id: '1845799bed939f6eff989f590ae95249') in 0.014190 seconds
Number of updated asset objects reloaded before import = 0
Number of asset objects unloaded after import = 3
========================================================================
Received Import Request.
  Time since last request: 0.000018 seconds.
  path: Assets/Textures/TileMap/Captura de pantalla 2026-04-15 194756_12.asset
  artifactKey: Guid(761f8ae3f9a4c3247aceb52105d8d384) Importer(815301076,1909f56bfc062723c751e8b465ee728b)
Start importing Assets/Textures/TileMap/Captura de pantalla 2026-04-15 194756_12.asset using Guid(761f8ae3f9a4c3247aceb52105d8d384) Importer(815301076,1909f56bfc062723c751e8b465ee728b) [PhysX] Initialized MultithreadedTaskDispatcher with 16 workers.
 -> (artifact id: '9a414e6d078b2c93f285896af053c25e') in 0.013235 seconds
Number of updated asset objects reloaded before import = 0
Number of asset objects unloaded after import = 3
========================================================================
Received Import Request.
  Time since last request: 0.000018 seconds.
  path: Assets/Textures/TileMap/Captura de pantalla 2026-04-15 194756_16.asset
  artifactKey: Guid(1fd6551e1457c204ba9ff0d111327fd7) Importer(815301076,1909f56bfc062723c751e8b465ee728b)
Start importing Assets/Textures/TileMap/Captura de pantalla 2026-04-15 194756_16.asset using Guid(1fd6551e1457c204ba9ff0d111327fd7) Importer(815301076,1909f56bfc062723c751e8b465ee728b) [PhysX] Initialized MultithreadedTaskDispatcher with 16 workers.
 -> (artifact id: '0a0134d63652e0fe36ea9d834f5675b5') in 0.014851 seconds
Number of updated asset objects reloaded before import = 0
Number of asset objects unloaded after import = 3
========================================================================
Received Import Request.
  Time since last request: 0.000016 seconds.
  path: Assets/Textures/TileMap/Captura de pantalla 2026-04-15 194756_38.asset
  artifactKey: Guid(128d56eead67e864d90d4042d5385aad) Importer(815301076,1909f56bfc062723c751e8b465ee728b)
Start importing Assets/Textures/TileMap/Captura de pantalla 2026-04-15 194756_38.asset using Guid(128d56eead67e864d90d4042d5385aad) Importer(815301076,1909f56bfc062723c751e8b465ee728b) [PhysX] Initialized MultithreadedTaskDispatcher with 16 workers.
 -> (artifact id: '18b9fdd0eb9b7b20cbdd65e1df64225c') in 0.013215 seconds
Number of updated asset objects reloaded before import = 0
Number of asset objects unloaded after import = 3
========================================================================
Received Import Request.
  Time since last request: 0.000016 seconds.
  path: Assets/Textures/TileMap/Captura de pantalla 2026-04-15 194756_5.asset
  artifactKey: Guid(d1737aa8b703170498178d814e8ab4cb) Importer(815301076,1909f56bfc062723c751e8b465ee728b)
Start importing Assets/Textures/TileMap/Captura de pantalla 2026-04-15 194756_5.asset using Guid(d1737aa8b703170498178d814e8ab4cb) Importer(815301076,1909f56bfc062723c751e8b465ee728b) [PhysX] Initialized MultithreadedTaskDispatcher with 16 workers.
 -> (artifact id: '56f60f4e3105503a321394b202d46809') in 0.012948 seconds
Number of updated asset objects reloaded before import = 0
Number of asset objects unloaded after import = 3
========================================================================
Received Import Request.
  Time since last request: 0.000019 seconds.
  path: Assets/Textures/TileMap/Captura de pantalla 2026-04-15 194756_31.asset
  artifactKey: Guid(0f191e591f5295445adaed40b5f616da) Importer(815301076,1909f56bfc062723c751e8b465ee728b)
Start importing Assets/Textures/TileMap/Captura de pantalla 2026-04-15 194756_31.asset using Guid(0f191e591f5295445adaed40b5f616da) Importer(815301076,1909f56bfc062723c751e8b465ee728b) [PhysX] Initialized MultithreadedTaskDispatcher with 16 workers.
 -> (artifact id: 'e1de60c453978204e1e0db1363e35ae8') in 0.013298 seconds
Number of updated asset objects reloaded before import = 0
Number of asset objects unloaded after import = 3
========================================================================
Received Import Request.
  Time since last request: 0.000021 seconds.
  path: Assets/Textures/TileMap/Captura de pantalla 2026-04-15 194756_3.asset
  artifactKey: Guid(2cf098a9993098b41aec1e8795f9f255) Importer(815301076,1909f56bfc062723c751e8b465ee728b)
Start importing Assets/Textures/TileMap/Captura de pantalla 2026-04-15 194756_3.asset using Guid(2cf098a9993098b41aec1e8795f9f255) Importer(815301076,1909f56bfc062723c751e8b465ee728b) [PhysX] Initialized MultithreadedTaskDispatcher with 16 workers.
 -> (artifact id: 'cd12e464729d7bc33415fa005ca8c6ae') in 0.012590 seconds
Number of updated asset objects reloaded before import = 0
Number of asset objects unloaded after import = 3
========================================================================
Received Import Request.
  Time since last request: 0.000027 seconds.
  path: Assets/Textures/TileMap/Captura de pantalla 2026-04-15 194756_2.asset
  artifactKey: Guid(684b07c42763ed148a57198605f70f02) Importer(815301076,1909f56bfc062723c751e8b465ee728b)
Start importing Assets/Textures/TileMap/Captura de pantalla 2026-04-15 194756_2.asset using Guid(684b07c42763ed148a57198605f70f02) Importer(815301076,1909f56bfc062723c751e8b465ee728b) [PhysX] Initialized MultithreadedTaskDispatcher with 16 workers.
 -> (artifact id: '139676fad1592a6788aad91c14ad15b3') in 0.013346 seconds
Number of updated asset objects reloaded before import = 0
Number of asset objects unloaded after import = 3
========================================================================
Received Import Request.
  Time since last request: 0.000016 seconds.
  path: Assets/Textures/TileMap/Captura de pantalla 2026-04-15 194756_33.asset
  artifactKey: Guid(6a7dcd1cff5c37c49b7b01ea6ba7955e) Importer(815301076,1909f56bfc062723c751e8b465ee728b)
Start importing Assets/Textures/TileMap/Captura de pantalla 2026-04-15 194756_33.asset using Guid(6a7dcd1cff5c37c49b7b01ea6ba7955e) Importer(815301076,1909f56bfc062723c751e8b465ee728b) [PhysX] Initialized MultithreadedTaskDispatcher with 16 workers.
 -> (artifact id: '71ee28ca2b339d85a03c201127aef488') in 0.013934 seconds
Number of updated asset objects reloaded before import = 0
Number of asset objects unloaded after import = 3
========================================================================
Received Import Request.
  Time since last request: 0.000016 seconds.
  path: Assets/Textures/TileMap/Captura de pantalla 2026-04-15 194756_6.asset
  artifactKey: Guid(50a2786d9e115144a925ef7f1449aed8) Importer(815301076,1909f56bfc062723c751e8b465ee728b)
Start importing Assets/Textures/TileMap/Captura de pantalla 2026-04-15 194756_6.asset using Guid(50a2786d9e115144a925ef7f1449aed8) Importer(815301076,1909f56bfc062723c751e8b465ee728b) [PhysX] Initialized MultithreadedTaskDispatcher with 16 workers.
 -> (artifact id: '49fc845a858b6934a8661a0c35579045') in 0.013171 seconds
Number of updated asset objects reloaded before import = 0
Number of asset objects unloaded after import = 3
========================================================================
Received Import Request.
  Time since last request: 0.000017 seconds.
  path: Assets/Textures/TileMap/Captura de pantalla 2026-04-15 194756_7.asset
  artifactKey: Guid(f6c3070a6f1379b40b94c1924c2553f3) Importer(815301076,1909f56bfc062723c751e8b465ee728b)
Start importing Assets/Textures/TileMap/Captura de pantalla 2026-04-15 194756_7.asset using Guid(f6c3070a6f1379b40b94c1924c2553f3) Importer(815301076,1909f56bfc062723c751e8b465ee728b) [PhysX] Initialized MultithreadedTaskDispatcher with 16 workers.
 -> (artifact id: 'fa87c522c85924232f0c8caf08f4dbe8') in 0.014714 seconds
Number of updated asset objects reloaded before import = 0
Number of asset objects unloaded after import = 3
========================================================================
Received Import Request.
  Time since last request: 0.000016 seconds.
  path: Assets/Textures/TileMap/Captura de pantalla 2026-04-15 194756_8.asset
  artifactKey: Guid(5083e7e1bf9760c4385d61e0447ab906) Importer(815301076,1909f56bfc062723c751e8b465ee728b)
Start importing Assets/Textures/TileMap/Captura de pantalla 2026-04-15 194756_8.asset using Guid(5083e7e1bf9760c4385d61e0447ab906) Importer(815301076,1909f56bfc062723c751e8b465ee728b) [PhysX] Initialized MultithreadedTaskDispatcher with 16 workers.
 -> (artifact id: '82af0faa1ae92b7236d8a318524c5d81') in 0.011858 seconds
Number of updated asset objects reloaded before import = 0
Number of asset objects unloaded after import = 3
========================================================================
Received Import Request.
  Time since last request: 0.000016 seconds.
  path: Assets/Textures/TileMap/Captura de pantalla 2026-04-15 194756_20.asset
  artifactKey: Guid(73b37e6ba3703294db2575fa25a9c7c3) Importer(815301076,1909f56bfc062723c751e8b465ee728b)
Start importing Assets/Textures/TileMap/Captura de pantalla 2026-04-15 194756_20.asset using Guid(73b37e6ba3703294db2575fa25a9c7c3) Importer(815301076,1909f56bfc062723c751e8b465ee728b) [PhysX] Initialized MultithreadedTaskDispatcher with 16 workers.
 -> (artifact id: '23f19514bddc397d9c8ad70a6fb87507') in 0.013015 seconds
Number of updated asset objects reloaded before import = 0
Number of asset objects unloaded after import = 3
========================================================================
Received Import Request.
  Time since last request: 0.000017 seconds.
  path: Assets/Textures/TileMap/Captura de pantalla 2026-04-15 194756_11.asset
  artifactKey: Guid(8e40212f5f6b532489828826620ae60b) Importer(815301076,1909f56bfc062723c751e8b465ee728b)
Start importing Assets/Textures/TileMap/Captura de pantalla 2026-04-15 194756_11.asset using Guid(8e40212f5f6b532489828826620ae60b) Importer(815301076,1909f56bfc062723c751e8b465ee728b) [PhysX] Initialized MultithreadedTaskDispatcher with 16 workers.
 -> (artifact id: '0d8b30f4436fccc7b0f0a6f6f78754cd') in 0.014251 seconds
Number of updated asset objects reloaded before import = 0
Number of asset objects unloaded after import = 3
========================================================================
Received Import Request.
  Time since last request: 0.000016 seconds.
  path: Assets/Textures/TileMap/Captura de pantalla 2026-04-15 194756_28.asset
  artifactKey: Guid(49f1f9ac574e7a54f9d0c5c254a551d6) Importer(815301076,1909f56bfc062723c751e8b465ee728b)
Start importing Assets/Textures/TileMap/Captura de pantalla 2026-04-15 194756_28.asset using Guid(49f1f9ac574e7a54f9d0c5c254a551d6) Importer(815301076,1909f56bfc062723c751e8b465ee728b) [PhysX] Initialized MultithreadedTaskDispatcher with 16 workers.
 -> (artifact id: '274c5d5ea690735c3f08951972072ce1') in 0.014227 seconds
Number of updated asset objects reloaded before import = 0
Number of asset objects unloaded after import = 3
========================================================================
Received Import Request.
  Time since last request: 0.000015 seconds.
  path: Assets/Textures/TileMap/Captura de pantalla 2026-04-15 194756_17.asset
  artifactKey: Guid(c5110cf8afca5ec4db60209fc055aab0) Importer(815301076,1909f56bfc062723c751e8b465ee728b)
Start importing Assets/Textures/TileMap/Captura de pantalla 2026-04-15 194756_17.asset using Guid(c5110cf8afca5ec4db60209fc055aab0) Importer(815301076,1909f56bfc062723c751e8b465ee728b) [PhysX] Initialized MultithreadedTaskDispatcher with 16 workers.
 -> (artifact id: '1758a1003ac13e5460f35b03c75e2fd2') in 0.012494 seconds
Number of updated asset objects reloaded before import = 0
Number of asset objects unloaded after import = 3
========================================================================
Received Import Request.
  Time since last request: 0.000017 seconds.
  path: Assets/Textures/TileMap/Captura de pantalla 2026-04-15 194756_30.asset
  artifactKey: Guid(afb916e1bb7d5324882de7beb66b85c8) Importer(815301076,1909f56bfc062723c751e8b465ee728b)
Start importing Assets/Textures/TileMap/Captura de pantalla 2026-04-15 194756_30.asset using Guid(afb916e1bb7d5324882de7beb66b85c8) Importer(815301076,1909f56bfc062723c751e8b465ee728b) [PhysX] Initialized MultithreadedTaskDispatcher with 16 workers.
 -> (artifact id: '06159be6ff30cbe7e1442da15c831ae6') in 0.012560 seconds
Number of updated asset objects reloaded before import = 0
Number of asset objects unloaded after import = 3
Editor requested this worker to shutdown with reason: Scaling down because of idle timeout
TcpMessagingSession - receive error: operation aborted. errorcode: 995, details: La operación de E/S se anuló por una salida de subproceso o por una solicitud de aplicación.
AssetImportWorker is now disconnected from the server
Process exiting
Exiting without the bug reporter. Application will terminate with return code 0